<Event xmlns='http://schemas.microsoft.com/win/2004/08/events/event'><System><Provider Name='Microsoft-Windows-Sysmon' Guid='{5770385f-c22a-43e0-bf4c-06f5698ffbd9}'/><EventID>13</EventID><Version>2</Version><Level>4</Level><Task>13</Task><Opcode>0</Opcode><Keywords>0x8000000000000000</Keywords><TimeCreated SystemTime='2025-03-20T01:02:13.6368361Z'/><EventRecordID>53919</EventRecordID><Correlation/><Execution ProcessID='3120' ThreadID='3992'/><Channel>Microsoft-Windows-Sysmon/Operational</Channel><Computer>WindowsVMEdu</Computer><Security UserID='S-1-5-18'/></System><EventData><Data Name='RuleName'>InvDB-Path</Data><Data Name='EventType'>SetValue</Data><Data Name='UtcTime'>2025-03-20 01:02:13.622</Data><Data Name='ProcessGuid'>{5bf681f8-99f4-67da-3e00-000000001400}</Data><Data Name='ProcessId'>2916</Data><Data Name='Image'>C:\Windows\System32\svchost.exe</Data><Data Name='TargetObject'>\REGISTRY\A\{c9cdff66-7a74-7bc5-8781-3ef2b0fba706}\Root\InventoryApplicationFile\searchfilterhost|301073cdc3690992\LowerCaseLongPath</Data><Data Name='Details'>c:\windows\system32\searchfilterhost.exe</Data><Data Name='User'>NT AUTHORITY\SYSTEM</Data></EventData><RenderingInfo Culture='en-US'><Message>Registry value set:&#13;&#10;RuleName: InvDB-Path&#13;&#10;EventType: SetValue&#13;&#10;UtcTime: 2025-03-20 01:02:13.622&#13;&#10;ProcessGuid: {5bf681f8-99f4-67da-3e00-000000001400}&#13;&#10;ProcessId: 2916&#13;&#10;Image: C:\Windows\System32\svchost.exe&#13;&#10;TargetObject: \REGISTRY\A\{c9cdff66-7a74-7bc5-8781-3ef2b0fba706}\Root\InventoryApplicationFile\searchfilterhost|301073cdc3690992\LowerCaseLongPath&#13;&#10;Details: c:\windows\system32\searchfilterhost.exe&#13;&#10;User: NT AUTHORITY\SYSTEM</Message><Level>Information</Level><Task>Registry value set (rule: RegistryEvent)</Task><Opcode>Info</Opcode></RenderingInfo></Event><Event xmlns='http://schemas.microsoft.com/win/2004/08/events/event'><System><Provider Name='Microsoft-Windows-Sysmon' Guid='{5770385f-c22a-43e0-bf4c-06f5698ffbd9}'/><EventID>1</EventID><Version>5</Version><Level>4</Level><Task>1</Task><Opcode>0</Opcode><Keywords>0x8000000000000000</Keywords><TimeCreated SystemTime='2025-03-20T01:01:30.1609601Z'/><EventRecordID>53918</EventRecordID><Correlation/><Execution ProcessID='3120' ThreadID='3992'/><Channel>Microsoft-Windows-Sysmon/Operational</Channel><Computer>WindowsVMEdu</Computer><Security UserID='S-1-5-18'/></System><EventData><Data Name='RuleName'>-</Data><Data Name='UtcTime'>2025-03-20 01:01:30.155</Data><Data Name='ProcessGuid'>{5bf681f8-68ea-67db-c409-000000001400}</Data><Data Name='ProcessId'>9032</Data><Data Name='Image'>C:\Program Files (x86)\Microsoft\Edge\Application\msedge.exe</Data><Data Name='FileVersion'>134.0.3124.72</Data><Data Name='Description'>Microsoft Edge</Data><Data Name='Product'>Microsoft Edge</Data><Data Name='Company'>Microsoft Corporation</Data><Data Name='OriginalFileName'>msedge.exe</Data><Data Name='CommandLine'>"C:\Program Files (x86)\Microsoft\Edge\Application\msedge.exe" --type=utility --utility-sub-type=asset_store.mojom.AssetStoreService --lang=en-US --service-sandbox-type=asset_store_service --always-read-main-dll --field-trial-handle=3388,i,18180998090242998173,9972825165959528977,262144 --variations-seed-version --mojo-platform-channel-handle=4656 /prefetch:14</Data><Data Name='CurrentDirectory'>C:\Program Files (x86)\Microsoft\Edge\Application\134.0.3124.72\</Data><Data Name='User'>WINDOWSVMEDU\Admin</Data><Data Name='LogonGuid'>{5bf681f8-9abd-67da-7d48-1d0000000000}</Data><Data Name='LogonId'>0x1d487d</Data><Data Name='TerminalSessionId'>1</Data><Data Name='IntegrityLevel'>Low</Data><Data Name='Hashes'>MD5=57C9431D31F45C7BAD6D7B24156BE147,SHA256=4EBE7D3DA29564CD88A289893F63C0E156AA54416D5867661CD1071F37939561,IMPHASH=1489800E3D4E83B6EA868388D457DAF9</Data><Data Name='ParentProcessGuid'>{5bf681f8-67bd-67db-ac09-000000001400}</Data><Data Name='ParentProcessId'>8832</Data><Data Name='ParentImage'>C:\Program Files (x86)\Microsoft\Edge\Application\msedge.exe</Data><Data Name='ParentCommandLine'>"C:\Program Files (x86)\Microsoft\Edge\Application\msedge.exe" --no-startup-window</Data><Data Name='ParentUser'>WINDOWSVMEDU\Admin</Data></EventData><RenderingInfo Culture='en-US'><Message>Process Create:&#13;&#10;RuleName: -&#13;&#10;UtcTime: 2025-03-20 01:01:30.155&#13;&#10;ProcessGuid: {5bf681f8-68ea-67db-c409-000000001400}&#13;&#10;ProcessId: 9032&#13;&#10;Image: C:\Program Files (x86)\Microsoft\Edge\Application\msedge.exe&#13;&#10;FileVersion: 134.0.3124.72&#13;&#10;Description: Microsoft Edge&#13;&#10;Product: Microsoft Edge&#13;&#10;Company: Microsoft Corporation&#13;&#10;OriginalFileName: msedge.exe&#13;&#10;CommandLine: "C:\Program Files (x86)\Microsoft\Edge\Application\msedge.exe" --type=utility --utility-sub-type=asset_store.mojom.AssetStoreService --lang=en-US --service-sandbox-type=asset_store_service --always-read-main-dll --field-trial-handle=3388,i,18180998090242998173,9972825165959528977,262144 --variations-seed-version --mojo-platform-channel-handle=4656 /prefetch:14&#13;&#10;CurrentDirectory: C:\Program Files (x86)\Microsoft\Edge\Application\134.0.3124.72\&#13;&#10;User: WINDOWSVMEDU\Admin&#13;&#10;LogonGuid: {5bf681f8-9abd-67da-7d48-1d0000000000}&#13;&#10;LogonId: 0x1D487D&#13;&#10;TerminalSessionId: 1&#13;&#10;IntegrityLevel: Low&#13;&#10;Hashes: MD5=57C9431D31F45C7BAD6D7B24156BE147,SHA256=4EBE7D3DA29564CD88A289893F63C0E156AA54416D5867661CD1071F37939561,IMPHASH=1489800E3D4E83B6EA868388D457DAF9&#13;&#10;ParentProcessGuid: {5bf681f8-67bd-67db-ac09-000000001400}&#13;&#10;ParentProcessId: 8832&#13;&#10;ParentImage: C:\Program Files (x86)\Microsoft\Edge\Application\msedge.exe&#13;&#10;ParentCommandLine: "C:\Program Files (x86)\Microsoft\Edge\Application\msedge.exe" --no-startup-window&#13;&#10;ParentUser: WINDOWSVMEDU\Admin</Message><Level>Information</Level><Task>Process Create (rule: ProcessCreate)</Task><Opcode>Info</Opcode></RenderingInfo></Event><Event xmlns='http://schemas.microsoft.com/win/2004/08/events/event'><System><Provider Name='Microsoft-Windows-Sysmon' Guid='{5770385f-c22a-43e0-bf4c-06f5698ffbd9}'/><EventID>13</EventID><Version>2</Version><Level>4</Level><Task>13</Task><Opcode>0</Opcode><Keywords>0x8000000000000000</Keywords><TimeCreated SystemTime='2025-03-20T01:00:02.0754263Z'/><EventRecordID>53917</EventRecordID><Correlation/><Execution ProcessID='3120' ThreadID='3992'/><Channel>Microsoft-Windows-Sysmon/Operational</Channel><Computer>WindowsVMEdu</Computer><Security UserID='S-1-5-18'/></System><EventData><Data Name='RuleName'>InvDB-Ver</Data><Data Name='EventType'>SetValue</Data><Data Name='UtcTime'>2025-03-20 01:00:02.071</Data><Data Name='ProcessGuid'>{5bf681f8-99f4-67da-3e00-000000001400}</Data><Data Name='ProcessId'>2916</Data><Data Name='Image'>C:\Windows\System32\svchost.exe</Data><Data Name='TargetObject'>\REGISTRY\A\{1cb3d4df-6192-e996-b73b-7f574dcf7d9e}\Root\InventoryApplicationFile\wsqmcons.exe|dfcf1aefa7b90250\BinProductVersion</Data><Data Name='Details'>10.0.22621.1</Data><Data Name='User'>NT AUTHORITY\SYSTEM</Data></EventData><RenderingInfo Culture='en-US'><Message>Registry value set:&#13;&#10;RuleName: InvDB-Ver&#13;&#10;EventType: SetValue&#13;&#10;UtcTime: 2025-03-20 01:00:02.071&#13;&#10;ProcessGuid: {5bf681f8-99f4-67da-3e00-000000001400}&#13;&#10;ProcessId: 2916&#13;&#10;Image: C:\Windows\System32\svchost.exe&#13;&#10;TargetObject: \REGISTRY\A\{1cb3d4df-6192-e996-b73b-7f574dcf7d9e}\Root\InventoryApplicationFile\wsqmcons.exe|dfcf1aefa7b90250\BinProductVersion&#13;&#10;Details: 10.0.22621.1&#13;&#10;User: NT AUTHORITY\SYSTEM</Message><Level>Information</Level><Task>Registry value set (rule: RegistryEvent)</Task><Opcode>Info</Opcode></RenderingInfo></Event><Event xmlns='http://schemas.microsoft.com/win/2004/08/events/event'><System><Provider Name='Microsoft-Windows-Sysmon' Guid='{5770385f-c22a-43e0-bf4c-06f5698ffbd9}'/><EventID>13</EventID><Version>2</Version><Level>4</Level><Task>13</Task><Opcode>0</Opcode><Keywords>0x8000000000000000</Keywords><TimeCreated SystemTime='2025-03-20T01:00:02.0752222Z'/><EventRecordID>53916</EventRecordID><Correlation/><Execution ProcessID='3120' ThreadID='3992'/><Channel>Microsoft-Windows-Sysmon/Operational</Channel><Computer>WindowsVMEdu</Computer><Security UserID='S-1-5-18'/></System><EventData><Data Name='RuleName'>InvDB-CompileTimeClaim</Data><Data Name='EventType'>SetValue</Data><Data Name='UtcTime'>2025-03-20 01:00:02.071</Data><Data Name='ProcessGuid'>{5bf681f8-99f4-67da-3e00-000000001400}</Data><Data Name='ProcessId'>2916</Data><Data Name='Image'>C:\Windows\System32\svchost.exe</Data><Data Name='TargetObject'>\REGISTRY\A\{1cb3d4df-6192-e996-b73b-7f574dcf7d9e}\Root\InventoryApplicationFile\wsqmcons.exe|dfcf1aefa7b90250\LinkDate</Data><Data Name='Details'>09/19/2027 20:10:33</Data><Data Name='User'>NT AUTHORITY\SYSTEM</Data></EventData><RenderingInfo Culture='en-US'><Message>Registry value set:&#13;&#10;RuleName: InvDB-CompileTimeClaim&#13;&#10;EventType: SetValue&#13;&#10;UtcTime: 2025-03-20 01:00:02.071&#13;&#10;ProcessGuid: {5bf681f8-99f4-67da-3e00-000000001400}&#13;&#10;ProcessId: 2916&#13;&#10;Image: C:\Windows\System32\svchost.exe&#13;&#10;TargetObject: \REGISTRY\A\{1cb3d4df-6192-e996-b73b-7f574dcf7d9e}\Root\InventoryApplicationFile\wsqmcons.exe|dfcf1aefa7b90250\LinkDate&#13;&#10;Details: 09/19/2027 20:10:33&#13;&#10;User: NT AUTHORITY\SYSTEM</Message><Level>Information</Level><Task>Registry value set (rule: RegistryEvent)</Task><Opcode>Info</Opcode></RenderingInfo></Event><Event xmlns='http://schemas.microsoft.com/win/2004/08/events/event'><System><Provider Name='Microsoft-Windows-Sysmon' Guid='{5770385f-c22a-43e0-bf4c-06f5698ffbd9}'/><EventID>13</EventID><Version>2</Version><Level>4</Level><Task>13</Task><Opcode>0</Opcode><Keywords>0x8000000000000000</Keywords><TimeCreated SystemTime='2025-03-20T01:00:02.0740386Z'/><EventRecordID>53915</EventRecordID><Correlation/><Execution ProcessID='3120' ThreadID='3992'/><Channel>Microsoft-Windows-Sysmon/Operational</Channel><Computer>WindowsVMEdu</Computer><Security UserID='S-1-5-18'/></System><EventData><Data Name='RuleName'>InvDB-Pub</Data><Data Name='EventType'>SetValue</Data><Data Name='UtcTime'>2025-03-20 01:00:02.071</Data><Data Name='ProcessGuid'>{5bf681f8-99f4-67da-3e00-000000001400}</Data><Data Name='ProcessId'>2916</Data><Data Name='Image'>C:\Windows\System32\svchost.exe</Data><Data Name='TargetObject'>\REGISTRY\A\{1cb3d4df-6192-e996-b73b-7f574dcf7d9e}\Root\InventoryApplicationFile\wsqmcons.exe|dfcf1aefa7b90250\Publisher</Data><Data Name='Details'>microsoft corporation</Data><Data Name='User'>NT AUTHORITY\SYSTEM</Data></EventData><RenderingInfo Culture='en-US'><Message>Registry value set:&#13;&#10;RuleName: InvDB-Pub&#13;&#10;EventType: SetValue&#13;&#10;UtcTime: 2025-03-20 01:00:02.071&#13;&#10;ProcessGuid: {5bf681f8-99f4-67da-3e00-000000001400}&#13;&#10;ProcessId: 2916&#13;&#10;Image: C:\Windows\System32\svchost.exe&#13;&#10;TargetObject: \REGISTRY\A\{1cb3d4df-6192-e996-b73b-7f574dcf7d9e}\Root\InventoryApplicationFile\wsqmcons.exe|dfcf1aefa7b90250\Publisher&#13;&#10;Details: microsoft corporation&#13;&#10;User: NT AUTHORITY\SYSTEM</Message><Level>Information</Level><Task>Registry value set (rule: RegistryEvent)</Task><Opcode>Info</Opcode></RenderingInfo></Event><Event xmlns='http://schemas.microsoft.com/win/2004/08/events/event'><System><Provider Name='Microsoft-Windows-Sysmon' Guid='{5770385f-c22a-43e0-bf4c-06f5698ffbd9}'/><EventID>13</EventID><Version>2</Version><Level>4</Level><Task>13</Task><Opcode>0</Opcode><Keywords>0x8000000000000000</Keywords><TimeCreated SystemTime='2025-03-20T01:00:02.0734524Z'/><EventRecordID>53914</EventRecordID><Correlation/><Execution ProcessID='3120' ThreadID='3992'/><Channel>Microsoft-Windows-Sysmon/Operational</Channel><Computer>WindowsVMEdu</Computer><Security UserID='S-1-5-18'/></System><EventData><Data Name='RuleName'>InvDB-Path</Data><Data Name='EventType'>SetValue</Data><Data Name='UtcTime'>2025-03-20 01:00:02.071</Data><Data Name='ProcessGuid'>{5bf681f8-99f4-67da-3e00-000000001400}</Data><Data Name='ProcessId'>2916</Data><Data Name='Image'>C:\Windows\System32\svchost.exe</Data><Data Name='TargetObject'>\REGISTRY\A\{1cb3d4df-6192-e996-b73b-7f574dcf7d9e}\Root\InventoryApplicationFile\wsqmcons.exe|dfcf1aefa7b90250\LowerCaseLongPath</Data><Data Name='Details'>c:\windows\system32\wsqmcons.exe</Data><Data Name='User'>NT AUTHORITY\SYSTEM</Data></EventData><RenderingInfo Culture='en-US'><Message>Registry value set:&#13;&#10;RuleName: InvDB-Path&#13;&#10;EventType: SetValue&#13;&#10;UtcTime: 2025-03-20 01:00:02.071&#13;&#10;ProcessGuid: {5bf681f8-99f4-67da-3e00-000000001400}&#13;&#10;ProcessId: 2916&#13;&#10;Image: C:\Windows\System32\svchost.exe&#13;&#10;TargetObject: \REGISTRY\A\{1cb3d4df-6192-e996-b73b-7f574dcf7d9e}\Root\InventoryApplicationFile\wsqmcons.exe|dfcf1aefa7b90250\LowerCaseLongPath&#13;&#10;Details: c:\windows\system32\wsqmcons.exe&#13;&#10;User: NT AUTHORITY\SYSTEM</Message><Level>Information</Level><Task>Registry value set (rule: RegistryEvent)</Task><Opcode>Info</Opcode></RenderingInfo></Event><Event xmlns='http://schemas.microsoft.com/win/2004/08/events/event'><System><Provider Name='Microsoft-Windows-Sysmon' Guid='{5770385f-c22a-43e0-bf4c-06f5698ffbd9}'/><EventID>1</EventID><Version>5</Version><Level>4</Level><Task>1</Task><Opcode>0</Opcode><Keywords>0x8000000000000000</Keywords><TimeCreated SystemTime='2025-03-20T01:00:01.3859892Z'/><EventRecordID>53913</EventRecordID><Correlation/><Execution ProcessID='3120' ThreadID='3992'/><Channel>Microsoft-Windows-Sysmon/Operational</Channel><Computer>WindowsVMEdu</Computer><Security UserID='S-1-5-18'/></System><EventData><Data Name='RuleName'>-</Data><Data Name='UtcTime'>2025-03-20 01:00:01.376</Data><Data Name='ProcessGuid'>{5bf681f8-6891-67db-c109-000000001400}</Data><Data Name='ProcessId'>9460</Data><Data Name='Image'>C:\Windows\System32\wsqmcons.exe</Data><Data Name='FileVersion'>10.0.22621.1 (WinBuild.160101.0800)</Data><Data Name='Description'>Windows SQM Consolidator</Data><Data Name='Product'>Microsoft® Windows® Operating System</Data><Data Name='Company'>Microsoft Corporation</Data><Data Name='OriginalFileName'>wsqmcons.exe</Data><Data Name='CommandLine'>"C:\Windows\System32\wsqmcons.exe"</Data><Data Name='CurrentDirectory'>C:\Windows\system32\</Data><Data Name='User'>NT AUTHORITY\SYSTEM</Data><Data Name='LogonGuid'>{5bf681f8-99f2-67da-e703-000000000000}</Data><Data Name='LogonId'>0x3e7</Data><Data Name='TerminalSessionId'>0</Data><Data Name='IntegrityLevel'>System</Data><Data Name='Hashes'>MD5=28CCB014EB9E224C7CE76CEB3EB55981,SHA256=A4991AE96F5AD6F9B45DB8E1EB9AAEFE3C247A75326024A8E24BAE70E02103E8,IMPHASH=CF044A6A8EBBA03FD7A29679767E5281</Data><Data Name='ParentProcessGuid'>{5bf681f8-99f3-67da-2600-000000001400}</Data><Data Name='ParentProcessId'>1868</Data><Data Name='ParentImage'>C:\Windows\System32\svchost.exe</Data><Data Name='ParentCommandLine'>C:\Windows\system32\svchost.exe -k netsvcs -p -s Schedule</Data><Data Name='ParentUser'>NT AUTHORITY\SYSTEM</Data></EventData><RenderingInfo Culture='en-US'><Message>Process Create:&#13;&#10;RuleName: -&#13;&#10;UtcTime: 2025-03-20 01:00:01.376&#13;&#10;ProcessGuid: {5bf681f8-6891-67db-c109-000000001400}&#13;&#10;ProcessId: 9460&#13;&#10;Image: C:\Windows\System32\wsqmcons.exe&#13;&#10;FileVersion: 10.0.22621.1 (WinBuild.160101.0800)&#13;&#10;Description: Windows SQM Consolidator&#13;&#10;Product: Microsoft® Windows® Operating System&#13;&#10;Company: Microsoft Corporation&#13;&#10;OriginalFileName: wsqmcons.exe&#13;&#10;CommandLine: "C:\Windows\System32\wsqmcons.exe"&#13;&#10;CurrentDirectory: C:\Windows\system32\&#13;&#10;User: NT AUTHORITY\SYSTEM&#13;&#10;LogonGuid: {5bf681f8-99f2-67da-e703-000000000000}&#13;&#10;LogonId: 0x3E7&#13;&#10;TerminalSessionId: 0&#13;&#10;IntegrityLevel: System&#13;&#10;Hashes: MD5=28CCB014EB9E224C7CE76CEB3EB55981,SHA256=A4991AE96F5AD6F9B45DB8E1EB9AAEFE3C247A75326024A8E24BAE70E02103E8,IMPHASH=CF044A6A8EBBA03FD7A29679767E5281&#13;&#10;ParentProcessGuid: {5bf681f8-99f3-67da-2600-000000001400}&#13;&#10;ParentProcessId: 1868&#13;&#10;ParentImage: C:\Windows\System32\svchost.exe&#13;&#10;ParentCommandLine: C:\Windows\system32\svchost.exe -k netsvcs -p -s Schedule&#13;&#10;ParentUser: NT AUTHORITY\SYSTEM</Message><Level>Information</Level><Task>Process Create (rule: ProcessCreate)</Task><Opcode>Info</Opcode></RenderingInfo></Event><Event xmlns='http://schemas.microsoft.com/win/2004/08/events/event'><System><Provider Name='Microsoft-Windows-Sysmon' Guid='{5770385f-c22a-43e0-bf4c-06f5698ffbd9}'/><EventID>1</EventID><Version>5</Version><Level>4</Level><Task>1</Task><Opcode>0</Opcode><Keywords>0x8000000000000000</Keywords><TimeCreated SystemTime='2025-03-20T00:59:30.1611958Z'/><EventRecordID>53912</EventRecordID><Correlation/><Execution ProcessID='3120' ThreadID='3992'/><Channel>Microsoft-Windows-Sysmon/Operational</Channel><Computer>WindowsVMEdu</Computer><Security UserID='S-1-5-18'/></System><EventData><Data Name='RuleName'>-</Data><Data Name='UtcTime'>2025-03-20 00:59:30.153</Data><Data Name='ProcessGuid'>{5bf681f8-6872-67db-c009-000000001400}</Data><Data Name='ProcessId'>1352</Data><Data Name='Image'>C:\Program Files (x86)\Microsoft\Edge\Application\msedge.exe</Data><Data Name='FileVersion'>134.0.3124.72</Data><Data Name='Description'>Microsoft Edge</Data><Data Name='Product'>Microsoft Edge</Data><Data Name='Company'>Microsoft Corporation</Data><Data Name='OriginalFileName'>msedge.exe</Data><Data Name='CommandLine'>"C:\Program Files (x86)\Microsoft\Edge\Application\msedge.exe" --type=utility --utility-sub-type=asset_store.mojom.AssetStoreService --lang=en-US --service-sandbox-type=asset_store_service --always-read-main-dll --field-trial-handle=3388,i,18180998090242998173,9972825165959528977,262144 --variations-seed-version --mojo-platform-channel-handle=4656 /prefetch:14</Data><Data Name='CurrentDirectory'>C:\Program Files (x86)\Microsoft\Edge\Application\134.0.3124.72\</Data><Data Name='User'>WINDOWSVMEDU\Admin</Data><Data Name='LogonGuid'>{5bf681f8-9abd-67da-7d48-1d0000000000}</Data><Data Name='LogonId'>0x1d487d</Data><Data Name='TerminalSessionId'>1</Data><Data Name='IntegrityLevel'>Low</Data><Data Name='Hashes'>MD5=57C9431D31F45C7BAD6D7B24156BE147,SHA256=4EBE7D3DA29564CD88A289893F63C0E156AA54416D5867661CD1071F37939561,IMPHASH=1489800E3D4E83B6EA868388D457DAF9</Data><Data Name='ParentProcessGuid'>{5bf681f8-67bd-67db-ac09-000000001400}</Data><Data Name='ParentProcessId'>8832</Data><Data Name='ParentImage'>C:\Program Files (x86)\Microsoft\Edge\Application\msedge.exe</Data><Data Name='ParentCommandLine'>"C:\Program Files (x86)\Microsoft\Edge\Application\msedge.exe" --no-startup-window</Data><Data Name='ParentUser'>WINDOWSVMEDU\Admin</Data></EventData><RenderingInfo Culture='en-US'><Message>Process Create:&#13;&#10;RuleName: -&#13;&#10;UtcTime: 2025-03-20 00:59:30.153&#13;&#10;ProcessGuid: {5bf681f8-6872-67db-c009-000000001400}&#13;&#10;ProcessId: 1352&#13;&#10;Image: C:\Program Files (x86)\Microsoft\Edge\Application\msedge.exe&#13;&#10;FileVersion: 134.0.3124.72&#13;&#10;Description: Microsoft Edge&#13;&#10;Product: Microsoft Edge&#13;&#10;Company: Microsoft Corporation&#13;&#10;OriginalFileName: msedge.exe&#13;&#10;CommandLine: "C:\Program Files (x86)\Microsoft\Edge\Application\msedge.exe" --type=utility --utility-sub-type=asset_store.mojom.AssetStoreService --lang=en-US --service-sandbox-type=asset_store_service --always-read-main-dll --field-trial-handle=3388,i,18180998090242998173,9972825165959528977,262144 --variations-seed-version --mojo-platform-channel-handle=4656 /prefetch:14&#13;&#10;CurrentDirectory: C:\Program Files (x86)\Microsoft\Edge\Application\134.0.3124.72\&#13;&#10;User: WINDOWSVMEDU\Admin&#13;&#10;LogonGuid: {5bf681f8-9abd-67da-7d48-1d0000000000}&#13;&#10;LogonId: 0x1D487D&#13;&#10;TerminalSessionId: 1&#13;&#10;IntegrityLevel: Low&#13;&#10;Hashes: MD5=57C9431D31F45C7BAD6D7B24156BE147,SHA256=4EBE7D3DA29564CD88A289893F63C0E156AA54416D5867661CD1071F37939561,IMPHASH=1489800E3D4E83B6EA868388D457DAF9&#13;&#10;ParentProcessGuid: {5bf681f8-67bd-67db-ac09-000000001400}&#13;&#10;ParentProcessId: 8832&#13;&#10;ParentImage: C:\Program Files (x86)\Microsoft\Edge\Application\msedge.exe&#13;&#10;ParentCommandLine: "C:\Program Files (x86)\Microsoft\Edge\Application\msedge.exe" --no-startup-window&#13;&#10;ParentUser: WINDOWSVMEDU\Admin</Message><Level>Information</Level><Task>Process Create (rule: ProcessCreate)</Task><Opcode>Info</Opcode></RenderingInfo></Event><Event xmlns='http://schemas.microsoft.com/win/2004/08/events/event'><System><Provider Name='Microsoft-Windows-Sysmon' Guid='{5770385f-c22a-43e0-bf4c-06f5698ffbd9}'/><EventID>1</EventID><Version>5</Version><Level>4</Level><Task>1</Task><Opcode>0</Opcode><Keywords>0x8000000000000000</Keywords><TimeCreated SystemTime='2025-03-20T00:58:30.0290925Z'/><EventRecordID>53911</EventRecordID><Correlation/><Execution ProcessID='3120' ThreadID='3992'/><Channel>Microsoft-Windows-Sysmon/Operational</Channel><Computer>WindowsVMEdu</Computer><Security UserID='S-1-5-18'/></System><EventData><Data Name='RuleName'>-</Data><Data Name='UtcTime'>2025-03-20 00:58:30.019</Data><Data Name='ProcessGuid'>{5bf681f8-6836-67db-bf09-000000001400}</Data><Data Name='ProcessId'>9400</Data><Data Name='Image'>C:\Program Files (x86)\Microsoft\Edge\Application\msedge.exe</Data><Data Name='FileVersion'>134.0.3124.72</Data><Data Name='Description'>Microsoft Edge</Data><Data Name='Product'>Microsoft Edge</Data><Data Name='Company'>Microsoft Corporation</Data><Data Name='OriginalFileName'>msedge.exe</Data><Data Name='CommandLine'>"C:\Program Files (x86)\Microsoft\Edge\Application\msedge.exe" --type=gpu-process --disable-gpu-sandbox --use-gl=disabled --gpu-vendor-id=5140 --gpu-device-id=140 --gpu-sub-system-id=0 --gpu-revision=0 --gpu-driver-version=10.0.22621.4974 --gpu-preferences=UAAAAAAAAADoAAAEAAAAAAAAAAAAAAAAAABgAAEAAAAAAAAAAAAAAAAAAABCAAAAAAAAAAAAAAAAAAAAAAAAABAAAAAAAAAAEAAAAAAAAAAIAAAAAAAAAAgAAAAAAAAA --always-read-main-dll --field-trial-handle=3388,i,18180998090242998173,9972825165959528977,262144 --variations-seed-version --mojo-platform-channel-handle=6080 /prefetch:10</Data><Data Name='CurrentDirectory'>C:\Program Files (x86)\Microsoft\Edge\Application\134.0.3124.72\</Data><Data Name='User'>WINDOWSVMEDU\Admin</Data><Data Name='LogonGuid'>{5bf681f8-9abd-67da-7d48-1d0000000000}</Data><Data Name='LogonId'>0x1d487d</Data><Data Name='TerminalSessionId'>1</Data><Data Name='IntegrityLevel'>Medium</Data><Data Name='Hashes'>MD5=57C9431D31F45C7BAD6D7B24156BE147,SHA256=4EBE7D3DA29564CD88A289893F63C0E156AA54416D5867661CD1071F37939561,IMPHASH=1489800E3D4E83B6EA868388D457DAF9</Data><Data Name='ParentProcessGuid'>{5bf681f8-67bd-67db-ac09-000000001400}</Data><Data Name='ParentProcessId'>8832</Data><Data Name='ParentImage'>C:\Program Files (x86)\Microsoft\Edge\Application\msedge.exe</Data><Data Name='ParentCommandLine'>"C:\Program Files (x86)\Microsoft\Edge\Application\msedge.exe" --no-startup-window</Data><Data Name='ParentUser'>WINDOWSVMEDU\Admin</Data></EventData><RenderingInfo Culture='en-US'><Message>Process Create:&#13;&#10;RuleName: -&#13;&#10;UtcTime: 2025-03-20 00:58:30.019&#13;&#10;ProcessGuid: {5bf681f8-6836-67db-bf09-000000001400}&#13;&#10;ProcessId: 9400&#13;&#10;Image: C:\Program Files (x86)\Microsoft\Edge\Application\msedge.exe&#13;&#10;FileVersion: 134.0.3124.72&#13;&#10;Description: Microsoft Edge&#13;&#10;Product: Microsoft Edge&#13;&#10;Company: Microsoft Corporation&#13;&#10;OriginalFileName: msedge.exe&#13;&#10;CommandLine: "C:\Program Files (x86)\Microsoft\Edge\Application\msedge.exe" --type=gpu-process --disable-gpu-sandbox --use-gl=disabled --gpu-vendor-id=5140 --gpu-device-id=140 --gpu-sub-system-id=0 --gpu-revision=0 --gpu-driver-version=10.0.22621.4974 --gpu-preferences=UAAAAAAAAADoAAAEAAAAAAAAAAAAAAAAAABgAAEAAAAAAAAAAAAAAAAAAABCAAAAAAAAAAAAAAAAAAAAAAAAABAAAAAAAAAAEAAAAAAAAAAIAAAAAAAAAAgAAAAAAAAA --always-read-main-dll --field-trial-handle=3388,i,18180998090242998173,9972825165959528977,262144 --variations-seed-version --mojo-platform-channel-handle=6080 /prefetch:10&#13;&#10;CurrentDirectory: C:\Program Files (x86)\Microsoft\Edge\Application\134.0.3124.72\&#13;&#10;User: WINDOWSVMEDU\Admin&#13;&#10;LogonGuid: {5bf681f8-9abd-67da-7d48-1d0000000000}&#13;&#10;LogonId: 0x1D487D&#13;&#10;TerminalSessionId: 1&#13;&#10;IntegrityLevel: Medium&#13;&#10;Hashes: MD5=57C9431D31F45C7BAD6D7B24156BE147,SHA256=4EBE7D3DA29564CD88A289893F63C0E156AA54416D5867661CD1071F37939561,IMPHASH=1489800E3D4E83B6EA868388D457DAF9&#13;&#10;ParentProcessGuid: {5bf681f8-67bd-67db-ac09-000000001400}&#13;&#10;ParentProcessId: 8832&#13;&#10;ParentImage: C:\Program Files (x86)\Microsoft\Edge\Application\msedge.exe&#13;&#10;ParentCommandLine: "C:\Program Files (x86)\Microsoft\Edge\Application\msedge.exe" --no-startup-window&#13;&#10;ParentUser: WINDOWSVMEDU\Admin</Message><Level>Information</Level><Task>Process Create (rule: ProcessCreate)</Task><Opcode>Info</Opcode></RenderingInfo></Event><Event xmlns='http://schemas.microsoft.com/win/2004/08/events/event'><System><Provider Name='Microsoft-Windows-Sysmon' Guid='{5770385f-c22a-43e0-bf4c-06f5698ffbd9}'/><EventID>22</EventID><Version>5</Version><Level>4</Level><Task>22</Task><Opcode>0</Opcode><Keywords>0x8000000000000000</Keywords><TimeCreated SystemTime='2025-03-20T00:57:51.3843971Z'/><EventRecordID>53910</EventRecordID><Correlation/><Execution ProcessID='3120' ThreadID='5308'/><Channel>Microsoft-Windows-Sysmon/Operational</Channel><Computer>WindowsVMEdu</Computer><Security UserID='S-1-5-18'/></System><EventData><Data Name='RuleName'>-</Data><Data Name='UtcTime'>2025-03-20 00:57:49.384</Data><Data Name='ProcessGuid'>{5bf681f8-67be-67db-af09-000000001400}</Data><Data Name='ProcessId'>5672</Data><Data Name='QueryName'>deff.nelreports.net</Data><Data Name='QueryStatus'>1460</Data><Data Name='QueryResults'>-</Data><Data Name='Image'>C:\Program Files (x86)\Microsoft\Edge\Application\msedge.exe</Data><Data Name='User'>WINDOWSVMEDU\Admin</Data></EventData><RenderingInfo Culture='en-US'><Message>Dns query:&#13;&#10;RuleName: -&#13;&#10;UtcTime: 2025-03-20 00:57:49.384&#13;&#10;ProcessGuid: {5bf681f8-67be-67db-af09-000000001400}&#13;&#10;ProcessId: 5672&#13;&#10;QueryName: deff.nelreports.net&#13;&#10;QueryStatus: 1460&#13;&#10;QueryResults: -&#13;&#10;Image: C:\Program Files (x86)\Microsoft\Edge\Application\msedge.exe&#13;&#10;User: WINDOWSVMEDU\Admin</Message><Level>Information</Level><Task>Dns query (rule: DnsQuery)</Task><Opcode>Info</Opcode></RenderingInfo></Event><Event xmlns='http://schemas.microsoft.com/win/2004/08/events/event'><System><Provider Name='Microsoft-Windows-Sysmon' Guid='{5770385f-c22a-43e0-bf4c-06f5698ffbd9}'/><EventID>1</EventID><Version>5</Version><Level>4</Level><Task>1</Task><Opcode>0</Opcode><Keywords>0x8000000000000000</Keywords><TimeCreated SystemTime='2025-03-20T00:57:39.9345185Z'/><EventRecordID>53909</EventRecordID><Correlation/><Execution ProcessID='3120' ThreadID='3992'/><Channel>Microsoft-Windows-Sysmon/Operational</Channel><Computer>WindowsVMEdu</Computer><Security UserID='S-1-5-18'/></System><EventData><Data Name='RuleName'>-</Data><Data Name='UtcTime'>2025-03-20 00:57:39.900</Data><Data Name='ProcessGuid'>{5bf681f8-6803-67db-bc09-000000001400}</Data><Data Name='ProcessId'>2636</Data><Data Name='Image'>C:\Program Files\WindowsApps\Microsoft.WindowsNotepad_11.2412.16.0_x64__8wekyb3d8bbwe\Notepad\Notepad.exe</Data><Data Name='FileVersion'>-</Data><Data Name='Description'>-</Data><Data Name='Product'>-</Data><Data Name='Company'>-</Data><Data Name='OriginalFileName'>-</Data><Data Name='CommandLine'>"C:\Program Files\WindowsApps\Microsoft.WindowsNotepad_11.2412.16.0_x64__8wekyb3d8bbwe\Notepad\Notepad.exe" "C:\Users\Admin\Desktop\flag.txt"</Data><Data Name='CurrentDirectory'>C:\Users\Admin\</Data><Data Name='User'>WINDOWSVMEDU\Admin</Data><Data Name='LogonGuid'>{5bf681f8-9abd-67da-7d48-1d0000000000}</Data><Data Name='LogonId'>0x1d487d</Data><Data Name='TerminalSessionId'>1</Data><Data Name='IntegrityLevel'>Medium</Data><Data Name='Hashes'>MD5=4FA77CD607974614C1F25A6DFCFDC17E,SHA256=93BA28C012E77D6522DC65E0593FEECA5ECE8480ED629AB889056CA55FC002FD,IMPHASH=5AD5A353992DE2BF88C3D24E995C964D</Data><Data Name='ParentProcessGuid'>{5bf681f8-9abf-67da-2c01-000000001400}</Data><Data Name='ParentProcessId'>6076</Data><Data Name='ParentImage'>C:\Windows\explorer.exe</Data><Data Name='ParentCommandLine'>C:\Windows\Explorer.EXE</Data><Data Name='ParentUser'>WINDOWSVMEDU\Admin</Data></EventData><RenderingInfo Culture='en-US'><Message>Process Create:&#13;&#10;RuleName: -&#13;&#10;UtcTime: 2025-03-20 00:57:39.900&#13;&#10;ProcessGuid: {5bf681f8-6803-67db-bc09-000000001400}&#13;&#10;ProcessId: 2636&#13;&#10;Image: C:\Program Files\WindowsApps\Microsoft.WindowsNotepad_11.2412.16.0_x64__8wekyb3d8bbwe\Notepad\Notepad.exe&#13;&#10;FileVersion: -&#13;&#10;Description: -&#13;&#10;Product: -&#13;&#10;Company: -&#13;&#10;OriginalFileName: -&#13;&#10;CommandLine: "C:\Program Files\WindowsApps\Microsoft.WindowsNotepad_11.2412.16.0_x64__8wekyb3d8bbwe\Notepad\Notepad.exe" "C:\Users\Admin\Desktop\flag.txt"&#13;&#10;CurrentDirectory: C:\Users\Admin\&#13;&#10;User: WINDOWSVMEDU\Admin&#13;&#10;LogonGuid: {5bf681f8-9abd-67da-7d48-1d0000000000}&#13;&#10;LogonId: 0x1D487D&#13;&#10;TerminalSessionId: 1&#13;&#10;IntegrityLevel: Medium&#13;&#10;Hashes: MD5=4FA77CD607974614C1F25A6DFCFDC17E,SHA256=93BA28C012E77D6522DC65E0593FEECA5ECE8480ED629AB889056CA55FC002FD,IMPHASH=5AD5A353992DE2BF88C3D24E995C964D&#13;&#10;ParentProcessGuid: {5bf681f8-9abf-67da-2c01-000000001400}&#13;&#10;ParentProcessId: 6076&#13;&#10;ParentImage: C:\Windows\explorer.exe&#13;&#10;ParentCommandLine: C:\Windows\Explorer.EXE&#13;&#10;ParentUser: WINDOWSVMEDU\Admin</Message><Level>Information</Level><Task>Process Create (rule: ProcessCreate)</Task><Opcode>Info</Opcode></RenderingInfo></Event><Event xmlns='http://schemas.microsoft.com/win/2004/08/events/event'><System><Provider Name='Microsoft-Windows-Sysmon' Guid='{5770385f-c22a-43e0-bf4c-06f5698ffbd9}'/><EventID>22</EventID><Version>5</Version><Level>4</Level><Task>22</Task><Opcode>0</Opcode><Keywords>0x8000000000000000</Keywords><TimeCreated SystemTime='2025-03-20T00:57:35.2736044Z'/><EventRecordID>53908</EventRecordID><Correlation/><Execution ProcessID='3120' ThreadID='5308'/><Channel>Microsoft-Windows-Sysmon/Operational</Channel><Computer>WindowsVMEdu</Computer><Security UserID='S-1-5-18'/></System><EventData><Data Name='RuleName'>-</Data><Data Name='UtcTime'>2025-03-20 00:57:33.087</Data><Data Name='ProcessGuid'>{5bf681f8-67be-67db-af09-000000001400}</Data><Data Name='ProcessId'>5672</Data><Data Name='QueryName'>static.edge.microsoftapp.net</Data><Data Name='QueryStatus'>1460</Data><Data Name='QueryResults'>-</Data><Data Name='Image'>C:\Program Files (x86)\Microsoft\Edge\Application\msedge.exe</Data><Data Name='User'>WINDOWSVMEDU\Admin</Data></EventData><RenderingInfo Culture='en-US'><Message>Dns query:&#13;&#10;RuleName: -&#13;&#10;UtcTime: 2025-03-20 00:57:33.087&#13;&#10;ProcessGuid: {5bf681f8-67be-67db-af09-000000001400}&#13;&#10;ProcessId: 5672&#13;&#10;QueryName: static.edge.microsoftapp.net&#13;&#10;QueryStatus: 1460&#13;&#10;QueryResults: -&#13;&#10;Image: C:\Program Files (x86)\Microsoft\Edge\Application\msedge.exe&#13;&#10;User: WINDOWSVMEDU\Admin</Message><Level>Information</Level><Task>Dns query (rule: DnsQuery)</Task><Opcode>Info</Opcode></RenderingInfo></Event></Events>