<Event xmlns='http://schemas.microsoft.com/win/2004/08/events/event'><System><Provider Name='Microsoft-Windows-Sysmon' Guid='{5770385f-c22a-43e0-bf4c-06f5698ffbd9}'/><EventID>1</EventID><Version>5</Version><Level>4</Level><Task>1</Task><Opcode>0</Opcode><Keywords>0x8000000000000000</Keywords><TimeCreated SystemTime='2025-03-20T01:20:43.3825425Z'/><EventRecordID>53940</EventRecordID><Correlation/><Execution ProcessID='3120' ThreadID='3992'/><Channel>Microsoft-Windows-Sysmon/Operational</Channel><Computer>WindowsVMEdu</Computer><Security UserID='S-1-5-18'/></System><EventData><Data Name='RuleName'>-</Data><Data Name='UtcTime'>2025-03-20 01:20:43.362</Data><Data Name='ProcessGuid'>{5bf681f8-6d6b-67db-d709-000000001400}</Data><Data Name='ProcessId'>588</Data><Data Name='Image'>C:\Program Files (x86)\Microsoft\Edge\Application\msedge.exe</Data><Data Name='FileVersion'>134.0.3124.72</Data><Data Name='Description'>Microsoft Edge</Data><Data Name='Product'>Microsoft Edge</Data><Data Name='Company'>Microsoft Corporation</Data><Data Name='OriginalFileName'>msedge.exe</Data><Data Name='CommandLine'>"C:\Program Files (x86)\Microsoft\Edge\Application\msedge.exe" --profile-directory=Default</Data><Data Name='CurrentDirectory'>C:\Program Files (x86)\Microsoft\Edge\Application\</Data><Data Name='User'>WINDOWSVMEDU\Admin</Data><Data Name='LogonGuid'>{5bf681f8-9abd-67da-7d48-1d0000000000}</Data><Data Name='LogonId'>0x1d487d</Data><Data Name='TerminalSessionId'>1</Data><Data Name='IntegrityLevel'>Medium</Data><Data Name='Hashes'>MD5=57C9431D31F45C7BAD6D7B24156BE147,SHA256=4EBE7D3DA29564CD88A289893F63C0E156AA54416D5867661CD1071F37939561,IMPHASH=1489800E3D4E83B6EA868388D457DAF9</Data><Data Name='ParentProcessGuid'>{5bf681f8-9abf-67da-2c01-000000001400}</Data><Data Name='ParentProcessId'>6076</Data><Data Name='ParentImage'>C:\Windows\explorer.exe</Data><Data Name='ParentCommandLine'>C:\Windows\Explorer.EXE</Data><Data Name='ParentUser'>WINDOWSVMEDU\Admin</Data></EventData><RenderingInfo Culture='en-US'><Message>Process Create:&#13;&#10;RuleName: -&#13;&#10;UtcTime: 2025-03-20 01:20:43.362&#13;&#10;ProcessGuid: {5bf681f8-6d6b-67db-d709-000000001400}&#13;&#10;ProcessId: 588&#13;&#10;Image: C:\Program Files (x86)\Microsoft\Edge\Application\msedge.exe&#13;&#10;FileVersion: 134.0.3124.72&#13;&#10;Description: Microsoft Edge&#13;&#10;Product: Microsoft Edge&#13;&#10;Company: Microsoft Corporation&#13;&#10;OriginalFileName: msedge.exe&#13;&#10;CommandLine: "C:\Program Files (x86)\Microsoft\Edge\Application\msedge.exe" --profile-directory=Default&#13;&#10;CurrentDirectory: C:\Program Files (x86)\Microsoft\Edge\Application\&#13;&#10;User: WINDOWSVMEDU\Admin&#13;&#10;LogonGuid: {5bf681f8-9abd-67da-7d48-1d0000000000}&#13;&#10;LogonId: 0x1D487D&#13;&#10;TerminalSessionId: 1&#13;&#10;IntegrityLevel: Medium&#13;&#10;Hashes: MD5=57C9431D31F45C7BAD6D7B24156BE147,SHA256=4EBE7D3DA29564CD88A289893F63C0E156AA54416D5867661CD1071F37939561,IMPHASH=1489800E3D4E83B6EA868388D457DAF9&#13;&#10;ParentProcessGuid: {5bf681f8-9abf-67da-2c01-000000001400}&#13;&#10;ParentProcessId: 6076&#13;&#10;ParentImage: C:\Windows\explorer.exe&#13;&#10;ParentCommandLine: C:\Windows\Explorer.EXE&#13;&#10;ParentUser: WINDOWSVMEDU\Admin</Message><Level>Information</Level><Task>Process Create (rule: ProcessCreate)</Task><Opcode>Info</Opcode></RenderingInfo></Event><Event xmlns='http://schemas.microsoft.com/win/2004/08/events/event'><System><Provider Name='Microsoft-Windows-Sysmon' Guid='{5770385f-c22a-43e0-bf4c-06f5698ffbd9}'/><EventID>1</EventID><Version>5</Version><Level>4</Level><Task>1</Task><Opcode>0</Opcode><Keywords>0x8000000000000000</Keywords><TimeCreated SystemTime='2025-03-20T01:20:43.2308888Z'/><EventRecordID>53939</EventRecordID><Correlation/><Execution ProcessID='3120' ThreadID='3992'/><Channel>Microsoft-Windows-Sysmon/Operational</Channel><Computer>WindowsVMEdu</Computer><Security UserID='S-1-5-18'/></System><EventData><Data Name='RuleName'>-</Data><Data Name='UtcTime'>2025-03-20 01:20:43.226</Data><Data Name='ProcessGuid'>{5bf681f8-6d6b-67db-d609-000000001400}</Data><Data Name='ProcessId'>5040</Data><Data Name='Image'>C:\Windows\System32\smartscreen.exe</Data><Data Name='FileVersion'>10.0.22621.4830 (WinBuild.160101.0800)</Data><Data Name='Description'>Windows Defender SmartScreen</Data><Data Name='Product'>Microsoft® Windows® Operating System</Data><Data Name='Company'>Microsoft Corporation</Data><Data Name='OriginalFileName'>smartscreen.exe</Data><Data Name='CommandLine'>C:\Windows\System32\smartscreen.exe -Embedding</Data><Data Name='CurrentDirectory'>C:\Windows\system32\</Data><Data Name='User'>WINDOWSVMEDU\Admin</Data><Data Name='LogonGuid'>{5bf681f8-9abd-67da-7d48-1d0000000000}</Data><Data Name='LogonId'>0x1d487d</Data><Data Name='TerminalSessionId'>1</Data><Data Name='IntegrityLevel'>Medium</Data><Data Name='Hashes'>MD5=BEB94EB25E34A10BBCF19C4BD1504EE5,SHA256=B77D2117399E074E287A5FD2B57DEDEBF329B534B25E9FC6842229F7946257B5,IMPHASH=2CD979428F6A7D556A8BFFD60C64AD9B</Data><Data Name='ParentProcessGuid'>{5bf681f8-99f2-67da-0d00-000000001400}</Data><Data Name='ParentProcessId'>944</Data><Data Name='ParentImage'>C:\Windows\System32\svchost.exe</Data><Data Name='ParentCommandLine'>C:\Windows\system32\svchost.exe -k DcomLaunch -p</Data><Data Name='ParentUser'>NT AUTHORITY\SYSTEM</Data></EventData><RenderingInfo Culture='en-US'><Message>Process Create:&#13;&#10;RuleName: -&#13;&#10;UtcTime: 2025-03-20 01:20:43.226&#13;&#10;ProcessGuid: {5bf681f8-6d6b-67db-d609-000000001400}&#13;&#10;ProcessId: 5040&#13;&#10;Image: C:\Windows\System32\smartscreen.exe&#13;&#10;FileVersion: 10.0.22621.4830 (WinBuild.160101.0800)&#13;&#10;Description: Windows Defender SmartScreen&#13;&#10;Product: Microsoft® Windows® Operating System&#13;&#10;Company: Microsoft Corporation&#13;&#10;OriginalFileName: smartscreen.exe&#13;&#10;CommandLine: C:\Windows\System32\smartscreen.exe -Embedding&#13;&#10;CurrentDirectory: C:\Windows\system32\&#13;&#10;User: WINDOWSVMEDU\Admin&#13;&#10;LogonGuid: {5bf681f8-9abd-67da-7d48-1d0000000000}&#13;&#10;LogonId: 0x1D487D&#13;&#10;TerminalSessionId: 1&#13;&#10;IntegrityLevel: Medium&#13;&#10;Hashes: MD5=BEB94EB25E34A10BBCF19C4BD1504EE5,SHA256=B77D2117399E074E287A5FD2B57DEDEBF329B534B25E9FC6842229F7946257B5,IMPHASH=2CD979428F6A7D556A8BFFD60C64AD9B&#13;&#10;ParentProcessGuid: {5bf681f8-99f2-67da-0d00-000000001400}&#13;&#10;ParentProcessId: 944&#13;&#10;ParentImage: C:\Windows\System32\svchost.exe&#13;&#10;ParentCommandLine: C:\Windows\system32\svchost.exe -k DcomLaunch -p&#13;&#10;ParentUser: NT AUTHORITY\SYSTEM</Message><Level>Information</Level><Task>Process Create (rule: ProcessCreate)</Task><Opcode>Info</Opcode></RenderingInfo></Event><Event xmlns='http://schemas.microsoft.com/win/2004/08/events/event'><System><Provider Name='Microsoft-Windows-Sysmon' Guid='{5770385f-c22a-43e0-bf4c-06f5698ffbd9}'/><EventID>1</EventID><Version>5</Version><Level>4</Level><Task>1</Task><Opcode>0</Opcode><Keywords>0x8000000000000000</Keywords><TimeCreated SystemTime='2025-03-20T01:20:26.5976268Z'/><EventRecordID>53938</EventRecordID><Correlation/><Execution ProcessID='3120' ThreadID='3992'/><Channel>Microsoft-Windows-Sysmon/Operational</Channel><Computer>WindowsVMEdu</Computer><Security UserID='S-1-5-18'/></System><EventData><Data Name='RuleName'>-</Data><Data Name='UtcTime'>2025-03-20 01:20:26.586</Data><Data Name='ProcessGuid'>{5bf681f8-6d5a-67db-d109-000000001400}</Data><Data Name='ProcessId'>264</Data><Data Name='Image'>C:\Windows\System32\svchost.exe</Data><Data Name='FileVersion'>10.0.22621.1 (WinBuild.160101.0800)</Data><Data Name='Description'>Host Process for Windows Services</Data><Data Name='Product'>Microsoft® Windows® Operating System</Data><Data Name='Company'>Microsoft Corporation</Data><Data Name='OriginalFileName'>svchost.exe</Data><Data Name='CommandLine'>C:\Windows\System32\svchost.exe -k CameraMonitor</Data><Data Name='CurrentDirectory'>C:\Windows\system32\</Data><Data Name='User'>NT AUTHORITY\SYSTEM</Data><Data Name='LogonGuid'>{5bf681f8-99f2-67da-e703-000000000000}</Data><Data Name='LogonId'>0x3e7</Data><Data Name='TerminalSessionId'>0</Data><Data Name='IntegrityLevel'>System</Data><Data Name='Hashes'>MD5=8EC922C7A58A8701AB481B7BE9644536,SHA256=949BFB5B4C7D58D92F3F9C5F8EC7CA4CEAFFD10EC5F0020F0A987C472D61C54B,IMPHASH=76B4BAE80D2C3B08BB062D97BF9CA791</Data><Data Name='ParentProcessGuid'>{5bf681f8-99f1-67da-0b00-000000001400}</Data><Data Name='ParentProcessId'>800</Data><Data Name='ParentImage'>C:\Windows\System32\services.exe</Data><Data Name='ParentCommandLine'>C:\Windows\system32\services.exe</Data><Data Name='ParentUser'>NT AUTHORITY\SYSTEM</Data></EventData><RenderingInfo Culture='en-US'><Message>Process Create:&#13;&#10;RuleName: -&#13;&#10;UtcTime: 2025-03-20 01:20:26.586&#13;&#10;ProcessGuid: {5bf681f8-6d5a-67db-d109-000000001400}&#13;&#10;ProcessId: 264&#13;&#10;Image: C:\Windows\System32\svchost.exe&#13;&#10;FileVersion: 10.0.22621.1 (WinBuild.160101.0800)&#13;&#10;Description: Host Process for Windows Services&#13;&#10;Product: Microsoft® Windows® Operating System&#13;&#10;Company: Microsoft Corporation&#13;&#10;OriginalFileName: svchost.exe&#13;&#10;CommandLine: C:\Windows\System32\svchost.exe -k CameraMonitor&#13;&#10;CurrentDirectory: C:\Windows\system32\&#13;&#10;User: NT AUTHORITY\SYSTEM&#13;&#10;LogonGuid: {5bf681f8-99f2-67da-e703-000000000000}&#13;&#10;LogonId: 0x3E7&#13;&#10;TerminalSessionId: 0&#13;&#10;IntegrityLevel: System&#13;&#10;Hashes: MD5=8EC922C7A58A8701AB481B7BE9644536,SHA256=949BFB5B4C7D58D92F3F9C5F8EC7CA4CEAFFD10EC5F0020F0A987C472D61C54B,IMPHASH=76B4BAE80D2C3B08BB062D97BF9CA791&#13;&#10;ParentProcessGuid: {5bf681f8-99f1-67da-0b00-000000001400}&#13;&#10;ParentProcessId: 800&#13;&#10;ParentImage: C:\Windows\System32\services.exe&#13;&#10;ParentCommandLine: C:\Windows\system32\services.exe&#13;&#10;ParentUser: NT AUTHORITY\SYSTEM</Message><Level>Information</Level><Task>Process Create (rule: ProcessCreate)</Task><Opcode>Info</Opcode></RenderingInfo></Event><Event xmlns='http://schemas.microsoft.com/win/2004/08/events/event'><System><Provider Name='Microsoft-Windows-Sysmon' Guid='{5770385f-c22a-43e0-bf4c-06f5698ffbd9}'/><EventID>1</EventID><Version>5</Version><Level>4</Level><Task>1</Task><Opcode>0</Opcode><Keywords>0x8000000000000000</Keywords><TimeCreated SystemTime='2025-03-20T01:19:49.9758452Z'/><EventRecordID>53937</EventRecordID><Correlation/><Execution ProcessID='3120' ThreadID='3992'/><Channel>Microsoft-Windows-Sysmon/Operational</Channel><Computer>WindowsVMEdu</Computer><Security UserID='S-1-5-18'/></System><EventData><Data Name='RuleName'>-</Data><Data Name='UtcTime'>2025-03-20 01:19:49.964</Data><Data Name='ProcessGuid'>{5bf681f8-6d35-67db-ce09-000000001400}</Data><Data Name='ProcessId'>1688</Data><Data Name='Image'>C:\Windows\System32\sdbinst.exe</Data><Data Name='FileVersion'>10.0.22621.3527 (WinBuild.160101.0800)</Data><Data Name='Description'>Application Compatibility Database Installer</Data><Data Name='Product'>Microsoft® Windows® Operating System</Data><Data Name='Company'>Microsoft Corporation</Data><Data Name='OriginalFileName'>sdbinst.exe</Data><Data Name='CommandLine'>C:\Windows\System32\sdbinst.exe -m -bg</Data><Data Name='CurrentDirectory'>C:\Windows\system32\</Data><Data Name='User'>NT AUTHORITY\SYSTEM</Data><Data Name='LogonGuid'>{5bf681f8-99f2-67da-e703-000000000000}</Data><Data Name='LogonId'>0x3e7</Data><Data Name='TerminalSessionId'>0</Data><Data Name='IntegrityLevel'>System</Data><Data Name='Hashes'>MD5=E2A10E8403C021D6894FCCE3A50BB6E9,SHA256=7E6B42AF9D8B1E1A4EFDEEB152997C7C9BBFA010B2FCE65BEF29A2903819E0E5,IMPHASH=E1DE8ED24AB8A0089A5CA81A1CB264D8</Data><Data Name='ParentProcessGuid'>{5bf681f8-9a42-67da-de00-000000001400}</Data><Data Name='ParentProcessId'>1372</Data><Data Name='ParentImage'>C:\Windows\System32\svchost.exe</Data><Data Name='ParentCommandLine'>C:\Windows\system32\svchost.exe -k LocalSystemNetworkRestricted -p -s PcaSvc</Data><Data Name='ParentUser'>NT AUTHORITY\SYSTEM</Data></EventData><RenderingInfo Culture='en-US'><Message>Process Create:&#13;&#10;RuleName: -&#13;&#10;UtcTime: 2025-03-20 01:19:49.964&#13;&#10;ProcessGuid: {5bf681f8-6d35-67db-ce09-000000001400}&#13;&#10;ProcessId: 1688&#13;&#10;Image: C:\Windows\System32\sdbinst.exe&#13;&#10;FileVersion: 10.0.22621.3527 (WinBuild.160101.0800)&#13;&#10;Description: Application Compatibility Database Installer&#13;&#10;Product: Microsoft® Windows® Operating System&#13;&#10;Company: Microsoft Corporation&#13;&#10;OriginalFileName: sdbinst.exe&#13;&#10;CommandLine: C:\Windows\System32\sdbinst.exe -m -bg&#13;&#10;CurrentDirectory: C:\Windows\system32\&#13;&#10;User: NT AUTHORITY\SYSTEM&#13;&#10;LogonGuid: {5bf681f8-99f2-67da-e703-000000000000}&#13;&#10;LogonId: 0x3E7&#13;&#10;TerminalSessionId: 0&#13;&#10;IntegrityLevel: System&#13;&#10;Hashes: MD5=E2A10E8403C021D6894FCCE3A50BB6E9,SHA256=7E6B42AF9D8B1E1A4EFDEEB152997C7C9BBFA010B2FCE65BEF29A2903819E0E5,IMPHASH=E1DE8ED24AB8A0089A5CA81A1CB264D8&#13;&#10;ParentProcessGuid: {5bf681f8-9a42-67da-de00-000000001400}&#13;&#10;ParentProcessId: 1372&#13;&#10;ParentImage: C:\Windows\System32\svchost.exe&#13;&#10;ParentCommandLine: C:\Windows\system32\svchost.exe -k LocalSystemNetworkRestricted -p -s PcaSvc&#13;&#10;ParentUser: NT AUTHORITY\SYSTEM</Message><Level>Information</Level><Task>Process Create (rule: ProcessCreate)</Task><Opcode>Info</Opcode></RenderingInfo></Event><Event xmlns='http://schemas.microsoft.com/win/2004/08/events/event'><System><Provider Name='Microsoft-Windows-Sysmon' Guid='{5770385f-c22a-43e0-bf4c-06f5698ffbd9}'/><EventID>13</EventID><Version>2</Version><Level>4</Level><Task>13</Task><Opcode>0</Opcode><Keywords>0x8000000000000000</Keywords><TimeCreated SystemTime='2025-03-20T01:18:41.2394019Z'/><EventRecordID>53936</EventRecordID><Correlation/><Execution ProcessID='3120' ThreadID='3992'/><Channel>Microsoft-Windows-Sysmon/Operational</Channel><Computer>WindowsVMEdu</Computer><Security UserID='S-1-5-18'/></System><EventData><Data Name='RuleName'>InvDB-Ver</Data><Data Name='EventType'>SetValue</Data><Data Name='UtcTime'>2025-03-20 01:18:41.231</Data><Data Name='ProcessGuid'>{5bf681f8-99f4-67da-3e00-000000001400}</Data><Data Name='ProcessId'>2916</Data><Data Name='Image'>C:\Windows\System32\svchost.exe</Data><Data Name='TargetObject'>\REGISTRY\A\{5a2cd8ad-6c5e-3b0f-9a13-2c125d1893c3}\Root\InventoryApplicationFile\sysmon64.exe|20919ce7c123e1ac\BinProductVersion</Data><Data Name='Details'>15.15.0.0</Data><Data Name='User'>NT AUTHORITY\SYSTEM</Data></EventData><RenderingInfo Culture='en-US'><Message>Registry value set:&#13;&#10;RuleName: InvDB-Ver&#13;&#10;EventType: SetValue&#13;&#10;UtcTime: 2025-03-20 01:18:41.231&#13;&#10;ProcessGuid: {5bf681f8-99f4-67da-3e00-000000001400}&#13;&#10;ProcessId: 2916&#13;&#10;Image: C:\Windows\System32\svchost.exe&#13;&#10;TargetObject: \REGISTRY\A\{5a2cd8ad-6c5e-3b0f-9a13-2c125d1893c3}\Root\InventoryApplicationFile\sysmon64.exe|20919ce7c123e1ac\BinProductVersion&#13;&#10;Details: 15.15.0.0&#13;&#10;User: NT AUTHORITY\SYSTEM</Message><Level>Information</Level><Task>Registry value set (rule: RegistryEvent)</Task><Opcode>Info</Opcode></RenderingInfo></Event><Event xmlns='http://schemas.microsoft.com/win/2004/08/events/event'><System><Provider Name='Microsoft-Windows-Sysmon' Guid='{5770385f-c22a-43e0-bf4c-06f5698ffbd9}'/><EventID>13</EventID><Version>2</Version><Level>4</Level><Task>13</Task><Opcode>0</Opcode><Keywords>0x8000000000000000</Keywords><TimeCreated SystemTime='2025-03-20T01:18:41.2391468Z'/><EventRecordID>53935</EventRecordID><Correlation/><Execution ProcessID='3120' ThreadID='3992'/><Channel>Microsoft-Windows-Sysmon/Operational</Channel><Computer>WindowsVMEdu</Computer><Security UserID='S-1-5-18'/></System><EventData><Data Name='RuleName'>InvDB-CompileTimeClaim</Data><Data Name='EventType'>SetValue</Data><Data Name='UtcTime'>2025-03-20 01:18:41.231</Data><Data Name='ProcessGuid'>{5bf681f8-99f4-67da-3e00-000000001400}</Data><Data Name='ProcessId'>2916</Data><Data Name='Image'>C:\Windows\System32\svchost.exe</Data><Data Name='TargetObject'>\REGISTRY\A\{5a2cd8ad-6c5e-3b0f-9a13-2c125d1893c3}\Root\InventoryApplicationFile\sysmon64.exe|20919ce7c123e1ac\LinkDate</Data><Data Name='Details'>07/22/2024 15:32:48</Data><Data Name='User'>NT AUTHORITY\SYSTEM</Data></EventData><RenderingInfo Culture='en-US'><Message>Registry value set:&#13;&#10;RuleName: InvDB-CompileTimeClaim&#13;&#10;EventType: SetValue&#13;&#10;UtcTime: 2025-03-20 01:18:41.231&#13;&#10;ProcessGuid: {5bf681f8-99f4-67da-3e00-000000001400}&#13;&#10;ProcessId: 2916&#13;&#10;Image: C:\Windows\System32\svchost.exe&#13;&#10;TargetObject: \REGISTRY\A\{5a2cd8ad-6c5e-3b0f-9a13-2c125d1893c3}\Root\InventoryApplicationFile\sysmon64.exe|20919ce7c123e1ac\LinkDate&#13;&#10;Details: 07/22/2024 15:32:48&#13;&#10;User: NT AUTHORITY\SYSTEM</Message><Level>Information</Level><Task>Registry value set (rule: RegistryEvent)</Task><Opcode>Info</Opcode></RenderingInfo></Event><Event xmlns='http://schemas.microsoft.com/win/2004/08/events/event'><System><Provider Name='Microsoft-Windows-Sysmon' Guid='{5770385f-c22a-43e0-bf4c-06f5698ffbd9}'/><EventID>13</EventID><Version>2</Version><Level>4</Level><Task>13</Task><Opcode>0</Opcode><Keywords>0x8000000000000000</Keywords><TimeCreated SystemTime='2025-03-20T01:18:41.2373844Z'/><EventRecordID>53934</EventRecordID><Correlation/><Execution ProcessID='3120' ThreadID='3992'/><Channel>Microsoft-Windows-Sysmon/Operational</Channel><Computer>WindowsVMEdu</Computer><Security UserID='S-1-5-18'/></System><EventData><Data Name='RuleName'>InvDB-Pub</Data><Data Name='EventType'>SetValue</Data><Data Name='UtcTime'>2025-03-20 01:18:41.231</Data><Data Name='ProcessGuid'>{5bf681f8-99f4-67da-3e00-000000001400}</Data><Data Name='ProcessId'>2916</Data><Data Name='Image'>C:\Windows\System32\svchost.exe</Data><Data Name='TargetObject'>\REGISTRY\A\{5a2cd8ad-6c5e-3b0f-9a13-2c125d1893c3}\Root\InventoryApplicationFile\sysmon64.exe|20919ce7c123e1ac\Publisher</Data><Data Name='Details'>sysinternals - www.sysinternals.com</Data><Data Name='User'>NT AUTHORITY\SYSTEM</Data></EventData><RenderingInfo Culture='en-US'><Message>Registry value set:&#13;&#10;RuleName: InvDB-Pub&#13;&#10;EventType: SetValue&#13;&#10;UtcTime: 2025-03-20 01:18:41.231&#13;&#10;ProcessGuid: {5bf681f8-99f4-67da-3e00-000000001400}&#13;&#10;ProcessId: 2916&#13;&#10;Image: C:\Windows\System32\svchost.exe&#13;&#10;TargetObject: \REGISTRY\A\{5a2cd8ad-6c5e-3b0f-9a13-2c125d1893c3}\Root\InventoryApplicationFile\sysmon64.exe|20919ce7c123e1ac\Publisher&#13;&#10;Details: sysinternals - www.sysinternals.com&#13;&#10;User: NT AUTHORITY\SYSTEM</Message><Level>Information</Level><Task>Registry value set (rule: RegistryEvent)</Task><Opcode>Info</Opcode></RenderingInfo></Event><Event xmlns='http://schemas.microsoft.com/win/2004/08/events/event'><System><Provider Name='Microsoft-Windows-Sysmon' Guid='{5770385f-c22a-43e0-bf4c-06f5698ffbd9}'/><EventID>13</EventID><Version>2</Version><Level>4</Level><Task>13</Task><Opcode>0</Opcode><Keywords>0x8000000000000000</Keywords><TimeCreated SystemTime='2025-03-20T01:18:41.2369260Z'/><EventRecordID>53933</EventRecordID><Correlation/><Execution ProcessID='3120' ThreadID='3992'/><Channel>Microsoft-Windows-Sysmon/Operational</Channel><Computer>WindowsVMEdu</Computer><Security UserID='S-1-5-18'/></System><EventData><Data Name='RuleName'>InvDB-Path</Data><Data Name='EventType'>SetValue</Data><Data Name='UtcTime'>2025-03-20 01:18:41.231</Data><Data Name='ProcessGuid'>{5bf681f8-99f4-67da-3e00-000000001400}</Data><Data Name='ProcessId'>2916</Data><Data Name='Image'>C:\Windows\System32\svchost.exe</Data><Data Name='TargetObject'>\REGISTRY\A\{5a2cd8ad-6c5e-3b0f-9a13-2c125d1893c3}\Root\InventoryApplicationFile\sysmon64.exe|20919ce7c123e1ac\LowerCaseLongPath</Data><Data Name='Details'>c:\users\admin\desktop\sysmon64.exe</Data><Data Name='User'>NT AUTHORITY\SYSTEM</Data></EventData><RenderingInfo Culture='en-US'><Message>Registry value set:&#13;&#10;RuleName: InvDB-Path&#13;&#10;EventType: SetValue&#13;&#10;UtcTime: 2025-03-20 01:18:41.231&#13;&#10;ProcessGuid: {5bf681f8-99f4-67da-3e00-000000001400}&#13;&#10;ProcessId: 2916&#13;&#10;Image: C:\Windows\System32\svchost.exe&#13;&#10;TargetObject: \REGISTRY\A\{5a2cd8ad-6c5e-3b0f-9a13-2c125d1893c3}\Root\InventoryApplicationFile\sysmon64.exe|20919ce7c123e1ac\LowerCaseLongPath&#13;&#10;Details: c:\users\admin\desktop\sysmon64.exe&#13;&#10;User: NT AUTHORITY\SYSTEM</Message><Level>Information</Level><Task>Registry value set (rule: RegistryEvent)</Task><Opcode>Info</Opcode></RenderingInfo></Event><Event xmlns='http://schemas.microsoft.com/win/2004/08/events/event'><System><Provider Name='Microsoft-Windows-Sysmon' Guid='{5770385f-c22a-43e0-bf4c-06f5698ffbd9}'/><EventID>13</EventID><Version>2</Version><Level>4</Level><Task>13</Task><Opcode>0</Opcode><Keywords>0x8000000000000000</Keywords><TimeCreated SystemTime='2025-03-20T01:18:41.0743966Z'/><EventRecordID>53932</EventRecordID><Correlation/><Execution ProcessID='3120' ThreadID='3992'/><Channel>Microsoft-Windows-Sysmon/Operational</Channel><Computer>WindowsVMEdu</Computer><Security UserID='S-1-5-18'/></System><EventData><Data Name='RuleName'>InvDB-Ver</Data><Data Name='EventType'>SetValue</Data><Data Name='UtcTime'>2025-03-20 01:18:41.059</Data><Data Name='ProcessGuid'>{5bf681f8-99f4-67da-3e00-000000001400}</Data><Data Name='ProcessId'>2916</Data><Data Name='Image'>C:\Windows\System32\svchost.exe</Data><Data Name='TargetObject'>\REGISTRY\A\{6febaf37-1730-8330-43d5-32958dd0437c}\Root\InventoryApplicationFile\ctfmon.exe|b5157a66388d511f\BinProductVersion</Data><Data Name='Details'>10.0.22621.1</Data><Data Name='User'>NT AUTHORITY\SYSTEM</Data></EventData><RenderingInfo Culture='en-US'><Message>Registry value set:&#13;&#10;RuleName: InvDB-Ver&#13;&#10;EventType: SetValue&#13;&#10;UtcTime: 2025-03-20 01:18:41.059&#13;&#10;ProcessGuid: {5bf681f8-99f4-67da-3e00-000000001400}&#13;&#10;ProcessId: 2916&#13;&#10;Image: C:\Windows\System32\svchost.exe&#13;&#10;TargetObject: \REGISTRY\A\{6febaf37-1730-8330-43d5-32958dd0437c}\Root\InventoryApplicationFile\ctfmon.exe|b5157a66388d511f\BinProductVersion&#13;&#10;Details: 10.0.22621.1&#13;&#10;User: NT AUTHORITY\SYSTEM</Message><Level>Information</Level><Task>Registry value set (rule: RegistryEvent)</Task><Opcode>Info</Opcode></RenderingInfo></Event><Event xmlns='http://schemas.microsoft.com/win/2004/08/events/event'><System><Provider Name='Microsoft-Windows-Sysmon' Guid='{5770385f-c22a-43e0-bf4c-06f5698ffbd9}'/><EventID>13</EventID><Version>2</Version><Level>4</Level><Task>13</Task><Opcode>0</Opcode><Keywords>0x8000000000000000</Keywords><TimeCreated SystemTime='2025-03-20T01:18:41.0741588Z'/><EventRecordID>53931</EventRecordID><Correlation/><Execution ProcessID='3120' ThreadID='3992'/><Channel>Microsoft-Windows-Sysmon/Operational</Channel><Computer>WindowsVMEdu</Computer><Security UserID='S-1-5-18'/></System><EventData><Data Name='RuleName'>InvDB-CompileTimeClaim</Data><Data Name='EventType'>SetValue</Data><Data Name='UtcTime'>2025-03-20 01:18:41.059</Data><Data Name='ProcessGuid'>{5bf681f8-99f4-67da-3e00-000000001400}</Data><Data Name='ProcessId'>2916</Data><Data Name='Image'>C:\Windows\System32\svchost.exe</Data><Data Name='TargetObject'>\REGISTRY\A\{6febaf37-1730-8330-43d5-32958dd0437c}\Root\InventoryApplicationFile\ctfmon.exe|b5157a66388d511f\LinkDate</Data><Data Name='Details'>02/08/2100 09:54:17</Data><Data Name='User'>NT AUTHORITY\SYSTEM</Data></EventData><RenderingInfo Culture='en-US'><Message>Registry value set:&#13;&#10;RuleName: InvDB-CompileTimeClaim&#13;&#10;EventType: SetValue&#13;&#10;UtcTime: 2025-03-20 01:18:41.059&#13;&#10;ProcessGuid: {5bf681f8-99f4-67da-3e00-000000001400}&#13;&#10;ProcessId: 2916&#13;&#10;Image: C:\Windows\System32\svchost.exe&#13;&#10;TargetObject: \REGISTRY\A\{6febaf37-1730-8330-43d5-32958dd0437c}\Root\InventoryApplicationFile\ctfmon.exe|b5157a66388d511f\LinkDate&#13;&#10;Details: 02/08/2100 09:54:17&#13;&#10;User: NT AUTHORITY\SYSTEM</Message><Level>Information</Level><Task>Registry value set (rule: RegistryEvent)</Task><Opcode>Info</Opcode></RenderingInfo></Event><Event xmlns='http://schemas.microsoft.com/win/2004/08/events/event'><System><Provider Name='Microsoft-Windows-Sysmon' Guid='{5770385f-c22a-43e0-bf4c-06f5698ffbd9}'/><EventID>13</EventID><Version>2</Version><Level>4</Level><Task>13</Task><Opcode>0</Opcode><Keywords>0x8000000000000000</Keywords><TimeCreated SystemTime='2025-03-20T01:18:41.0723874Z'/><EventRecordID>53930</EventRecordID><Correlation/><Execution ProcessID='3120' ThreadID='3992'/><Channel>Microsoft-Windows-Sysmon/Operational</Channel><Computer>WindowsVMEdu</Computer><Security UserID='S-1-5-18'/></System><EventData><Data Name='RuleName'>InvDB-Pub</Data><Data Name='EventType'>SetValue</Data><Data Name='UtcTime'>2025-03-20 01:18:41.059</Data><Data Name='ProcessGuid'>{5bf681f8-99f4-67da-3e00-000000001400}</Data><Data Name='ProcessId'>2916</Data><Data Name='Image'>C:\Windows\System32\svchost.exe</Data><Data Name='TargetObject'>\REGISTRY\A\{6febaf37-1730-8330-43d5-32958dd0437c}\Root\InventoryApplicationFile\ctfmon.exe|b5157a66388d511f\Publisher</Data><Data Name='Details'>microsoft corporation</Data><Data Name='User'>NT AUTHORITY\SYSTEM</Data></EventData><RenderingInfo Culture='en-US'><Message>Registry value set:&#13;&#10;RuleName: InvDB-Pub&#13;&#10;EventType: SetValue&#13;&#10;UtcTime: 2025-03-20 01:18:41.059&#13;&#10;ProcessGuid: {5bf681f8-99f4-67da-3e00-000000001400}&#13;&#10;ProcessId: 2916&#13;&#10;Image: C:\Windows\System32\svchost.exe&#13;&#10;TargetObject: \REGISTRY\A\{6febaf37-1730-8330-43d5-32958dd0437c}\Root\InventoryApplicationFile\ctfmon.exe|b5157a66388d511f\Publisher&#13;&#10;Details: microsoft corporation&#13;&#10;User: NT AUTHORITY\SYSTEM</Message><Level>Information</Level><Task>Registry value set (rule: RegistryEvent)</Task><Opcode>Info</Opcode></RenderingInfo></Event><Event xmlns='http://schemas.microsoft.com/win/2004/08/events/event'><System><Provider Name='Microsoft-Windows-Sysmon' Guid='{5770385f-c22a-43e0-bf4c-06f5698ffbd9}'/><EventID>13</EventID><Version>2</Version><Level>4</Level><Task>13</Task><Opcode>0</Opcode><Keywords>0x8000000000000000</Keywords><TimeCreated SystemTime='2025-03-20T01:18:41.0715802Z'/><EventRecordID>53929</EventRecordID><Correlation/><Execution ProcessID='3120' ThreadID='3992'/><Channel>Microsoft-Windows-Sysmon/Operational</Channel><Computer>WindowsVMEdu</Computer><Security UserID='S-1-5-18'/></System><EventData><Data Name='RuleName'>InvDB-Path</Data><Data Name='EventType'>SetValue</Data><Data Name='UtcTime'>2025-03-20 01:18:41.059</Data><Data Name='ProcessGuid'>{5bf681f8-99f4-67da-3e00-000000001400}</Data><Data Name='ProcessId'>2916</Data><Data Name='Image'>C:\Windows\System32\svchost.exe</Data><Data Name='TargetObject'>\REGISTRY\A\{6febaf37-1730-8330-43d5-32958dd0437c}\Root\InventoryApplicationFile\ctfmon.exe|b5157a66388d511f\LowerCaseLongPath</Data><Data Name='Details'>c:\windows\system32\ctfmon.exe</Data><Data Name='User'>NT AUTHORITY\SYSTEM</Data></EventData><RenderingInfo Culture='en-US'><Message>Registry value set:&#13;&#10;RuleName: InvDB-Path&#13;&#10;EventType: SetValue&#13;&#10;UtcTime: 2025-03-20 01:18:41.059&#13;&#10;ProcessGuid: {5bf681f8-99f4-67da-3e00-000000001400}&#13;&#10;ProcessId: 2916&#13;&#10;Image: C:\Windows\System32\svchost.exe&#13;&#10;TargetObject: \REGISTRY\A\{6febaf37-1730-8330-43d5-32958dd0437c}\Root\InventoryApplicationFile\ctfmon.exe|b5157a66388d511f\LowerCaseLongPath&#13;&#10;Details: c:\windows\system32\ctfmon.exe&#13;&#10;User: NT AUTHORITY\SYSTEM</Message><Level>Information</Level><Task>Registry value set (rule: RegistryEvent)</Task><Opcode>Info</Opcode></RenderingInfo></Event><Event xmlns='http://schemas.microsoft.com/win/2004/08/events/event'><System><Provider Name='Microsoft-Windows-Sysmon' Guid='{5770385f-c22a-43e0-bf4c-06f5698ffbd9}'/><EventID>1</EventID><Version>5</Version><Level>4</Level><Task>1</Task><Opcode>0</Opcode><Keywords>0x8000000000000000</Keywords><TimeCreated SystemTime='2025-03-20T01:11:31.2012554Z'/><EventRecordID>53928</EventRecordID><Correlation/><Execution ProcessID='3120' ThreadID='3992'/><Channel>Microsoft-Windows-Sysmon/Operational</Channel><Computer>WindowsVMEdu</Computer><Security UserID='S-1-5-18'/></System><EventData><Data Name='RuleName'>-</Data><Data Name='UtcTime'>2025-03-20 01:11:31.196</Data><Data Name='ProcessGuid'>{5bf681f8-6b43-67db-cd09-000000001400}</Data><Data Name='ProcessId'>4480</Data><Data Name='Image'>C:\Windows\System32\svchost.exe</Data><Data Name='FileVersion'>10.0.22621.1 (WinBuild.160101.0800)</Data><Data Name='Description'>Host Process for Windows Services</Data><Data Name='Product'>Microsoft® Windows® Operating System</Data><Data Name='Company'>Microsoft Corporation</Data><Data Name='OriginalFileName'>svchost.exe</Data><Data Name='CommandLine'>C:\Windows\system32\svchost.exe -k netsvcs -p -s gpsvc</Data><Data Name='CurrentDirectory'>C:\Windows\system32\</Data><Data Name='User'>NT AUTHORITY\SYSTEM</Data><Data Name='LogonGuid'>{5bf681f8-99f2-67da-e703-000000000000}</Data><Data Name='LogonId'>0x3e7</Data><Data Name='TerminalSessionId'>0</Data><Data Name='IntegrityLevel'>System</Data><Data Name='Hashes'>MD5=8EC922C7A58A8701AB481B7BE9644536,SHA256=949BFB5B4C7D58D92F3F9C5F8EC7CA4CEAFFD10EC5F0020F0A987C472D61C54B,IMPHASH=76B4BAE80D2C3B08BB062D97BF9CA791</Data><Data Name='ParentProcessGuid'>{5bf681f8-99f1-67da-0b00-000000001400}</Data><Data Name='ParentProcessId'>800</Data><Data Name='ParentImage'>C:\Windows\System32\services.exe</Data><Data Name='ParentCommandLine'>C:\Windows\system32\services.exe</Data><Data Name='ParentUser'>NT AUTHORITY\SYSTEM</Data></EventData><RenderingInfo Culture='en-US'><Message>Process Create:&#13;&#10;RuleName: -&#13;&#10;UtcTime: 2025-03-20 01:11:31.196&#13;&#10;ProcessGuid: {5bf681f8-6b43-67db-cd09-000000001400}&#13;&#10;ProcessId: 4480&#13;&#10;Image: C:\Windows\System32\svchost.exe&#13;&#10;FileVersion: 10.0.22621.1 (WinBuild.160101.0800)&#13;&#10;Description: Host Process for Windows Services&#13;&#10;Product: Microsoft® Windows® Operating System&#13;&#10;Company: Microsoft Corporation&#13;&#10;OriginalFileName: svchost.exe&#13;&#10;CommandLine: C:\Windows\system32\svchost.exe -k netsvcs -p -s gpsvc&#13;&#10;CurrentDirectory: C:\Windows\system32\&#13;&#10;User: NT AUTHORITY\SYSTEM&#13;&#10;LogonGuid: {5bf681f8-99f2-67da-e703-000000000000}&#13;&#10;LogonId: 0x3E7&#13;&#10;TerminalSessionId: 0&#13;&#10;IntegrityLevel: System&#13;&#10;Hashes: MD5=8EC922C7A58A8701AB481B7BE9644536,SHA256=949BFB5B4C7D58D92F3F9C5F8EC7CA4CEAFFD10EC5F0020F0A987C472D61C54B,IMPHASH=76B4BAE80D2C3B08BB062D97BF9CA791&#13;&#10;ParentProcessGuid: {5bf681f8-99f1-67da-0b00-000000001400}&#13;&#10;ParentProcessId: 800&#13;&#10;ParentImage: C:\Windows\System32\services.exe&#13;&#10;ParentCommandLine: C:\Windows\system32\services.exe&#13;&#10;ParentUser: NT AUTHORITY\SYSTEM</Message><Level>Information</Level><Task>Process Create (rule: ProcessCreate)</Task><Opcode>Info</Opcode></RenderingInfo></Event><Event xmlns='http://schemas.microsoft.com/win/2004/08/events/event'><System><Provider Name='Microsoft-Windows-Sysmon' Guid='{5770385f-c22a-43e0-bf4c-06f5698ffbd9}'/><EventID>1</EventID><Version>5</Version><Level>4</Level><Task>1</Task><Opcode>0</Opcode><Keywords>0x8000000000000000</Keywords><TimeCreated SystemTime='2025-03-20T01:06:30.8670007Z'/><EventRecordID>53927</EventRecordID><Correlation/><Execution ProcessID='3120' ThreadID='3992'/><Channel>Microsoft-Windows-Sysmon/Operational</Channel><Computer>WindowsVMEdu</Computer><Security UserID='S-1-5-18'/></System><EventData><Data Name='RuleName'>-</Data><Data Name='UtcTime'>2025-03-20 01:06:30.858</Data><Data Name='ProcessGuid'>{5bf681f8-6a16-67db-ca09-000000001400}</Data><Data Name='ProcessId'>6232</Data><Data Name='Image'>C:\Program Files (x86)\Microsoft\Edge\Application\msedge.exe</Data><Data Name='FileVersion'>134.0.3124.72</Data><Data Name='Description'>Microsoft Edge</Data><Data Name='Product'>Microsoft Edge</Data><Data Name='Company'>Microsoft Corporation</Data><Data Name='OriginalFileName'>msedge.exe</Data><Data Name='CommandLine'>"C:\Program Files (x86)\Microsoft\Edge\Application\msedge.exe" --type=utility --utility-sub-type=asset_store.mojom.AssetStoreService --lang=en-US --service-sandbox-type=asset_store_service --always-read-main-dll --field-trial-handle=3388,i,18180998090242998173,9972825165959528977,262144 --variations-seed-version --mojo-platform-channel-handle=3432 /prefetch:14</Data><Data Name='CurrentDirectory'>C:\Program Files (x86)\Microsoft\Edge\Application\134.0.3124.72\</Data><Data Name='User'>WINDOWSVMEDU\Admin</Data><Data Name='LogonGuid'>{5bf681f8-9abd-67da-7d48-1d0000000000}</Data><Data Name='LogonId'>0x1d487d</Data><Data Name='TerminalSessionId'>1</Data><Data Name='IntegrityLevel'>Low</Data><Data Name='Hashes'>MD5=57C9431D31F45C7BAD6D7B24156BE147,SHA256=4EBE7D3DA29564CD88A289893F63C0E156AA54416D5867661CD1071F37939561,IMPHASH=1489800E3D4E83B6EA868388D457DAF9</Data><Data Name='ParentProcessGuid'>{5bf681f8-67bd-67db-ac09-000000001400}</Data><Data Name='ParentProcessId'>8832</Data><Data Name='ParentImage'>C:\Program Files (x86)\Microsoft\Edge\Application\msedge.exe</Data><Data Name='ParentCommandLine'>"C:\Program Files (x86)\Microsoft\Edge\Application\msedge.exe" --no-startup-window</Data><Data Name='ParentUser'>WINDOWSVMEDU\Admin</Data></EventData><RenderingInfo Culture='en-US'><Message>Process Create:&#13;&#10;RuleName: -&#13;&#10;UtcTime: 2025-03-20 01:06:30.858&#13;&#10;ProcessGuid: {5bf681f8-6a16-67db-ca09-000000001400}&#13;&#10;ProcessId: 6232&#13;&#10;Image: C:\Program Files (x86)\Microsoft\Edge\Application\msedge.exe&#13;&#10;FileVersion: 134.0.3124.72&#13;&#10;Description: Microsoft Edge&#13;&#10;Product: Microsoft Edge&#13;&#10;Company: Microsoft Corporation&#13;&#10;OriginalFileName: msedge.exe&#13;&#10;CommandLine: "C:\Program Files (x86)\Microsoft\Edge\Application\msedge.exe" --type=utility --utility-sub-type=asset_store.mojom.AssetStoreService --lang=en-US --service-sandbox-type=asset_store_service --always-read-main-dll --field-trial-handle=3388,i,18180998090242998173,9972825165959528977,262144 --variations-seed-version --mojo-platform-channel-handle=3432 /prefetch:14&#13;&#10;CurrentDirectory: C:\Program Files (x86)\Microsoft\Edge\Application\134.0.3124.72\&#13;&#10;User: WINDOWSVMEDU\Admin&#13;&#10;LogonGuid: {5bf681f8-9abd-67da-7d48-1d0000000000}&#13;&#10;LogonId: 0x1D487D&#13;&#10;TerminalSessionId: 1&#13;&#10;IntegrityLevel: Low&#13;&#10;Hashes: MD5=57C9431D31F45C7BAD6D7B24156BE147,SHA256=4EBE7D3DA29564CD88A289893F63C0E156AA54416D5867661CD1071F37939561,IMPHASH=1489800E3D4E83B6EA868388D457DAF9&#13;&#10;ParentProcessGuid: {5bf681f8-67bd-67db-ac09-000000001400}&#13;&#10;ParentProcessId: 8832&#13;&#10;ParentImage: C:\Program Files (x86)\Microsoft\Edge\Application\msedge.exe&#13;&#10;ParentCommandLine: "C:\Program Files (x86)\Microsoft\Edge\Application\msedge.exe" --no-startup-window&#13;&#10;ParentUser: WINDOWSVMEDU\Admin</Message><Level>Information</Level><Task>Process Create (rule: ProcessCreate)</Task><Opcode>Info</Opcode></RenderingInfo></Event><Event xmlns='http://schemas.microsoft.com/win/2004/08/events/event'><System><Provider Name='Microsoft-Windows-Sysmon' Guid='{5770385f-c22a-43e0-bf4c-06f5698ffbd9}'/><EventID>1</EventID><Version>5</Version><Level>4</Level><Task>1</Task><Opcode>0</Opcode><Keywords>0x8000000000000000</Keywords><TimeCreated SystemTime='2025-03-20T01:05:20.6591910Z'/><EventRecordID>53926</EventRecordID><Correlation/><Execution ProcessID='3120' ThreadID='3992'/><Channel>Microsoft-Windows-Sysmon/Operational</Channel><Computer>WindowsVMEdu</Computer><Security UserID='S-1-5-18'/></System><EventData><Data Name='RuleName'>-</Data><Data Name='UtcTime'>2025-03-20 01:05:20.653</Data><Data Name='ProcessGuid'>{5bf681f8-69d0-67db-c509-000000001400}</Data><Data Name='ProcessId'>5944</Data><Data Name='Image'>C:\Windows\UUS\amd64\MoUsoCoreWorker.exe</Data><Data Name='FileVersion'>1309.2412.6022.0</Data><Data Name='Description'>MoUSO Core Worker Process</Data><Data Name='Product'>Microsoft® Windows® Operating System</Data><Data Name='Company'>Microsoft Corporation</Data><Data Name='OriginalFileName'>MoUSOCoreWorker.exe</Data><Data Name='CommandLine'>"C:\Windows\uus\AMD64\MoUsoCoreWorker.exe" useprivatenamespaces</Data><Data Name='CurrentDirectory'>C:\Windows\system32\</Data><Data Name='User'>NT AUTHORITY\SYSTEM</Data><Data Name='LogonGuid'>{5bf681f8-99f2-67da-e703-000000000000}</Data><Data Name='LogonId'>0x3e7</Data><Data Name='TerminalSessionId'>0</Data><Data Name='IntegrityLevel'>System</Data><Data Name='Hashes'>MD5=86F2CAB16A14835B27F7B10BF149CA59,SHA256=7441FD078DA446F960B33164EE667FA6205185972E174DC754F4247D22B8A70F,IMPHASH=C57DB6D9FA18E40C52E56CC3DA0440B1</Data><Data Name='ParentProcessGuid'>{5bf681f8-9a71-67da-ef00-000000001400}</Data><Data Name='ParentProcessId'>2608</Data><Data Name='ParentImage'>C:\Windows\System32\svchost.exe</Data><Data Name='ParentCommandLine'>C:\Windows\system32\svchost.exe -k netsvcs -p -s UsoSvc</Data><Data Name='ParentUser'>NT AUTHORITY\SYSTEM</Data></EventData><RenderingInfo Culture='en-US'><Message>Process Create:&#13;&#10;RuleName: -&#13;&#10;UtcTime: 2025-03-20 01:05:20.653&#13;&#10;ProcessGuid: {5bf681f8-69d0-67db-c509-000000001400}&#13;&#10;ProcessId: 5944&#13;&#10;Image: C:\Windows\UUS\amd64\MoUsoCoreWorker.exe&#13;&#10;FileVersion: 1309.2412.6022.0&#13;&#10;Description: MoUSO Core Worker Process&#13;&#10;Product: Microsoft® Windows® Operating System&#13;&#10;Company: Microsoft Corporation&#13;&#10;OriginalFileName: MoUSOCoreWorker.exe&#13;&#10;CommandLine: "C:\Windows\uus\AMD64\MoUsoCoreWorker.exe" useprivatenamespaces&#13;&#10;CurrentDirectory: C:\Windows\system32\&#13;&#10;User: NT AUTHORITY\SYSTEM&#13;&#10;LogonGuid: {5bf681f8-99f2-67da-e703-000000000000}&#13;&#10;LogonId: 0x3E7&#13;&#10;TerminalSessionId: 0&#13;&#10;IntegrityLevel: System&#13;&#10;Hashes: MD5=86F2CAB16A14835B27F7B10BF149CA59,SHA256=7441FD078DA446F960B33164EE667FA6205185972E174DC754F4247D22B8A70F,IMPHASH=C57DB6D9FA18E40C52E56CC3DA0440B1&#13;&#10;ParentProcessGuid: {5bf681f8-9a71-67da-ef00-000000001400}&#13;&#10;ParentProcessId: 2608&#13;&#10;ParentImage: C:\Windows\System32\svchost.exe&#13;&#10;ParentCommandLine: C:\Windows\system32\svchost.exe -k netsvcs -p -s UsoSvc&#13;&#10;ParentUser: NT AUTHORITY\SYSTEM</Message><Level>Information</Level><Task>Process Create (rule: ProcessCreate)</Task><Opcode>Info</Opcode></RenderingInfo></Event><Event xmlns='http://schemas.microsoft.com/win/2004/08/events/event'><System><Provider Name='Microsoft-Windows-Sysmon' Guid='{5770385f-c22a-43e0-bf4c-06f5698ffbd9}'/><EventID>13</EventID><Version>2</Version><Level>4</Level><Task>13</Task><Opcode>0</Opcode><Keywords>0x8000000000000000</Keywords><TimeCreated SystemTime='2025-03-20T01:02:13.7400108Z'/><EventRecordID>53925</EventRecordID><Correlation/><Execution ProcessID='3120' ThreadID='3992'/><Channel>Microsoft-Windows-Sysmon/Operational</Channel><Computer>WindowsVMEdu</Computer><Security UserID='S-1-5-18'/></System><EventData><Data Name='RuleName'>InvDB-Ver</Data><Data Name='EventType'>SetValue</Data><Data Name='UtcTime'>2025-03-20 01:02:13.731</Data><Data Name='ProcessGuid'>{5bf681f8-99f4-67da-3e00-000000001400}</Data><Data Name='ProcessId'>2916</Data><Data Name='Image'>C:\Windows\System32\svchost.exe</Data><Data Name='TargetObject'>\REGISTRY\A\{595b8b6e-56a8-ce84-068e-ff31c28541fa}\Root\InventoryApplicationFile\ssh.exe|f5bddb07d9da6386\BinProductVersion</Data><Data Name='Details'>9.5.3.1</Data><Data Name='User'>NT AUTHORITY\SYSTEM</Data></EventData><RenderingInfo Culture='en-US'><Message>Registry value set:&#13;&#10;RuleName: InvDB-Ver&#13;&#10;EventType: SetValue&#13;&#10;UtcTime: 2025-03-20 01:02:13.731&#13;&#10;ProcessGuid: {5bf681f8-99f4-67da-3e00-000000001400}&#13;&#10;ProcessId: 2916&#13;&#10;Image: C:\Windows\System32\svchost.exe&#13;&#10;TargetObject: \REGISTRY\A\{595b8b6e-56a8-ce84-068e-ff31c28541fa}\Root\InventoryApplicationFile\ssh.exe|f5bddb07d9da6386\BinProductVersion&#13;&#10;Details: 9.5.3.1&#13;&#10;User: NT AUTHORITY\SYSTEM</Message><Level>Information</Level><Task>Registry value set (rule: RegistryEvent)</Task><Opcode>Info</Opcode></RenderingInfo></Event><Event xmlns='http://schemas.microsoft.com/win/2004/08/events/event'><System><Provider Name='Microsoft-Windows-Sysmon' Guid='{5770385f-c22a-43e0-bf4c-06f5698ffbd9}'/><EventID>13</EventID><Version>2</Version><Level>4</Level><Task>13</Task><Opcode>0</Opcode><Keywords>0x8000000000000000</Keywords><TimeCreated SystemTime='2025-03-20T01:02:13.7398684Z'/><EventRecordID>53924</EventRecordID><Correlation/><Execution ProcessID='3120' ThreadID='3992'/><Channel>Microsoft-Windows-Sysmon/Operational</Channel><Computer>WindowsVMEdu</Computer><Security UserID='S-1-5-18'/></System><EventData><Data Name='RuleName'>InvDB-CompileTimeClaim</Data><Data Name='EventType'>SetValue</Data><Data Name='UtcTime'>2025-03-20 01:02:13.731</Data><Data Name='ProcessGuid'>{5bf681f8-99f4-67da-3e00-000000001400}</Data><Data Name='ProcessId'>2916</Data><Data Name='Image'>C:\Windows\System32\svchost.exe</Data><Data Name='TargetObject'>\REGISTRY\A\{595b8b6e-56a8-ce84-068e-ff31c28541fa}\Root\InventoryApplicationFile\ssh.exe|f5bddb07d9da6386\LinkDate</Data><Data Name='Details'>01/10/2025 17:49:39</Data><Data Name='User'>NT AUTHORITY\SYSTEM</Data></EventData><RenderingInfo Culture='en-US'><Message>Registry value set:&#13;&#10;RuleName: InvDB-CompileTimeClaim&#13;&#10;EventType: SetValue&#13;&#10;UtcTime: 2025-03-20 01:02:13.731&#13;&#10;ProcessGuid: {5bf681f8-99f4-67da-3e00-000000001400}&#13;&#10;ProcessId: 2916&#13;&#10;Image: C:\Windows\System32\svchost.exe&#13;&#10;TargetObject: \REGISTRY\A\{595b8b6e-56a8-ce84-068e-ff31c28541fa}\Root\InventoryApplicationFile\ssh.exe|f5bddb07d9da6386\LinkDate&#13;&#10;Details: 01/10/2025 17:49:39&#13;&#10;User: NT AUTHORITY\SYSTEM</Message><Level>Information</Level><Task>Registry value set (rule: RegistryEvent)</Task><Opcode>Info</Opcode></RenderingInfo></Event><Event xmlns='http://schemas.microsoft.com/win/2004/08/events/event'><System><Provider Name='Microsoft-Windows-Sysmon' Guid='{5770385f-c22a-43e0-bf4c-06f5698ffbd9}'/><EventID>13</EventID><Version>2</Version><Level>4</Level><Task>13</Task><Opcode>0</Opcode><Keywords>0x8000000000000000</Keywords><TimeCreated SystemTime='2025-03-20T01:02:13.7389252Z'/><EventRecordID>53923</EventRecordID><Correlation/><Execution ProcessID='3120' ThreadID='3992'/><Channel>Microsoft-Windows-Sysmon/Operational</Channel><Computer>WindowsVMEdu</Computer><Security UserID='S-1-5-18'/></System><EventData><Data Name='RuleName'>InvDB-Path</Data><Data Name='EventType'>SetValue</Data><Data Name='UtcTime'>2025-03-20 01:02:13.731</Data><Data Name='ProcessGuid'>{5bf681f8-99f4-67da-3e00-000000001400}</Data><Data Name='ProcessId'>2916</Data><Data Name='Image'>C:\Windows\System32\svchost.exe</Data><Data Name='TargetObject'>\REGISTRY\A\{595b8b6e-56a8-ce84-068e-ff31c28541fa}\Root\InventoryApplicationFile\ssh.exe|f5bddb07d9da6386\LowerCaseLongPath</Data><Data Name='Details'>c:\windows\system32\openssh\ssh.exe</Data><Data Name='User'>NT AUTHORITY\SYSTEM</Data></EventData><RenderingInfo Culture='en-US'><Message>Registry value set:&#13;&#10;RuleName: InvDB-Path&#13;&#10;EventType: SetValue&#13;&#10;UtcTime: 2025-03-20 01:02:13.731&#13;&#10;ProcessGuid: {5bf681f8-99f4-67da-3e00-000000001400}&#13;&#10;ProcessId: 2916&#13;&#10;Image: C:\Windows\System32\svchost.exe&#13;&#10;TargetObject: \REGISTRY\A\{595b8b6e-56a8-ce84-068e-ff31c28541fa}\Root\InventoryApplicationFile\ssh.exe|f5bddb07d9da6386\LowerCaseLongPath&#13;&#10;Details: c:\windows\system32\openssh\ssh.exe&#13;&#10;User: NT AUTHORITY\SYSTEM</Message><Level>Information</Level><Task>Registry value set (rule: RegistryEvent)</Task><Opcode>Info</Opcode></RenderingInfo></Event><Event xmlns='http://schemas.microsoft.com/win/2004/08/events/event'><System><Provider Name='Microsoft-Windows-Sysmon' Guid='{5770385f-c22a-43e0-bf4c-06f5698ffbd9}'/><EventID>13</EventID><Version>2</Version><Level>4</Level><Task>13</Task><Opcode>0</Opcode><Keywords>0x8000000000000000</Keywords><TimeCreated SystemTime='2025-03-20T01:02:13.6391692Z'/><EventRecordID>53922</EventRecordID><Correlation/><Execution ProcessID='3120' ThreadID='3992'/><Channel>Microsoft-Windows-Sysmon/Operational</Channel><Computer>WindowsVMEdu</Computer><Security UserID='S-1-5-18'/></System><EventData><Data Name='RuleName'>InvDB-Ver</Data><Data Name='EventType'>SetValue</Data><Data Name='UtcTime'>2025-03-20 01:02:13.622</Data><Data Name='ProcessGuid'>{5bf681f8-99f4-67da-3e00-000000001400}</Data><Data Name='ProcessId'>2916</Data><Data Name='Image'>C:\Windows\System32\svchost.exe</Data><Data Name='TargetObject'>\REGISTRY\A\{c9cdff66-7a74-7bc5-8781-3ef2b0fba706}\Root\InventoryApplicationFile\searchfilterhost|301073cdc3690992\BinProductVersion</Data><Data Name='Details'>7.0.22621.5039</Data><Data Name='User'>NT AUTHORITY\SYSTEM</Data></EventData><RenderingInfo Culture='en-US'><Message>Registry value set:&#13;&#10;RuleName: InvDB-Ver&#13;&#10;EventType: SetValue&#13;&#10;UtcTime: 2025-03-20 01:02:13.622&#13;&#10;ProcessGuid: {5bf681f8-99f4-67da-3e00-000000001400}&#13;&#10;ProcessId: 2916&#13;&#10;Image: C:\Windows\System32\svchost.exe&#13;&#10;TargetObject: \REGISTRY\A\{c9cdff66-7a74-7bc5-8781-3ef2b0fba706}\Root\InventoryApplicationFile\searchfilterhost|301073cdc3690992\BinProductVersion&#13;&#10;Details: 7.0.22621.5039&#13;&#10;User: NT AUTHORITY\SYSTEM</Message><Level>Information</Level><Task>Registry value set (rule: RegistryEvent)</Task><Opcode>Info</Opcode></RenderingInfo></Event><Event xmlns='http://schemas.microsoft.com/win/2004/08/events/event'><System><Provider Name='Microsoft-Windows-Sysmon' Guid='{5770385f-c22a-43e0-bf4c-06f5698ffbd9}'/><EventID>13</EventID><Version>2</Version><Level>4</Level><Task>13</Task><Opcode>0</Opcode><Keywords>0x8000000000000000</Keywords><TimeCreated SystemTime='2025-03-20T01:02:13.6389323Z'/><EventRecordID>53921</EventRecordID><Correlation/><Execution ProcessID='3120' ThreadID='3992'/><Channel>Microsoft-Windows-Sysmon/Operational</Channel><Computer>WindowsVMEdu</Computer><Security UserID='S-1-5-18'/></System><EventData><Data Name='RuleName'>InvDB-CompileTimeClaim</Data><Data Name='EventType'>SetValue</Data><Data Name='UtcTime'>2025-03-20 01:02:13.622</Data><Data Name='ProcessGuid'>{5bf681f8-99f4-67da-3e00-000000001400}</Data><Data Name='ProcessId'>2916</Data><Data Name='Image'>C:\Windows\System32\svchost.exe</Data><Data Name='TargetObject'>\REGISTRY\A\{c9cdff66-7a74-7bc5-8781-3ef2b0fba706}\Root\InventoryApplicationFile\searchfilterhost|301073cdc3690992\LinkDate</Data><Data Name='Details'>03/18/1979 01:29:15</Data><Data Name='User'>NT AUTHORITY\SYSTEM</Data></EventData><RenderingInfo Culture='en-US'><Message>Registry value set:&#13;&#10;RuleName: InvDB-CompileTimeClaim&#13;&#10;EventType: SetValue&#13;&#10;UtcTime: 2025-03-20 01:02:13.622&#13;&#10;ProcessGuid: {5bf681f8-99f4-67da-3e00-000000001400}&#13;&#10;ProcessId: 2916&#13;&#10;Image: C:\Windows\System32\svchost.exe&#13;&#10;TargetObject: \REGISTRY\A\{c9cdff66-7a74-7bc5-8781-3ef2b0fba706}\Root\InventoryApplicationFile\searchfilterhost|301073cdc3690992\LinkDate&#13;&#10;Details: 03/18/1979 01:29:15&#13;&#10;User: NT AUTHORITY\SYSTEM</Message><Level>Information</Level><Task>Registry value set (rule: RegistryEvent)</Task><Opcode>Info</Opcode></RenderingInfo></Event><Event xmlns='http://schemas.microsoft.com/win/2004/08/events/event'><System><Provider Name='Microsoft-Windows-Sysmon' Guid='{5770385f-c22a-43e0-bf4c-06f5698ffbd9}'/><EventID>13</EventID><Version>2</Version><Level>4</Level><Task>13</Task><Opcode>0</Opcode><Keywords>0x8000000000000000</Keywords><TimeCreated SystemTime='2025-03-20T01:02:13.6375613Z'/><EventRecordID>53920</EventRecordID><Correlation/><Execution ProcessID='3120' ThreadID='3992'/><Channel>Microsoft-Windows-Sysmon/Operational</Channel><Computer>WindowsVMEdu</Computer><Security UserID='S-1-5-18'/></System><EventData><Data Name='RuleName'>InvDB-Pub</Data><Data Name='EventType'>SetValue</Data><Data Name='UtcTime'>2025-03-20 01:02:13.622</Data><Data Name='ProcessGuid'>{5bf681f8-99f4-67da-3e00-000000001400}</Data><Data Name='ProcessId'>2916</Data><Data Name='Image'>C:\Windows\System32\svchost.exe</Data><Data Name='TargetObject'>\REGISTRY\A\{c9cdff66-7a74-7bc5-8781-3ef2b0fba706}\Root\InventoryApplicationFile\searchfilterhost|301073cdc3690992\Publisher</Data><Data Name='Details'>microsoft corporation</Data><Data Name='User'>NT AUTHORITY\SYSTEM</Data></EventData><RenderingInfo Culture='en-US'><Message>Registry value set:&#13;&#10;RuleName: InvDB-Pub&#13;&#10;EventType: SetValue&#13;&#10;UtcTime: 2025-03-20 01:02:13.622&#13;&#10;ProcessGuid: {5bf681f8-99f4-67da-3e00-000000001400}&#13;&#10;ProcessId: 2916&#13;&#10;Image: C:\Windows\System32\svchost.exe&#13;&#10;TargetObject: \REGISTRY\A\{c9cdff66-7a74-7bc5-8781-3ef2b0fba706}\Root\InventoryApplicationFile\searchfilterhost|301073cdc3690992\Publisher&#13;&#10;Details: microsoft corporation&#13;&#10;User: NT AUTHORITY\SYSTEM</Message><Level>Information</Level><Task>Registry value set (rule: RegistryEvent)</Task><Opcode>Info</Opcode></RenderingInfo></Event>