<Event xmlns='http://schemas.microsoft.com/win/2004/08/events/event'><System><Provider Name='Microsoft-Windows-Sysmon' Guid='{5770385f-c22a-43e0-bf4c-06f5698ffbd9}'/><EventID>13</EventID><Version>2</Version><Level>4</Level><Task>13</Task><Opcode>0</Opcode><Keywords>0x8000000000000000</Keywords><TimeCreated SystemTime='2025-03-20T01:20:53.4631243Z'/><EventRecordID>53955</EventRecordID><Correlation/><Execution ProcessID='3120' ThreadID='3992'/><Channel>Microsoft-Windows-Sysmon/Operational</Channel><Computer>WindowsVMEdu</Computer><Security UserID='S-1-5-18'/></System><EventData><Data Name='RuleName'>InvDB</Data><Data Name='EventType'>SetValue</Data><Data Name='UtcTime'>2025-03-20 01:20:53.448</Data><Data Name='ProcessGuid'>{5bf681f8-9a42-67da-de00-000000001400}</Data><Data Name='ProcessId'>1372</Data><Data Name='Image'>C:\Windows\system32\svchost.exe</Data><Data Name='TargetObject'>HKU\S-1-5-21-4199084950-446910595-3072948411-1001\Software\Microsoft\Windows NT\CurrentVersion\AppCompatFlags\Compatibility Assistant\Store\C:\Program Files\WindowsApps\Microsoft.WindowsTerminal_1.21.10351.0_x64__8wekyb3d8bbwe\WindowsTerminal.exe</Data><Data Name='Details'>Binary Data</Data><Data Name='User'>NT AUTHORITY\SYSTEM</Data></EventData><RenderingInfo Culture='en-US'><Message>Registry value set:&#13;&#10;RuleName: InvDB&#13;&#10;EventType: SetValue&#13;&#10;UtcTime: 2025-03-20 01:20:53.448&#13;&#10;ProcessGuid: {5bf681f8-9a42-67da-de00-000000001400}&#13;&#10;ProcessId: 1372&#13;&#10;Image: C:\Windows\system32\svchost.exe&#13;&#10;TargetObject: HKU\S-1-5-21-4199084950-446910595-3072948411-1001\Software\Microsoft\Windows NT\CurrentVersion\AppCompatFlags\Compatibility Assistant\Store\C:\Program Files\WindowsApps\Microsoft.WindowsTerminal_1.21.10351.0_x64__8wekyb3d8bbwe\WindowsTerminal.exe&#13;&#10;Details: Binary Data&#13;&#10;User: NT AUTHORITY\SYSTEM</Message><Level>Information</Level><Task>Registry value set (rule: RegistryEvent)</Task><Opcode>Info</Opcode></RenderingInfo></Event><Event xmlns='http://schemas.microsoft.com/win/2004/08/events/event'><System><Provider Name='Microsoft-Windows-Sysmon' Guid='{5770385f-c22a-43e0-bf4c-06f5698ffbd9}'/><EventID>13</EventID><Version>2</Version><Level>4</Level><Task>13</Task><Opcode>0</Opcode><Keywords>0x8000000000000000</Keywords><TimeCreated SystemTime='2025-03-20T01:20:52.4693138Z'/><EventRecordID>53954</EventRecordID><Correlation/><Execution ProcessID='3120' ThreadID='3992'/><Channel>Microsoft-Windows-Sysmon/Operational</Channel><Computer>WindowsVMEdu</Computer><Security UserID='S-1-5-18'/></System><EventData><Data Name='RuleName'>InvDB</Data><Data Name='EventType'>SetValue</Data><Data Name='UtcTime'>2025-03-20 01:20:52.464</Data><Data Name='ProcessGuid'>{5bf681f8-9a42-67da-de00-000000001400}</Data><Data Name='ProcessId'>1372</Data><Data Name='Image'>C:\Windows\system32\svchost.exe</Data><Data Name='TargetObject'>HKU\S-1-5-21-4199084950-446910595-3072948411-1001\Software\Microsoft\Windows NT\CurrentVersion\AppCompatFlags\Compatibility Assistant\Store\C:\Program Files\WindowsApps\Microsoft.WindowsTerminal_1.21.10351.0_x64__8wekyb3d8bbwe\WindowsTerminal.exe</Data><Data Name='Details'>Binary Data</Data><Data Name='User'>NT AUTHORITY\SYSTEM</Data></EventData><RenderingInfo Culture='en-US'><Message>Registry value set:&#13;&#10;RuleName: InvDB&#13;&#10;EventType: SetValue&#13;&#10;UtcTime: 2025-03-20 01:20:52.464&#13;&#10;ProcessGuid: {5bf681f8-9a42-67da-de00-000000001400}&#13;&#10;ProcessId: 1372&#13;&#10;Image: C:\Windows\system32\svchost.exe&#13;&#10;TargetObject: HKU\S-1-5-21-4199084950-446910595-3072948411-1001\Software\Microsoft\Windows NT\CurrentVersion\AppCompatFlags\Compatibility Assistant\Store\C:\Program Files\WindowsApps\Microsoft.WindowsTerminal_1.21.10351.0_x64__8wekyb3d8bbwe\WindowsTerminal.exe&#13;&#10;Details: Binary Data&#13;&#10;User: NT AUTHORITY\SYSTEM</Message><Level>Information</Level><Task>Registry value set (rule: RegistryEvent)</Task><Opcode>Info</Opcode></RenderingInfo></Event><Event xmlns='http://schemas.microsoft.com/win/2004/08/events/event'><System><Provider Name='Microsoft-Windows-Sysmon' Guid='{5770385f-c22a-43e0-bf4c-06f5698ffbd9}'/><EventID>13</EventID><Version>2</Version><Level>4</Level><Task>13</Task><Opcode>0</Opcode><Keywords>0x8000000000000000</Keywords><TimeCreated SystemTime='2025-03-20T01:20:52.4686932Z'/><EventRecordID>53953</EventRecordID><Correlation/><Execution ProcessID='3120' ThreadID='3992'/><Channel>Microsoft-Windows-Sysmon/Operational</Channel><Computer>WindowsVMEdu</Computer><Security UserID='S-1-5-18'/></System><EventData><Data Name='RuleName'>InvDB</Data><Data Name='EventType'>SetValue</Data><Data Name='UtcTime'>2025-03-20 01:20:52.448</Data><Data Name='ProcessGuid'>{5bf681f8-9a42-67da-de00-000000001400}</Data><Data Name='ProcessId'>1372</Data><Data Name='Image'>C:\Windows\system32\svchost.exe</Data><Data Name='TargetObject'>HKU\S-1-5-21-4199084950-446910595-3072948411-1001\Software\Microsoft\Windows NT\CurrentVersion\AppCompatFlags\Compatibility Assistant\Store\C:\Program Files\WindowsApps\Microsoft.WindowsTerminal_1.21.10351.0_x64__8wekyb3d8bbwe\WindowsTerminal.exe</Data><Data Name='Details'>Binary Data</Data><Data Name='User'>NT AUTHORITY\SYSTEM</Data></EventData><RenderingInfo Culture='en-US'><Message>Registry value set:&#13;&#10;RuleName: InvDB&#13;&#10;EventType: SetValue&#13;&#10;UtcTime: 2025-03-20 01:20:52.448&#13;&#10;ProcessGuid: {5bf681f8-9a42-67da-de00-000000001400}&#13;&#10;ProcessId: 1372&#13;&#10;Image: C:\Windows\system32\svchost.exe&#13;&#10;TargetObject: HKU\S-1-5-21-4199084950-446910595-3072948411-1001\Software\Microsoft\Windows NT\CurrentVersion\AppCompatFlags\Compatibility Assistant\Store\C:\Program Files\WindowsApps\Microsoft.WindowsTerminal_1.21.10351.0_x64__8wekyb3d8bbwe\WindowsTerminal.exe&#13;&#10;Details: Binary Data&#13;&#10;User: NT AUTHORITY\SYSTEM</Message><Level>Information</Level><Task>Registry value set (rule: RegistryEvent)</Task><Opcode>Info</Opcode></RenderingInfo></Event><Event xmlns='http://schemas.microsoft.com/win/2004/08/events/event'><System><Provider Name='Microsoft-Windows-Sysmon' Guid='{5770385f-c22a-43e0-bf4c-06f5698ffbd9}'/><EventID>22</EventID><Version>5</Version><Level>4</Level><Task>22</Task><Opcode>0</Opcode><Keywords>0x8000000000000000</Keywords><TimeCreated SystemTime='2025-03-20T01:20:48.1858535Z'/><EventRecordID>53952</EventRecordID><Correlation/><Execution ProcessID='3120' ThreadID='5308'/><Channel>Microsoft-Windows-Sysmon/Operational</Channel><Computer>WindowsVMEdu</Computer><Security UserID='S-1-5-18'/></System><EventData><Data Name='RuleName'>-</Data><Data Name='UtcTime'>2025-03-20 01:20:46.716</Data><Data Name='ProcessGuid'>{5bf681f8-6d6e-67db-dd09-000000001400}</Data><Data Name='ProcessId'>4780</Data><Data Name='QueryName'>wpad</Data><Data Name='QueryStatus'>123</Data><Data Name='QueryResults'>-</Data><Data Name='Image'>C:\Program Files (x86)\Microsoft\Edge\Application\msedge.exe</Data><Data Name='User'>WINDOWSVMEDU\Admin</Data></EventData><RenderingInfo Culture='en-US'><Message>Dns query:&#13;&#10;RuleName: -&#13;&#10;UtcTime: 2025-03-20 01:20:46.716&#13;&#10;ProcessGuid: {5bf681f8-6d6e-67db-dd09-000000001400}&#13;&#10;ProcessId: 4780&#13;&#10;QueryName: wpad&#13;&#10;QueryStatus: 123&#13;&#10;QueryResults: -&#13;&#10;Image: C:\Program Files (x86)\Microsoft\Edge\Application\msedge.exe&#13;&#10;User: WINDOWSVMEDU\Admin</Message><Level>Information</Level><Task>Dns query (rule: DnsQuery)</Task><Opcode>Info</Opcode></RenderingInfo></Event><Event xmlns='http://schemas.microsoft.com/win/2004/08/events/event'><System><Provider Name='Microsoft-Windows-Sysmon' Guid='{5770385f-c22a-43e0-bf4c-06f5698ffbd9}'/><EventID>1</EventID><Version>5</Version><Level>4</Level><Task>1</Task><Opcode>0</Opcode><Keywords>0x8000000000000000</Keywords><TimeCreated SystemTime='2025-03-20T01:20:47.2064853Z'/><EventRecordID>53951</EventRecordID><Correlation/><Execution ProcessID='3120' ThreadID='3992'/><Channel>Microsoft-Windows-Sysmon/Operational</Channel><Computer>WindowsVMEdu</Computer><Security UserID='S-1-5-18'/></System><EventData><Data Name='RuleName'>-</Data><Data Name='UtcTime'>2025-03-20 01:20:47.204</Data><Data Name='ProcessGuid'>{5bf681f8-6d6f-67db-e409-000000001400}</Data><Data Name='ProcessId'>1828</Data><Data Name='Image'>C:\Program Files (x86)\Microsoft\Edge\Application\134.0.3124.72\identity_helper.exe</Data><Data Name='FileVersion'>134.0.3124.72</Data><Data Name='Description'>PWA Identity Proxy Host</Data><Data Name='Product'>Microsoft Edge</Data><Data Name='Company'>Microsoft Corporation</Data><Data Name='OriginalFileName'>identity_helper.exe</Data><Data Name='CommandLine'>"C:\Program Files (x86)\Microsoft\Edge\Application\134.0.3124.72\identity_helper.exe" --type=utility --utility-sub-type=winrt_app_id.mojom.WinrtAppIdService --lang=en-US --service-sandbox-type=none --always-read-main-dll --field-trial-handle=2332,i,18056347106009274956,16308117657988434558,262144 --variations-seed-version --mojo-platform-channel-handle=4752 /prefetch:14</Data><Data Name='CurrentDirectory'>C:\Program Files (x86)\Microsoft\Edge\Application\134.0.3124.72\</Data><Data Name='User'>WINDOWSVMEDU\Admin</Data><Data Name='LogonGuid'>{5bf681f8-9abd-67da-7d48-1d0000000000}</Data><Data Name='LogonId'>0x1d487d</Data><Data Name='TerminalSessionId'>1</Data><Data Name='IntegrityLevel'>Medium</Data><Data Name='Hashes'>MD5=E4117532BB1096E9247D87B41B5D4F6A,SHA256=273635D57841212212A39707A871AAB081464FCF8E2A341BFA6DB123DD60D6CC,IMPHASH=B13678F5B4C85BF73C2C579BEA3575CC</Data><Data Name='ParentProcessGuid'>{5bf681f8-6d6e-67db-da09-000000001400}</Data><Data Name='ParentProcessId'>5076</Data><Data Name='ParentImage'>C:\Program Files (x86)\Microsoft\Edge\Application\msedge.exe</Data><Data Name='ParentCommandLine'>"C:\Program Files (x86)\Microsoft\Edge\Application\msedge.exe" --no-startup-window</Data><Data Name='ParentUser'>WINDOWSVMEDU\Admin</Data></EventData><RenderingInfo Culture='en-US'><Message>Process Create:&#13;&#10;RuleName: -&#13;&#10;UtcTime: 2025-03-20 01:20:47.204&#13;&#10;ProcessGuid: {5bf681f8-6d6f-67db-e409-000000001400}&#13;&#10;ProcessId: 1828&#13;&#10;Image: C:\Program Files (x86)\Microsoft\Edge\Application\134.0.3124.72\identity_helper.exe&#13;&#10;FileVersion: 134.0.3124.72&#13;&#10;Description: PWA Identity Proxy Host&#13;&#10;Product: Microsoft Edge&#13;&#10;Company: Microsoft Corporation&#13;&#10;OriginalFileName: identity_helper.exe&#13;&#10;CommandLine: "C:\Program Files (x86)\Microsoft\Edge\Application\134.0.3124.72\identity_helper.exe" --type=utility --utility-sub-type=winrt_app_id.mojom.WinrtAppIdService --lang=en-US --service-sandbox-type=none --always-read-main-dll --field-trial-handle=2332,i,18056347106009274956,16308117657988434558,262144 --variations-seed-version --mojo-platform-channel-handle=4752 /prefetch:14&#13;&#10;CurrentDirectory: C:\Program Files (x86)\Microsoft\Edge\Application\134.0.3124.72\&#13;&#10;User: WINDOWSVMEDU\Admin&#13;&#10;LogonGuid: {5bf681f8-9abd-67da-7d48-1d0000000000}&#13;&#10;LogonId: 0x1D487D&#13;&#10;TerminalSessionId: 1&#13;&#10;IntegrityLevel: Medium&#13;&#10;Hashes: MD5=E4117532BB1096E9247D87B41B5D4F6A,SHA256=273635D57841212212A39707A871AAB081464FCF8E2A341BFA6DB123DD60D6CC,IMPHASH=B13678F5B4C85BF73C2C579BEA3575CC&#13;&#10;ParentProcessGuid: {5bf681f8-6d6e-67db-da09-000000001400}&#13;&#10;ParentProcessId: 5076&#13;&#10;ParentImage: C:\Program Files (x86)\Microsoft\Edge\Application\msedge.exe&#13;&#10;ParentCommandLine: "C:\Program Files (x86)\Microsoft\Edge\Application\msedge.exe" --no-startup-window&#13;&#10;ParentUser: WINDOWSVMEDU\Admin</Message><Level>Information</Level><Task>Process Create (rule: ProcessCreate)</Task><Opcode>Info</Opcode></RenderingInfo></Event><Event xmlns='http://schemas.microsoft.com/win/2004/08/events/event'><System><Provider Name='Microsoft-Windows-Sysmon' Guid='{5770385f-c22a-43e0-bf4c-06f5698ffbd9}'/><EventID>1</EventID><Version>5</Version><Level>4</Level><Task>1</Task><Opcode>0</Opcode><Keywords>0x8000000000000000</Keywords><TimeCreated SystemTime='2025-03-20T01:20:47.1853902Z'/><EventRecordID>53950</EventRecordID><Correlation/><Execution ProcessID='3120' ThreadID='3992'/><Channel>Microsoft-Windows-Sysmon/Operational</Channel><Computer>WindowsVMEdu</Computer><Security UserID='S-1-5-18'/></System><EventData><Data Name='RuleName'>-</Data><Data Name='UtcTime'>2025-03-20 01:20:47.168</Data><Data Name='ProcessGuid'>{5bf681f8-6d6f-67db-e309-000000001400}</Data><Data Name='ProcessId'>9052</Data><Data Name='Image'>C:\Program Files (x86)\Microsoft\Edge\Application\134.0.3124.72\identity_helper.exe</Data><Data Name='FileVersion'>134.0.3124.72</Data><Data Name='Description'>PWA Identity Proxy Host</Data><Data Name='Product'>Microsoft Edge</Data><Data Name='Company'>Microsoft Corporation</Data><Data Name='OriginalFileName'>identity_helper.exe</Data><Data Name='CommandLine'>"C:\Program Files (x86)\Microsoft\Edge\Application\134.0.3124.72\identity_helper.exe" --type=utility --utility-sub-type=winrt_app_id.mojom.WinrtAppIdService --lang=en-US --service-sandbox-type=none --always-read-main-dll --field-trial-handle=2332,i,18056347106009274956,16308117657988434558,262144 --variations-seed-version --mojo-platform-channel-handle=4752 /prefetch:14</Data><Data Name='CurrentDirectory'>C:\Program Files (x86)\Microsoft\Edge\Application\134.0.3124.72\</Data><Data Name='User'>WINDOWSVMEDU\Admin</Data><Data Name='LogonGuid'>{5bf681f8-9abd-67da-7d48-1d0000000000}</Data><Data Name='LogonId'>0x1d487d</Data><Data Name='TerminalSessionId'>1</Data><Data Name='IntegrityLevel'>Medium</Data><Data Name='Hashes'>MD5=E4117532BB1096E9247D87B41B5D4F6A,SHA256=273635D57841212212A39707A871AAB081464FCF8E2A341BFA6DB123DD60D6CC,IMPHASH=B13678F5B4C85BF73C2C579BEA3575CC</Data><Data Name='ParentProcessGuid'>{5bf681f8-6d6e-67db-da09-000000001400}</Data><Data Name='ParentProcessId'>5076</Data><Data Name='ParentImage'>C:\Program Files (x86)\Microsoft\Edge\Application\msedge.exe</Data><Data Name='ParentCommandLine'>"C:\Program Files (x86)\Microsoft\Edge\Application\msedge.exe" --no-startup-window</Data><Data Name='ParentUser'>WINDOWSVMEDU\Admin</Data></EventData><RenderingInfo Culture='en-US'><Message>Process Create:&#13;&#10;RuleName: -&#13;&#10;UtcTime: 2025-03-20 01:20:47.168&#13;&#10;ProcessGuid: {5bf681f8-6d6f-67db-e309-000000001400}&#13;&#10;ProcessId: 9052&#13;&#10;Image: C:\Program Files (x86)\Microsoft\Edge\Application\134.0.3124.72\identity_helper.exe&#13;&#10;FileVersion: 134.0.3124.72&#13;&#10;Description: PWA Identity Proxy Host&#13;&#10;Product: Microsoft Edge&#13;&#10;Company: Microsoft Corporation&#13;&#10;OriginalFileName: identity_helper.exe&#13;&#10;CommandLine: "C:\Program Files (x86)\Microsoft\Edge\Application\134.0.3124.72\identity_helper.exe" --type=utility --utility-sub-type=winrt_app_id.mojom.WinrtAppIdService --lang=en-US --service-sandbox-type=none --always-read-main-dll --field-trial-handle=2332,i,18056347106009274956,16308117657988434558,262144 --variations-seed-version --mojo-platform-channel-handle=4752 /prefetch:14&#13;&#10;CurrentDirectory: C:\Program Files (x86)\Microsoft\Edge\Application\134.0.3124.72\&#13;&#10;User: WINDOWSVMEDU\Admin&#13;&#10;LogonGuid: {5bf681f8-9abd-67da-7d48-1d0000000000}&#13;&#10;LogonId: 0x1D487D&#13;&#10;TerminalSessionId: 1&#13;&#10;IntegrityLevel: Medium&#13;&#10;Hashes: MD5=E4117532BB1096E9247D87B41B5D4F6A,SHA256=273635D57841212212A39707A871AAB081464FCF8E2A341BFA6DB123DD60D6CC,IMPHASH=B13678F5B4C85BF73C2C579BEA3575CC&#13;&#10;ParentProcessGuid: {5bf681f8-6d6e-67db-da09-000000001400}&#13;&#10;ParentProcessId: 5076&#13;&#10;ParentImage: C:\Program Files (x86)\Microsoft\Edge\Application\msedge.exe&#13;&#10;ParentCommandLine: "C:\Program Files (x86)\Microsoft\Edge\Application\msedge.exe" --no-startup-window&#13;&#10;ParentUser: WINDOWSVMEDU\Admin</Message><Level>Information</Level><Task>Process Create (rule: ProcessCreate)</Task><Opcode>Info</Opcode></RenderingInfo></Event><Event xmlns='http://schemas.microsoft.com/win/2004/08/events/event'><System><Provider Name='Microsoft-Windows-Sysmon' Guid='{5770385f-c22a-43e0-bf4c-06f5698ffbd9}'/><EventID>1</EventID><Version>5</Version><Level>4</Level><Task>1</Task><Opcode>0</Opcode><Keywords>0x8000000000000000</Keywords><TimeCreated SystemTime='2025-03-20T01:20:46.9483952Z'/><EventRecordID>53949</EventRecordID><Correlation/><Execution ProcessID='3120' ThreadID='3992'/><Channel>Microsoft-Windows-Sysmon/Operational</Channel><Computer>WindowsVMEdu</Computer><Security UserID='S-1-5-18'/></System><EventData><Data Name='RuleName'>-</Data><Data Name='UtcTime'>2025-03-20 01:20:46.943</Data><Data Name='ProcessGuid'>{5bf681f8-6d6e-67db-e109-000000001400}</Data><Data Name='ProcessId'>9268</Data><Data Name='Image'>C:\Windows\System32\DataExchangeHost.exe</Data><Data Name='FileVersion'>10.0.22621.4830 (WinBuild.160101.0800)</Data><Data Name='Description'>Data Exchange Host</Data><Data Name='Product'>Microsoft® Windows® Operating System</Data><Data Name='Company'>Microsoft Corporation</Data><Data Name='OriginalFileName'>DataExchangeHost.exe</Data><Data Name='CommandLine'>C:\Windows\System32\DataExchangeHost.exe -Embedding</Data><Data Name='CurrentDirectory'>C:\Windows\system32\</Data><Data Name='User'>WINDOWSVMEDU\Admin</Data><Data Name='LogonGuid'>{5bf681f8-9abd-67da-7d48-1d0000000000}</Data><Data Name='LogonId'>0x1d487d</Data><Data Name='TerminalSessionId'>1</Data><Data Name='IntegrityLevel'>Medium</Data><Data Name='Hashes'>MD5=5B52C3CA43BDCC6C86DF87EA78DB21D9,SHA256=CECF35A4C2748D57AFA1A9F6BA61416E9902298DF812C636757A7082DB6B3728,IMPHASH=796FE5F84CCC279BDF54034D62747F10</Data><Data Name='ParentProcessGuid'>{5bf681f8-99f2-67da-0d00-000000001400}</Data><Data Name='ParentProcessId'>944</Data><Data Name='ParentImage'>C:\Windows\System32\svchost.exe</Data><Data Name='ParentCommandLine'>C:\Windows\system32\svchost.exe -k DcomLaunch -p</Data><Data Name='ParentUser'>NT AUTHORITY\SYSTEM</Data></EventData><RenderingInfo Culture='en-US'><Message>Process Create:&#13;&#10;RuleName: -&#13;&#10;UtcTime: 2025-03-20 01:20:46.943&#13;&#10;ProcessGuid: {5bf681f8-6d6e-67db-e109-000000001400}&#13;&#10;ProcessId: 9268&#13;&#10;Image: C:\Windows\System32\DataExchangeHost.exe&#13;&#10;FileVersion: 10.0.22621.4830 (WinBuild.160101.0800)&#13;&#10;Description: Data Exchange Host&#13;&#10;Product: Microsoft® Windows® Operating System&#13;&#10;Company: Microsoft Corporation&#13;&#10;OriginalFileName: DataExchangeHost.exe&#13;&#10;CommandLine: C:\Windows\System32\DataExchangeHost.exe -Embedding&#13;&#10;CurrentDirectory: C:\Windows\system32\&#13;&#10;User: WINDOWSVMEDU\Admin&#13;&#10;LogonGuid: {5bf681f8-9abd-67da-7d48-1d0000000000}&#13;&#10;LogonId: 0x1D487D&#13;&#10;TerminalSessionId: 1&#13;&#10;IntegrityLevel: Medium&#13;&#10;Hashes: MD5=5B52C3CA43BDCC6C86DF87EA78DB21D9,SHA256=CECF35A4C2748D57AFA1A9F6BA61416E9902298DF812C636757A7082DB6B3728,IMPHASH=796FE5F84CCC279BDF54034D62747F10&#13;&#10;ParentProcessGuid: {5bf681f8-99f2-67da-0d00-000000001400}&#13;&#10;ParentProcessId: 944&#13;&#10;ParentImage: C:\Windows\System32\svchost.exe&#13;&#10;ParentCommandLine: C:\Windows\system32\svchost.exe -k DcomLaunch -p&#13;&#10;ParentUser: NT AUTHORITY\SYSTEM</Message><Level>Information</Level><Task>Process Create (rule: ProcessCreate)</Task><Opcode>Info</Opcode></RenderingInfo></Event><Event xmlns='http://schemas.microsoft.com/win/2004/08/events/event'><System><Provider Name='Microsoft-Windows-Sysmon' Guid='{5770385f-c22a-43e0-bf4c-06f5698ffbd9}'/><EventID>1</EventID><Version>5</Version><Level>4</Level><Task>1</Task><Opcode>0</Opcode><Keywords>0x8000000000000000</Keywords><TimeCreated SystemTime='2025-03-20T01:20:46.4889205Z'/><EventRecordID>53948</EventRecordID><Correlation/><Execution ProcessID='3120' ThreadID='3992'/><Channel>Microsoft-Windows-Sysmon/Operational</Channel><Computer>WindowsVMEdu</Computer><Security UserID='S-1-5-18'/></System><EventData><Data Name='RuleName'>-</Data><Data Name='UtcTime'>2025-03-20 01:20:46.486</Data><Data Name='ProcessGuid'>{5bf681f8-6d6e-67db-df09-000000001400}</Data><Data Name='ProcessId'>9804</Data><Data Name='Image'>C:\Program Files (x86)\Microsoft\Edge\Application\134.0.3124.72\elevation_service.exe</Data><Data Name='FileVersion'>134.0.3124.72</Data><Data Name='Description'>Microsoft Edge</Data><Data Name='Product'>Microsoft Edge</Data><Data Name='Company'>Microsoft Corporation</Data><Data Name='OriginalFileName'>elevation_service.exe</Data><Data Name='CommandLine'>"C:\Program Files (x86)\Microsoft\Edge\Application\134.0.3124.72\elevation_service.exe"</Data><Data Name='CurrentDirectory'>C:\Windows\system32\</Data><Data Name='User'>NT AUTHORITY\SYSTEM</Data><Data Name='LogonGuid'>{5bf681f8-99f2-67da-e703-000000000000}</Data><Data Name='LogonId'>0x3e7</Data><Data Name='TerminalSessionId'>0</Data><Data Name='IntegrityLevel'>System</Data><Data Name='Hashes'>MD5=462A36396074BC0231FBAF5FD0BB1795,SHA256=95E34BF55BA3618969DA35AAAD6DE338C5CAA544EE47679B2BE62B85EDD12E8B,IMPHASH=394B0475CDBA36AF68381F652BC764FF</Data><Data Name='ParentProcessGuid'>{5bf681f8-99f1-67da-0b00-000000001400}</Data><Data Name='ParentProcessId'>800</Data><Data Name='ParentImage'>C:\Windows\System32\services.exe</Data><Data Name='ParentCommandLine'>C:\Windows\system32\services.exe</Data><Data Name='ParentUser'>NT AUTHORITY\SYSTEM</Data></EventData><RenderingInfo Culture='en-US'><Message>Process Create:&#13;&#10;RuleName: -&#13;&#10;UtcTime: 2025-03-20 01:20:46.486&#13;&#10;ProcessGuid: {5bf681f8-6d6e-67db-df09-000000001400}&#13;&#10;ProcessId: 9804&#13;&#10;Image: C:\Program Files (x86)\Microsoft\Edge\Application\134.0.3124.72\elevation_service.exe&#13;&#10;FileVersion: 134.0.3124.72&#13;&#10;Description: Microsoft Edge&#13;&#10;Product: Microsoft Edge&#13;&#10;Company: Microsoft Corporation&#13;&#10;OriginalFileName: elevation_service.exe&#13;&#10;CommandLine: "C:\Program Files (x86)\Microsoft\Edge\Application\134.0.3124.72\elevation_service.exe"&#13;&#10;CurrentDirectory: C:\Windows\system32\&#13;&#10;User: NT AUTHORITY\SYSTEM&#13;&#10;LogonGuid: {5bf681f8-99f2-67da-e703-000000000000}&#13;&#10;LogonId: 0x3E7&#13;&#10;TerminalSessionId: 0&#13;&#10;IntegrityLevel: System&#13;&#10;Hashes: MD5=462A36396074BC0231FBAF5FD0BB1795,SHA256=95E34BF55BA3618969DA35AAAD6DE338C5CAA544EE47679B2BE62B85EDD12E8B,IMPHASH=394B0475CDBA36AF68381F652BC764FF&#13;&#10;ParentProcessGuid: {5bf681f8-99f1-67da-0b00-000000001400}&#13;&#10;ParentProcessId: 800&#13;&#10;ParentImage: C:\Windows\System32\services.exe&#13;&#10;ParentCommandLine: C:\Windows\system32\services.exe&#13;&#10;ParentUser: NT AUTHORITY\SYSTEM</Message><Level>Information</Level><Task>Process Create (rule: ProcessCreate)</Task><Opcode>Info</Opcode></RenderingInfo></Event><Event xmlns='http://schemas.microsoft.com/win/2004/08/events/event'><System><Provider Name='Microsoft-Windows-Sysmon' Guid='{5770385f-c22a-43e0-bf4c-06f5698ffbd9}'/><EventID>1</EventID><Version>5</Version><Level>4</Level><Task>1</Task><Opcode>0</Opcode><Keywords>0x8000000000000000</Keywords><TimeCreated SystemTime='2025-03-20T01:20:46.4517193Z'/><EventRecordID>53947</EventRecordID><Correlation/><Execution ProcessID='3120' ThreadID='3992'/><Channel>Microsoft-Windows-Sysmon/Operational</Channel><Computer>WindowsVMEdu</Computer><Security UserID='S-1-5-18'/></System><EventData><Data Name='RuleName'>-</Data><Data Name='UtcTime'>2025-03-20 01:20:46.366</Data><Data Name='ProcessGuid'>{5bf681f8-6d6e-67db-de09-000000001400}</Data><Data Name='ProcessId'>7052</Data><Data Name='Image'>C:\Program Files (x86)\Microsoft\Edge\Application\msedge.exe</Data><Data Name='FileVersion'>134.0.3124.72</Data><Data Name='Description'>Microsoft Edge</Data><Data Name='Product'>Microsoft Edge</Data><Data Name='Company'>Microsoft Corporation</Data><Data Name='OriginalFileName'>msedge.exe</Data><Data Name='CommandLine'>"C:\Program Files (x86)\Microsoft\Edge\Application\msedge.exe" --type=utility --utility-sub-type=storage.mojom.StorageService --lang=en-US --service-sandbox-type=service --always-read-main-dll --field-trial-handle=2332,i,18056347106009274956,16308117657988434558,262144 --variations-seed-version --mojo-platform-channel-handle=2604 /prefetch:13</Data><Data Name='CurrentDirectory'>C:\Program Files (x86)\Microsoft\Edge\Application\134.0.3124.72\</Data><Data Name='User'>WINDOWSVMEDU\Admin</Data><Data Name='LogonGuid'>{5bf681f8-9abd-67da-7d48-1d0000000000}</Data><Data Name='LogonId'>0x1d487d</Data><Data Name='TerminalSessionId'>1</Data><Data Name='IntegrityLevel'>Low</Data><Data Name='Hashes'>MD5=57C9431D31F45C7BAD6D7B24156BE147,SHA256=4EBE7D3DA29564CD88A289893F63C0E156AA54416D5867661CD1071F37939561,IMPHASH=1489800E3D4E83B6EA868388D457DAF9</Data><Data Name='ParentProcessGuid'>{5bf681f8-6d6e-67db-da09-000000001400}</Data><Data Name='ParentProcessId'>5076</Data><Data Name='ParentImage'>C:\Program Files (x86)\Microsoft\Edge\Application\msedge.exe</Data><Data Name='ParentCommandLine'>"C:\Program Files (x86)\Microsoft\Edge\Application\msedge.exe" --no-startup-window</Data><Data Name='ParentUser'>WINDOWSVMEDU\Admin</Data></EventData><RenderingInfo Culture='en-US'><Message>Process Create:&#13;&#10;RuleName: -&#13;&#10;UtcTime: 2025-03-20 01:20:46.366&#13;&#10;ProcessGuid: {5bf681f8-6d6e-67db-de09-000000001400}&#13;&#10;ProcessId: 7052&#13;&#10;Image: C:\Program Files (x86)\Microsoft\Edge\Application\msedge.exe&#13;&#10;FileVersion: 134.0.3124.72&#13;&#10;Description: Microsoft Edge&#13;&#10;Product: Microsoft Edge&#13;&#10;Company: Microsoft Corporation&#13;&#10;OriginalFileName: msedge.exe&#13;&#10;CommandLine: "C:\Program Files (x86)\Microsoft\Edge\Application\msedge.exe" --type=utility --utility-sub-type=storage.mojom.StorageService --lang=en-US --service-sandbox-type=service --always-read-main-dll --field-trial-handle=2332,i,18056347106009274956,16308117657988434558,262144 --variations-seed-version --mojo-platform-channel-handle=2604 /prefetch:13&#13;&#10;CurrentDirectory: C:\Program Files (x86)\Microsoft\Edge\Application\134.0.3124.72\&#13;&#10;User: WINDOWSVMEDU\Admin&#13;&#10;LogonGuid: {5bf681f8-9abd-67da-7d48-1d0000000000}&#13;&#10;LogonId: 0x1D487D&#13;&#10;TerminalSessionId: 1&#13;&#10;IntegrityLevel: Low&#13;&#10;Hashes: MD5=57C9431D31F45C7BAD6D7B24156BE147,SHA256=4EBE7D3DA29564CD88A289893F63C0E156AA54416D5867661CD1071F37939561,IMPHASH=1489800E3D4E83B6EA868388D457DAF9&#13;&#10;ParentProcessGuid: {5bf681f8-6d6e-67db-da09-000000001400}&#13;&#10;ParentProcessId: 5076&#13;&#10;ParentImage: C:\Program Files (x86)\Microsoft\Edge\Application\msedge.exe&#13;&#10;ParentCommandLine: "C:\Program Files (x86)\Microsoft\Edge\Application\msedge.exe" --no-startup-window&#13;&#10;ParentUser: WINDOWSVMEDU\Admin</Message><Level>Information</Level><Task>Process Create (rule: ProcessCreate)</Task><Opcode>Info</Opcode></RenderingInfo></Event><Event xmlns='http://schemas.microsoft.com/win/2004/08/events/event'><System><Provider Name='Microsoft-Windows-Sysmon' Guid='{5770385f-c22a-43e0-bf4c-06f5698ffbd9}'/><EventID>1</EventID><Version>5</Version><Level>4</Level><Task>1</Task><Opcode>0</Opcode><Keywords>0x8000000000000000</Keywords><TimeCreated SystemTime='2025-03-20T01:20:46.3356725Z'/><EventRecordID>53946</EventRecordID><Correlation/><Execution ProcessID='3120' ThreadID='3992'/><Channel>Microsoft-Windows-Sysmon/Operational</Channel><Computer>WindowsVMEdu</Computer><Security UserID='S-1-5-18'/></System><EventData><Data Name='RuleName'>-</Data><Data Name='UtcTime'>2025-03-20 01:20:46.313</Data><Data Name='ProcessGuid'>{5bf681f8-6d6e-67db-dd09-000000001400}</Data><Data Name='ProcessId'>4780</Data><Data Name='Image'>C:\Program Files (x86)\Microsoft\Edge\Application\msedge.exe</Data><Data Name='FileVersion'>134.0.3124.72</Data><Data Name='Description'>Microsoft Edge</Data><Data Name='Product'>Microsoft Edge</Data><Data Name='Company'>Microsoft Corporation</Data><Data Name='OriginalFileName'>msedge.exe</Data><Data Name='CommandLine'>"C:\Program Files (x86)\Microsoft\Edge\Application\msedge.exe" --type=utility --utility-sub-type=network.mojom.NetworkService --lang=en-US --service-sandbox-type=none --no-pre-read-main-dll --always-read-main-dll --field-trial-handle=2332,i,18056347106009274956,16308117657988434558,262144 --variations-seed-version --mojo-platform-channel-handle=2512 /prefetch:11</Data><Data Name='CurrentDirectory'>C:\Program Files (x86)\Microsoft\Edge\Application\134.0.3124.72\</Data><Data Name='User'>WINDOWSVMEDU\Admin</Data><Data Name='LogonGuid'>{5bf681f8-9abd-67da-7d48-1d0000000000}</Data><Data Name='LogonId'>0x1d487d</Data><Data Name='TerminalSessionId'>1</Data><Data Name='IntegrityLevel'>Medium</Data><Data Name='Hashes'>MD5=57C9431D31F45C7BAD6D7B24156BE147,SHA256=4EBE7D3DA29564CD88A289893F63C0E156AA54416D5867661CD1071F37939561,IMPHASH=1489800E3D4E83B6EA868388D457DAF9</Data><Data Name='ParentProcessGuid'>{5bf681f8-6d6e-67db-da09-000000001400}</Data><Data Name='ParentProcessId'>5076</Data><Data Name='ParentImage'>C:\Program Files (x86)\Microsoft\Edge\Application\msedge.exe</Data><Data Name='ParentCommandLine'>"C:\Program Files (x86)\Microsoft\Edge\Application\msedge.exe" --no-startup-window</Data><Data Name='ParentUser'>WINDOWSVMEDU\Admin</Data></EventData><RenderingInfo Culture='en-US'><Message>Process Create:&#13;&#10;RuleName: -&#13;&#10;UtcTime: 2025-03-20 01:20:46.313&#13;&#10;ProcessGuid: {5bf681f8-6d6e-67db-dd09-000000001400}&#13;&#10;ProcessId: 4780&#13;&#10;Image: C:\Program Files (x86)\Microsoft\Edge\Application\msedge.exe&#13;&#10;FileVersion: 134.0.3124.72&#13;&#10;Description: Microsoft Edge&#13;&#10;Product: Microsoft Edge&#13;&#10;Company: Microsoft Corporation&#13;&#10;OriginalFileName: msedge.exe&#13;&#10;CommandLine: "C:\Program Files (x86)\Microsoft\Edge\Application\msedge.exe" --type=utility --utility-sub-type=network.mojom.NetworkService --lang=en-US --service-sandbox-type=none --no-pre-read-main-dll --always-read-main-dll --field-trial-handle=2332,i,18056347106009274956,16308117657988434558,262144 --variations-seed-version --mojo-platform-channel-handle=2512 /prefetch:11&#13;&#10;CurrentDirectory: C:\Program Files (x86)\Microsoft\Edge\Application\134.0.3124.72\&#13;&#10;User: WINDOWSVMEDU\Admin&#13;&#10;LogonGuid: {5bf681f8-9abd-67da-7d48-1d0000000000}&#13;&#10;LogonId: 0x1D487D&#13;&#10;TerminalSessionId: 1&#13;&#10;IntegrityLevel: Medium&#13;&#10;Hashes: MD5=57C9431D31F45C7BAD6D7B24156BE147,SHA256=4EBE7D3DA29564CD88A289893F63C0E156AA54416D5867661CD1071F37939561,IMPHASH=1489800E3D4E83B6EA868388D457DAF9&#13;&#10;ParentProcessGuid: {5bf681f8-6d6e-67db-da09-000000001400}&#13;&#10;ParentProcessId: 5076&#13;&#10;ParentImage: C:\Program Files (x86)\Microsoft\Edge\Application\msedge.exe&#13;&#10;ParentCommandLine: "C:\Program Files (x86)\Microsoft\Edge\Application\msedge.exe" --no-startup-window&#13;&#10;ParentUser: WINDOWSVMEDU\Admin</Message><Level>Information</Level><Task>Process Create (rule: ProcessCreate)</Task><Opcode>Info</Opcode></RenderingInfo></Event><Event xmlns='http://schemas.microsoft.com/win/2004/08/events/event'><System><Provider Name='Microsoft-Windows-Sysmon' Guid='{5770385f-c22a-43e0-bf4c-06f5698ffbd9}'/><EventID>1</EventID><Version>5</Version><Level>4</Level><Task>1</Task><Opcode>0</Opcode><Keywords>0x8000000000000000</Keywords><TimeCreated SystemTime='2025-03-20T01:20:46.3342993Z'/><EventRecordID>53945</EventRecordID><Correlation/><Execution ProcessID='3120' ThreadID='3992'/><Channel>Microsoft-Windows-Sysmon/Operational</Channel><Computer>WindowsVMEdu</Computer><Security UserID='S-1-5-18'/></System><EventData><Data Name='RuleName'>-</Data><Data Name='UtcTime'>2025-03-20 01:20:46.309</Data><Data Name='ProcessGuid'>{5bf681f8-6d6e-67db-dc09-000000001400}</Data><Data Name='ProcessId'>9540</Data><Data Name='Image'>C:\Program Files (x86)\Microsoft\Edge\Application\msedge.exe</Data><Data Name='FileVersion'>134.0.3124.72</Data><Data Name='Description'>Microsoft Edge</Data><Data Name='Product'>Microsoft Edge</Data><Data Name='Company'>Microsoft Corporation</Data><Data Name='OriginalFileName'>msedge.exe</Data><Data Name='CommandLine'>"C:\Program Files (x86)\Microsoft\Edge\Application\msedge.exe" --type=gpu-process --no-pre-read-main-dll --gpu-preferences=UAAAAAAAAADgAAAEAAAAAAAAAAAAAAAAAABgAAEAAAAAAAAAAAAAAAAAAAACAAAAAAAAAAAAAAAAAAAAAAAAABAAAAAAAAAAEAAAAAAAAAAIAAAAAAAAAAgAAAAAAAAA --always-read-main-dll --field-trial-handle=2332,i,18056347106009274956,16308117657988434558,262144 --variations-seed-version --mojo-platform-channel-handle=2324 /prefetch:2</Data><Data Name='CurrentDirectory'>C:\Program Files (x86)\Microsoft\Edge\Application\134.0.3124.72\</Data><Data Name='User'>WINDOWSVMEDU\Admin</Data><Data Name='LogonGuid'>{5bf681f8-9abd-67da-7d48-1d0000000000}</Data><Data Name='LogonId'>0x1d487d</Data><Data Name='TerminalSessionId'>1</Data><Data Name='IntegrityLevel'>Low</Data><Data Name='Hashes'>MD5=57C9431D31F45C7BAD6D7B24156BE147,SHA256=4EBE7D3DA29564CD88A289893F63C0E156AA54416D5867661CD1071F37939561,IMPHASH=1489800E3D4E83B6EA868388D457DAF9</Data><Data Name='ParentProcessGuid'>{5bf681f8-6d6e-67db-da09-000000001400}</Data><Data Name='ParentProcessId'>5076</Data><Data Name='ParentImage'>C:\Program Files (x86)\Microsoft\Edge\Application\msedge.exe</Data><Data Name='ParentCommandLine'>"C:\Program Files (x86)\Microsoft\Edge\Application\msedge.exe" --no-startup-window</Data><Data Name='ParentUser'>WINDOWSVMEDU\Admin</Data></EventData><RenderingInfo Culture='en-US'><Message>Process Create:&#13;&#10;RuleName: -&#13;&#10;UtcTime: 2025-03-20 01:20:46.309&#13;&#10;ProcessGuid: {5bf681f8-6d6e-67db-dc09-000000001400}&#13;&#10;ProcessId: 9540&#13;&#10;Image: C:\Program Files (x86)\Microsoft\Edge\Application\msedge.exe&#13;&#10;FileVersion: 134.0.3124.72&#13;&#10;Description: Microsoft Edge&#13;&#10;Product: Microsoft Edge&#13;&#10;Company: Microsoft Corporation&#13;&#10;OriginalFileName: msedge.exe&#13;&#10;CommandLine: "C:\Program Files (x86)\Microsoft\Edge\Application\msedge.exe" --type=gpu-process --no-pre-read-main-dll --gpu-preferences=UAAAAAAAAADgAAAEAAAAAAAAAAAAAAAAAABgAAEAAAAAAAAAAAAAAAAAAAACAAAAAAAAAAAAAAAAAAAAAAAAABAAAAAAAAAAEAAAAAAAAAAIAAAAAAAAAAgAAAAAAAAA --always-read-main-dll --field-trial-handle=2332,i,18056347106009274956,16308117657988434558,262144 --variations-seed-version --mojo-platform-channel-handle=2324 /prefetch:2&#13;&#10;CurrentDirectory: C:\Program Files (x86)\Microsoft\Edge\Application\134.0.3124.72\&#13;&#10;User: WINDOWSVMEDU\Admin&#13;&#10;LogonGuid: {5bf681f8-9abd-67da-7d48-1d0000000000}&#13;&#10;LogonId: 0x1D487D&#13;&#10;TerminalSessionId: 1&#13;&#10;IntegrityLevel: Low&#13;&#10;Hashes: MD5=57C9431D31F45C7BAD6D7B24156BE147,SHA256=4EBE7D3DA29564CD88A289893F63C0E156AA54416D5867661CD1071F37939561,IMPHASH=1489800E3D4E83B6EA868388D457DAF9&#13;&#10;ParentProcessGuid: {5bf681f8-6d6e-67db-da09-000000001400}&#13;&#10;ParentProcessId: 5076&#13;&#10;ParentImage: C:\Program Files (x86)\Microsoft\Edge\Application\msedge.exe&#13;&#10;ParentCommandLine: "C:\Program Files (x86)\Microsoft\Edge\Application\msedge.exe" --no-startup-window&#13;&#10;ParentUser: WINDOWSVMEDU\Admin</Message><Level>Information</Level><Task>Process Create (rule: ProcessCreate)</Task><Opcode>Info</Opcode></RenderingInfo></Event><Event xmlns='http://schemas.microsoft.com/win/2004/08/events/event'><System><Provider Name='Microsoft-Windows-Sysmon' Guid='{5770385f-c22a-43e0-bf4c-06f5698ffbd9}'/><EventID>1</EventID><Version>5</Version><Level>4</Level><Task>1</Task><Opcode>0</Opcode><Keywords>0x8000000000000000</Keywords><TimeCreated SystemTime='2025-03-20T01:20:46.1338523Z'/><EventRecordID>53944</EventRecordID><Correlation/><Execution ProcessID='3120' ThreadID='3992'/><Channel>Microsoft-Windows-Sysmon/Operational</Channel><Computer>WindowsVMEdu</Computer><Security UserID='S-1-5-18'/></System><EventData><Data Name='RuleName'>-</Data><Data Name='UtcTime'>2025-03-20 01:20:46.129</Data><Data Name='ProcessGuid'>{5bf681f8-6d6e-67db-db09-000000001400}</Data><Data Name='ProcessId'>3904</Data><Data Name='Image'>C:\Program Files (x86)\Microsoft\Edge\Application\msedge.exe</Data><Data Name='FileVersion'>134.0.3124.72</Data><Data Name='Description'>Microsoft Edge</Data><Data Name='Product'>Microsoft Edge</Data><Data Name='Company'>Microsoft Corporation</Data><Data Name='OriginalFileName'>msedge.exe</Data><Data Name='CommandLine'>"C:\Program Files (x86)\Microsoft\Edge\Application\msedge.exe" --type=crashpad-handler "--user-data-dir=C:\Users\Admin\AppData\Local\Microsoft\Edge\User Data" /prefetch:4 --monitor-self-annotation=ptype=crashpad-handler "--database=C:\Users\Admin\AppData\Local\Microsoft\Edge\User Data\Crashpad" --annotation=IsOfficialBuild=1 --annotation=channel= --annotation=chromium-version=134.0.6998.89 "--annotation=exe=C:\Program Files (x86)\Microsoft\Edge\Application\msedge.exe" --annotation=plat=Win64 --annotation=prod=Edge --annotation=ver=134.0.3124.72 --initial-client-data=0x278,0x27c,0x280,0x274,0x288,0x7ffe07a83140,0x7ffe07a8314c,0x7ffe07a83158</Data><Data Name='CurrentDirectory'>C:\Program Files (x86)\Microsoft\Edge\Application\134.0.3124.72\</Data><Data Name='User'>WINDOWSVMEDU\Admin</Data><Data Name='LogonGuid'>{5bf681f8-9abd-67da-7d48-1d0000000000}</Data><Data Name='LogonId'>0x1d487d</Data><Data Name='TerminalSessionId'>1</Data><Data Name='IntegrityLevel'>Medium</Data><Data Name='Hashes'>MD5=57C9431D31F45C7BAD6D7B24156BE147,SHA256=4EBE7D3DA29564CD88A289893F63C0E156AA54416D5867661CD1071F37939561,IMPHASH=1489800E3D4E83B6EA868388D457DAF9</Data><Data Name='ParentProcessGuid'>{5bf681f8-6d6e-67db-da09-000000001400}</Data><Data Name='ParentProcessId'>5076</Data><Data Name='ParentImage'>C:\Program Files (x86)\Microsoft\Edge\Application\msedge.exe</Data><Data Name='ParentCommandLine'>"C:\Program Files (x86)\Microsoft\Edge\Application\msedge.exe" --no-startup-window</Data><Data Name='ParentUser'>WINDOWSVMEDU\Admin</Data></EventData><RenderingInfo Culture='en-US'><Message>Process Create:&#13;&#10;RuleName: -&#13;&#10;UtcTime: 2025-03-20 01:20:46.129&#13;&#10;ProcessGuid: {5bf681f8-6d6e-67db-db09-000000001400}&#13;&#10;ProcessId: 3904&#13;&#10;Image: C:\Program Files (x86)\Microsoft\Edge\Application\msedge.exe&#13;&#10;FileVersion: 134.0.3124.72&#13;&#10;Description: Microsoft Edge&#13;&#10;Product: Microsoft Edge&#13;&#10;Company: Microsoft Corporation&#13;&#10;OriginalFileName: msedge.exe&#13;&#10;CommandLine: "C:\Program Files (x86)\Microsoft\Edge\Application\msedge.exe" --type=crashpad-handler "--user-data-dir=C:\Users\Admin\AppData\Local\Microsoft\Edge\User Data" /prefetch:4 --monitor-self-annotation=ptype=crashpad-handler "--database=C:\Users\Admin\AppData\Local\Microsoft\Edge\User Data\Crashpad" --annotation=IsOfficialBuild=1 --annotation=channel= --annotation=chromium-version=134.0.6998.89 "--annotation=exe=C:\Program Files (x86)\Microsoft\Edge\Application\msedge.exe" --annotation=plat=Win64 --annotation=prod=Edge --annotation=ver=134.0.3124.72 --initial-client-data=0x278,0x27c,0x280,0x274,0x288,0x7ffe07a83140,0x7ffe07a8314c,0x7ffe07a83158&#13;&#10;CurrentDirectory: C:\Program Files (x86)\Microsoft\Edge\Application\134.0.3124.72\&#13;&#10;User: WINDOWSVMEDU\Admin&#13;&#10;LogonGuid: {5bf681f8-9abd-67da-7d48-1d0000000000}&#13;&#10;LogonId: 0x1D487D&#13;&#10;TerminalSessionId: 1&#13;&#10;IntegrityLevel: Medium&#13;&#10;Hashes: MD5=57C9431D31F45C7BAD6D7B24156BE147,SHA256=4EBE7D3DA29564CD88A289893F63C0E156AA54416D5867661CD1071F37939561,IMPHASH=1489800E3D4E83B6EA868388D457DAF9&#13;&#10;ParentProcessGuid: {5bf681f8-6d6e-67db-da09-000000001400}&#13;&#10;ParentProcessId: 5076&#13;&#10;ParentImage: C:\Program Files (x86)\Microsoft\Edge\Application\msedge.exe&#13;&#10;ParentCommandLine: "C:\Program Files (x86)\Microsoft\Edge\Application\msedge.exe" --no-startup-window&#13;&#10;ParentUser: WINDOWSVMEDU\Admin</Message><Level>Information</Level><Task>Process Create (rule: ProcessCreate)</Task><Opcode>Info</Opcode></RenderingInfo></Event><Event xmlns='http://schemas.microsoft.com/win/2004/08/events/event'><System><Provider Name='Microsoft-Windows-Sysmon' Guid='{5770385f-c22a-43e0-bf4c-06f5698ffbd9}'/><EventID>1</EventID><Version>5</Version><Level>4</Level><Task>1</Task><Opcode>0</Opcode><Keywords>0x8000000000000000</Keywords><TimeCreated SystemTime='2025-03-20T01:20:46.0138430Z'/><EventRecordID>53943</EventRecordID><Correlation/><Execution ProcessID='3120' ThreadID='3992'/><Channel>Microsoft-Windows-Sysmon/Operational</Channel><Computer>WindowsVMEdu</Computer><Security UserID='S-1-5-18'/></System><EventData><Data Name='RuleName'>-</Data><Data Name='UtcTime'>2025-03-20 01:20:46.009</Data><Data Name='ProcessGuid'>{5bf681f8-6d6e-67db-da09-000000001400}</Data><Data Name='ProcessId'>5076</Data><Data Name='Image'>C:\Program Files (x86)\Microsoft\Edge\Application\msedge.exe</Data><Data Name='FileVersion'>134.0.3124.72</Data><Data Name='Description'>Microsoft Edge</Data><Data Name='Product'>Microsoft Edge</Data><Data Name='Company'>Microsoft Corporation</Data><Data Name='OriginalFileName'>msedge.exe</Data><Data Name='CommandLine'>"C:\Program Files (x86)\Microsoft\Edge\Application\msedge.exe" --no-startup-window</Data><Data Name='CurrentDirectory'>C:\Program Files (x86)\Microsoft\Edge\Application\</Data><Data Name='User'>WINDOWSVMEDU\Admin</Data><Data Name='LogonGuid'>{5bf681f8-9abd-67da-7d48-1d0000000000}</Data><Data Name='LogonId'>0x1d487d</Data><Data Name='TerminalSessionId'>1</Data><Data Name='IntegrityLevel'>Medium</Data><Data Name='Hashes'>MD5=57C9431D31F45C7BAD6D7B24156BE147,SHA256=4EBE7D3DA29564CD88A289893F63C0E156AA54416D5867661CD1071F37939561,IMPHASH=1489800E3D4E83B6EA868388D457DAF9</Data><Data Name='ParentProcessGuid'>{5bf681f8-67bd-67db-ac09-000000001400}</Data><Data Name='ParentProcessId'>8832</Data><Data Name='ParentImage'>C:\Program Files (x86)\Microsoft\Edge\Application\msedge.exe</Data><Data Name='ParentCommandLine'>"C:\Program Files (x86)\Microsoft\Edge\Application\msedge.exe" --no-startup-window</Data><Data Name='ParentUser'>WINDOWSVMEDU\Admin</Data></EventData><RenderingInfo Culture='en-US'><Message>Process Create:&#13;&#10;RuleName: -&#13;&#10;UtcTime: 2025-03-20 01:20:46.009&#13;&#10;ProcessGuid: {5bf681f8-6d6e-67db-da09-000000001400}&#13;&#10;ProcessId: 5076&#13;&#10;Image: C:\Program Files (x86)\Microsoft\Edge\Application\msedge.exe&#13;&#10;FileVersion: 134.0.3124.72&#13;&#10;Description: Microsoft Edge&#13;&#10;Product: Microsoft Edge&#13;&#10;Company: Microsoft Corporation&#13;&#10;OriginalFileName: msedge.exe&#13;&#10;CommandLine: "C:\Program Files (x86)\Microsoft\Edge\Application\msedge.exe" --no-startup-window&#13;&#10;CurrentDirectory: C:\Program Files (x86)\Microsoft\Edge\Application\&#13;&#10;User: WINDOWSVMEDU\Admin&#13;&#10;LogonGuid: {5bf681f8-9abd-67da-7d48-1d0000000000}&#13;&#10;LogonId: 0x1D487D&#13;&#10;TerminalSessionId: 1&#13;&#10;IntegrityLevel: Medium&#13;&#10;Hashes: MD5=57C9431D31F45C7BAD6D7B24156BE147,SHA256=4EBE7D3DA29564CD88A289893F63C0E156AA54416D5867661CD1071F37939561,IMPHASH=1489800E3D4E83B6EA868388D457DAF9&#13;&#10;ParentProcessGuid: {5bf681f8-67bd-67db-ac09-000000001400}&#13;&#10;ParentProcessId: 8832&#13;&#10;ParentImage: C:\Program Files (x86)\Microsoft\Edge\Application\msedge.exe&#13;&#10;ParentCommandLine: "C:\Program Files (x86)\Microsoft\Edge\Application\msedge.exe" --no-startup-window&#13;&#10;ParentUser: WINDOWSVMEDU\Admin</Message><Level>Information</Level><Task>Process Create (rule: ProcessCreate)</Task><Opcode>Info</Opcode></RenderingInfo></Event><Event xmlns='http://schemas.microsoft.com/win/2004/08/events/event'><System><Provider Name='Microsoft-Windows-Sysmon' Guid='{5770385f-c22a-43e0-bf4c-06f5698ffbd9}'/><EventID>13</EventID><Version>2</Version><Level>4</Level><Task>13</Task><Opcode>0</Opcode><Keywords>0x8000000000000000</Keywords><TimeCreated SystemTime='2025-03-20T01:20:45.8125999Z'/><EventRecordID>53942</EventRecordID><Correlation/><Execution ProcessID='3120' ThreadID='3992'/><Channel>Microsoft-Windows-Sysmon/Operational</Channel><Computer>WindowsVMEdu</Computer><Security UserID='S-1-5-18'/></System><EventData><Data Name='RuleName'>T1060,RunKey</Data><Data Name='EventType'>SetValue</Data><Data Name='UtcTime'>2025-03-20 01:20:45.808</Data><Data Name='ProcessGuid'>{5bf681f8-67bd-67db-ac09-000000001400}</Data><Data Name='ProcessId'>8832</Data><Data Name='Image'>C:\Program Files (x86)\Microsoft\Edge\Application\msedge.exe</Data><Data Name='TargetObject'>HKU\S-1-5-21-4199084950-446910595-3072948411-1001\Software\Microsoft\Windows\CurrentVersion\Run\MicrosoftEdgeAutoLaunch_5EFC0ECB77A7585FE9DCDD0B2E946A2B</Data><Data Name='Details'>"C:\Program Files (x86)\Microsoft\Edge\Application\msedge.exe" --no-startup-window --win-session-start</Data><Data Name='User'>WINDOWSVMEDU\Admin</Data></EventData><RenderingInfo Culture='en-US'><Message>Registry value set:&#13;&#10;RuleName: T1060,RunKey&#13;&#10;EventType: SetValue&#13;&#10;UtcTime: 2025-03-20 01:20:45.808&#13;&#10;ProcessGuid: {5bf681f8-67bd-67db-ac09-000000001400}&#13;&#10;ProcessId: 8832&#13;&#10;Image: C:\Program Files (x86)\Microsoft\Edge\Application\msedge.exe&#13;&#10;TargetObject: HKU\S-1-5-21-4199084950-446910595-3072948411-1001\Software\Microsoft\Windows\CurrentVersion\Run\MicrosoftEdgeAutoLaunch_5EFC0ECB77A7585FE9DCDD0B2E946A2B&#13;&#10;Details: "C:\Program Files (x86)\Microsoft\Edge\Application\msedge.exe" --no-startup-window --win-session-start&#13;&#10;User: WINDOWSVMEDU\Admin</Message><Level>Information</Level><Task>Registry value set (rule: RegistryEvent)</Task><Opcode>Info</Opcode></RenderingInfo></Event><Event xmlns='http://schemas.microsoft.com/win/2004/08/events/event'><System><Provider Name='Microsoft-Windows-Sysmon' Guid='{5770385f-c22a-43e0-bf4c-06f5698ffbd9}'/><EventID>1</EventID><Version>5</Version><Level>4</Level><Task>1</Task><Opcode>0</Opcode><Keywords>0x8000000000000000</Keywords><TimeCreated SystemTime='2025-03-20T01:20:43.8013064Z'/><EventRecordID>53941</EventRecordID><Correlation/><Execution ProcessID='3120' ThreadID='3992'/><Channel>Microsoft-Windows-Sysmon/Operational</Channel><Computer>WindowsVMEdu</Computer><Security UserID='S-1-5-18'/></System><EventData><Data Name='RuleName'>-</Data><Data Name='UtcTime'>2025-03-20 01:20:43.717</Data><Data Name='ProcessGuid'>{5bf681f8-6d6b-67db-d909-000000001400}</Data><Data Name='ProcessId'>6668</Data><Data Name='Image'>C:\Program Files (x86)\Microsoft\Edge\Application\msedge.exe</Data><Data Name='FileVersion'>134.0.3124.72</Data><Data Name='Description'>Microsoft Edge</Data><Data Name='Product'>Microsoft Edge</Data><Data Name='Company'>Microsoft Corporation</Data><Data Name='OriginalFileName'>msedge.exe</Data><Data Name='CommandLine'>"C:\Program Files (x86)\Microsoft\Edge\Application\msedge.exe" --type=utility --utility-sub-type=asset_store.mojom.AssetStoreService --lang=en-US --service-sandbox-type=asset_store_service --always-read-main-dll --field-trial-handle=3388,i,18180998090242998173,9972825165959528977,262144 --variations-seed-version --mojo-platform-channel-handle=2784 /prefetch:14</Data><Data Name='CurrentDirectory'>C:\Program Files (x86)\Microsoft\Edge\Application\134.0.3124.72\</Data><Data Name='User'>WINDOWSVMEDU\Admin</Data><Data Name='LogonGuid'>{5bf681f8-9abd-67da-7d48-1d0000000000}</Data><Data Name='LogonId'>0x1d487d</Data><Data Name='TerminalSessionId'>1</Data><Data Name='IntegrityLevel'>Low</Data><Data Name='Hashes'>MD5=57C9431D31F45C7BAD6D7B24156BE147,SHA256=4EBE7D3DA29564CD88A289893F63C0E156AA54416D5867661CD1071F37939561,IMPHASH=1489800E3D4E83B6EA868388D457DAF9</Data><Data Name='ParentProcessGuid'>{5bf681f8-67bd-67db-ac09-000000001400}</Data><Data Name='ParentProcessId'>8832</Data><Data Name='ParentImage'>C:\Program Files (x86)\Microsoft\Edge\Application\msedge.exe</Data><Data Name='ParentCommandLine'>"C:\Program Files (x86)\Microsoft\Edge\Application\msedge.exe" --no-startup-window</Data><Data Name='ParentUser'>WINDOWSVMEDU\Admin</Data></EventData><RenderingInfo Culture='en-US'><Message>Process Create:&#13;&#10;RuleName: -&#13;&#10;UtcTime: 2025-03-20 01:20:43.717&#13;&#10;ProcessGuid: {5bf681f8-6d6b-67db-d909-000000001400}&#13;&#10;ProcessId: 6668&#13;&#10;Image: C:\Program Files (x86)\Microsoft\Edge\Application\msedge.exe&#13;&#10;FileVersion: 134.0.3124.72&#13;&#10;Description: Microsoft Edge&#13;&#10;Product: Microsoft Edge&#13;&#10;Company: Microsoft Corporation&#13;&#10;OriginalFileName: msedge.exe&#13;&#10;CommandLine: "C:\Program Files (x86)\Microsoft\Edge\Application\msedge.exe" --type=utility --utility-sub-type=asset_store.mojom.AssetStoreService --lang=en-US --service-sandbox-type=asset_store_service --always-read-main-dll --field-trial-handle=3388,i,18180998090242998173,9972825165959528977,262144 --variations-seed-version --mojo-platform-channel-handle=2784 /prefetch:14&#13;&#10;CurrentDirectory: C:\Program Files (x86)\Microsoft\Edge\Application\134.0.3124.72\&#13;&#10;User: WINDOWSVMEDU\Admin&#13;&#10;LogonGuid: {5bf681f8-9abd-67da-7d48-1d0000000000}&#13;&#10;LogonId: 0x1D487D&#13;&#10;TerminalSessionId: 1&#13;&#10;IntegrityLevel: Low&#13;&#10;Hashes: MD5=57C9431D31F45C7BAD6D7B24156BE147,SHA256=4EBE7D3DA29564CD88A289893F63C0E156AA54416D5867661CD1071F37939561,IMPHASH=1489800E3D4E83B6EA868388D457DAF9&#13;&#10;ParentProcessGuid: {5bf681f8-67bd-67db-ac09-000000001400}&#13;&#10;ParentProcessId: 8832&#13;&#10;ParentImage: C:\Program Files (x86)\Microsoft\Edge\Application\msedge.exe&#13;&#10;ParentCommandLine: "C:\Program Files (x86)\Microsoft\Edge\Application\msedge.exe" --no-startup-window&#13;&#10;ParentUser: WINDOWSVMEDU\Admin</Message><Level>Information</Level><Task>Process Create (rule: ProcessCreate)</Task><Opcode>Info</Opcode></RenderingInfo></Event>