<Event xmlns='http://schemas.microsoft.com/win/2004/08/events/event'><System><Provider Name='Microsoft-Windows-Sysmon' Guid='{5770385f-c22a-43e0-bf4c-06f5698ffbd9}'/><EventID>1</EventID><Version>5</Version><Level>4</Level><Task>1</Task><Opcode>0</Opcode><Keywords>0x8000000000000000</Keywords><TimeCreated SystemTime='2025-03-20T01:21:35.3038607Z'/><EventRecordID>53970</EventRecordID><Correlation/><Execution ProcessID='3120' ThreadID='3992'/><Channel>Microsoft-Windows-Sysmon/Operational</Channel><Computer>WindowsVMEdu</Computer><Security UserID='S-1-5-18'/></System><EventData><Data Name='RuleName'>-</Data><Data Name='UtcTime'>2025-03-20 01:21:35.291</Data><Data Name='ProcessGuid'>{5bf681f8-6d9f-67db-f309-000000001400}</Data><Data Name='ProcessId'>10128</Data><Data Name='Image'>C:\Windows\System32\OpenSSH\sftp.exe</Data><Data Name='FileVersion'>9.5.3.1</Data><Data Name='Description'>-</Data><Data Name='Product'>OpenSSH for Windows</Data><Data Name='Company'>-</Data><Data Name='OriginalFileName'>-</Data><Data Name='CommandLine'>"C:\Windows\System32\OpenSSH\sftp.exe" vm113@172.16.0.50</Data><Data Name='CurrentDirectory'>C:\Users\Admin\Desktop\</Data><Data Name='User'>WINDOWSVMEDU\Admin</Data><Data Name='LogonGuid'>{5bf681f8-9abd-67da-4748-1d0000000000}</Data><Data Name='LogonId'>0x1d4847</Data><Data Name='TerminalSessionId'>1</Data><Data Name='IntegrityLevel'>High</Data><Data Name='Hashes'>MD5=07AA7FA7AAE57A3744ABA38C3DBD426E,SHA256=6884B30794910E73B825D15819275DA740B1FABF92B825C7CC3B73F905D28088,IMPHASH=C1F88A14B95DB5BBEDAEEE62DC7A831E</Data><Data Name='ParentProcessGuid'>{5bf681f8-6d7a-67db-ea09-000000001400}</Data><Data Name='ParentProcessId'>10216</Data><Data Name='ParentImage'>C:\Windows\System32\WindowsPowerShell\v1.0\powershell.exe</Data><Data Name='ParentCommandLine'>C:\Windows\System32\WindowsPowerShell\v1.0\powershell.exe</Data><Data Name='ParentUser'>WINDOWSVMEDU\Admin</Data></EventData><RenderingInfo Culture='en-US'><Message>Process Create:&#13;&#10;RuleName: -&#13;&#10;UtcTime: 2025-03-20 01:21:35.291&#13;&#10;ProcessGuid: {5bf681f8-6d9f-67db-f309-000000001400}&#13;&#10;ProcessId: 10128&#13;&#10;Image: C:\Windows\System32\OpenSSH\sftp.exe&#13;&#10;FileVersion: 9.5.3.1&#13;&#10;Description: -&#13;&#10;Product: OpenSSH for Windows&#13;&#10;Company: -&#13;&#10;OriginalFileName: -&#13;&#10;CommandLine: "C:\Windows\System32\OpenSSH\sftp.exe" vm113@172.16.0.50&#13;&#10;CurrentDirectory: C:\Users\Admin\Desktop\&#13;&#10;User: WINDOWSVMEDU\Admin&#13;&#10;LogonGuid: {5bf681f8-9abd-67da-4748-1d0000000000}&#13;&#10;LogonId: 0x1D4847&#13;&#10;TerminalSessionId: 1&#13;&#10;IntegrityLevel: High&#13;&#10;Hashes: MD5=07AA7FA7AAE57A3744ABA38C3DBD426E,SHA256=6884B30794910E73B825D15819275DA740B1FABF92B825C7CC3B73F905D28088,IMPHASH=C1F88A14B95DB5BBEDAEEE62DC7A831E&#13;&#10;ParentProcessGuid: {5bf681f8-6d7a-67db-ea09-000000001400}&#13;&#10;ParentProcessId: 10216&#13;&#10;ParentImage: C:\Windows\System32\WindowsPowerShell\v1.0\powershell.exe&#13;&#10;ParentCommandLine: C:\Windows\System32\WindowsPowerShell\v1.0\powershell.exe&#13;&#10;ParentUser: WINDOWSVMEDU\Admin</Message><Level>Information</Level><Task>Process Create (rule: ProcessCreate)</Task><Opcode>Info</Opcode></RenderingInfo></Event><Event xmlns='http://schemas.microsoft.com/win/2004/08/events/event'><System><Provider Name='Microsoft-Windows-Sysmon' Guid='{5770385f-c22a-43e0-bf4c-06f5698ffbd9}'/><EventID>1</EventID><Version>5</Version><Level>4</Level><Task>1</Task><Opcode>0</Opcode><Keywords>0x8000000000000000</Keywords><TimeCreated SystemTime='2025-03-20T01:21:31.3474027Z'/><EventRecordID>53969</EventRecordID><Correlation/><Execution ProcessID='3120' ThreadID='3992'/><Channel>Microsoft-Windows-Sysmon/Operational</Channel><Computer>WindowsVMEdu</Computer><Security UserID='S-1-5-18'/></System><EventData><Data Name='RuleName'>-</Data><Data Name='UtcTime'>2025-03-20 01:21:31.334</Data><Data Name='ProcessGuid'>{5bf681f8-6d9b-67db-f209-000000001400}</Data><Data Name='ProcessId'>7828</Data><Data Name='Image'>C:\Windows\System32\makecab.exe</Data><Data Name='FileVersion'>5.00 (WinBuild.160101.0800)</Data><Data Name='Description'>Microsoft® Cabinet Maker</Data><Data Name='Product'>Microsoft® Windows® Operating System</Data><Data Name='Company'>Microsoft Corporation</Data><Data Name='OriginalFileName'>makecab.exe</Data><Data Name='CommandLine'>"C:\Windows\system32\makecab.exe" .\flag.txt flag</Data><Data Name='CurrentDirectory'>C:\Users\Admin\Desktop\</Data><Data Name='User'>WINDOWSVMEDU\Admin</Data><Data Name='LogonGuid'>{5bf681f8-9abd-67da-4748-1d0000000000}</Data><Data Name='LogonId'>0x1d4847</Data><Data Name='TerminalSessionId'>1</Data><Data Name='IntegrityLevel'>High</Data><Data Name='Hashes'>MD5=6366D436F32422B05F664361FE177201,SHA256=C194C06CE57874DBDCF0EBA18AF91C816827F77DB19A42A9FC1E0BEC81EB27C8,IMPHASH=A9326A6F3C34256D97D8CD7972ACC242</Data><Data Name='ParentProcessGuid'>{5bf681f8-6d7a-67db-ea09-000000001400}</Data><Data Name='ParentProcessId'>10216</Data><Data Name='ParentImage'>C:\Windows\System32\WindowsPowerShell\v1.0\powershell.exe</Data><Data Name='ParentCommandLine'>C:\Windows\System32\WindowsPowerShell\v1.0\powershell.exe</Data><Data Name='ParentUser'>WINDOWSVMEDU\Admin</Data></EventData><RenderingInfo Culture='en-US'><Message>Process Create:&#13;&#10;RuleName: -&#13;&#10;UtcTime: 2025-03-20 01:21:31.334&#13;&#10;ProcessGuid: {5bf681f8-6d9b-67db-f209-000000001400}&#13;&#10;ProcessId: 7828&#13;&#10;Image: C:\Windows\System32\makecab.exe&#13;&#10;FileVersion: 5.00 (WinBuild.160101.0800)&#13;&#10;Description: Microsoft® Cabinet Maker&#13;&#10;Product: Microsoft® Windows® Operating System&#13;&#10;Company: Microsoft Corporation&#13;&#10;OriginalFileName: makecab.exe&#13;&#10;CommandLine: "C:\Windows\system32\makecab.exe" .\flag.txt flag&#13;&#10;CurrentDirectory: C:\Users\Admin\Desktop\&#13;&#10;User: WINDOWSVMEDU\Admin&#13;&#10;LogonGuid: {5bf681f8-9abd-67da-4748-1d0000000000}&#13;&#10;LogonId: 0x1D4847&#13;&#10;TerminalSessionId: 1&#13;&#10;IntegrityLevel: High&#13;&#10;Hashes: MD5=6366D436F32422B05F664361FE177201,SHA256=C194C06CE57874DBDCF0EBA18AF91C816827F77DB19A42A9FC1E0BEC81EB27C8,IMPHASH=A9326A6F3C34256D97D8CD7972ACC242&#13;&#10;ParentProcessGuid: {5bf681f8-6d7a-67db-ea09-000000001400}&#13;&#10;ParentProcessId: 10216&#13;&#10;ParentImage: C:\Windows\System32\WindowsPowerShell\v1.0\powershell.exe&#13;&#10;ParentCommandLine: C:\Windows\System32\WindowsPowerShell\v1.0\powershell.exe&#13;&#10;ParentUser: WINDOWSVMEDU\Admin</Message><Level>Information</Level><Task>Process Create (rule: ProcessCreate)</Task><Opcode>Info</Opcode></RenderingInfo></Event><Event xmlns='http://schemas.microsoft.com/win/2004/08/events/event'><System><Provider Name='Microsoft-Windows-Sysmon' Guid='{5770385f-c22a-43e0-bf4c-06f5698ffbd9}'/><EventID>22</EventID><Version>5</Version><Level>4</Level><Task>22</Task><Opcode>0</Opcode><Keywords>0x8000000000000000</Keywords><TimeCreated SystemTime='2025-03-20T01:21:22.3274541Z'/><EventRecordID>53968</EventRecordID><Correlation/><Execution ProcessID='3120' ThreadID='5308'/><Channel>Microsoft-Windows-Sysmon/Operational</Channel><Computer>WindowsVMEdu</Computer><Security UserID='S-1-5-18'/></System><EventData><Data Name='RuleName'>-</Data><Data Name='UtcTime'>2025-03-20 01:21:21.110</Data><Data Name='ProcessGuid'>{5bf681f8-6d6e-67db-dd09-000000001400}</Data><Data Name='ProcessId'>4780</Data><Data Name='QueryName'>img-s-msn-com.akamaized.net</Data><Data Name='QueryStatus'>1460</Data><Data Name='QueryResults'>-</Data><Data Name='Image'>C:\Program Files (x86)\Microsoft\Edge\Application\msedge.exe</Data><Data Name='User'>WINDOWSVMEDU\Admin</Data></EventData><RenderingInfo Culture='en-US'><Message>Dns query:&#13;&#10;RuleName: -&#13;&#10;UtcTime: 2025-03-20 01:21:21.110&#13;&#10;ProcessGuid: {5bf681f8-6d6e-67db-dd09-000000001400}&#13;&#10;ProcessId: 4780&#13;&#10;QueryName: img-s-msn-com.akamaized.net&#13;&#10;QueryStatus: 1460&#13;&#10;QueryResults: -&#13;&#10;Image: C:\Program Files (x86)\Microsoft\Edge\Application\msedge.exe&#13;&#10;User: WINDOWSVMEDU\Admin</Message><Level>Information</Level><Task>Dns query (rule: DnsQuery)</Task><Opcode>Info</Opcode></RenderingInfo></Event><Event xmlns='http://schemas.microsoft.com/win/2004/08/events/event'><System><Provider Name='Microsoft-Windows-Sysmon' Guid='{5770385f-c22a-43e0-bf4c-06f5698ffbd9}'/><EventID>22</EventID><Version>5</Version><Level>4</Level><Task>22</Task><Opcode>0</Opcode><Keywords>0x8000000000000000</Keywords><TimeCreated SystemTime='2025-03-20T01:21:20.2932777Z'/><EventRecordID>53967</EventRecordID><Correlation/><Execution ProcessID='3120' ThreadID='5308'/><Channel>Microsoft-Windows-Sysmon/Operational</Channel><Computer>WindowsVMEdu</Computer><Security UserID='S-1-5-18'/></System><EventData><Data Name='RuleName'>-</Data><Data Name='UtcTime'>2025-03-20 01:21:19.301</Data><Data Name='ProcessGuid'>{5bf681f8-6d6e-67db-dd09-000000001400}</Data><Data Name='ProcessId'>4780</Data><Data Name='QueryName'>edge-consumer-static.azureedge.net</Data><Data Name='QueryStatus'>1460</Data><Data Name='QueryResults'>-</Data><Data Name='Image'>C:\Program Files (x86)\Microsoft\Edge\Application\msedge.exe</Data><Data Name='User'>WINDOWSVMEDU\Admin</Data></EventData><RenderingInfo Culture='en-US'><Message>Dns query:&#13;&#10;RuleName: -&#13;&#10;UtcTime: 2025-03-20 01:21:19.301&#13;&#10;ProcessGuid: {5bf681f8-6d6e-67db-dd09-000000001400}&#13;&#10;ProcessId: 4780&#13;&#10;QueryName: edge-consumer-static.azureedge.net&#13;&#10;QueryStatus: 1460&#13;&#10;QueryResults: -&#13;&#10;Image: C:\Program Files (x86)\Microsoft\Edge\Application\msedge.exe&#13;&#10;User: WINDOWSVMEDU\Admin</Message><Level>Information</Level><Task>Dns query (rule: DnsQuery)</Task><Opcode>Info</Opcode></RenderingInfo></Event><Event xmlns='http://schemas.microsoft.com/win/2004/08/events/event'><System><Provider Name='Microsoft-Windows-Sysmon' Guid='{5770385f-c22a-43e0-bf4c-06f5698ffbd9}'/><EventID>1</EventID><Version>5</Version><Level>4</Level><Task>1</Task><Opcode>0</Opcode><Keywords>0x8000000000000000</Keywords><TimeCreated SystemTime='2025-03-20T01:21:16.3302129Z'/><EventRecordID>53966</EventRecordID><Correlation/><Execution ProcessID='3120' ThreadID='3992'/><Channel>Microsoft-Windows-Sysmon/Operational</Channel><Computer>WindowsVMEdu</Computer><Security UserID='S-1-5-18'/></System><EventData><Data Name='RuleName'>-</Data><Data Name='UtcTime'>2025-03-20 01:21:16.323</Data><Data Name='ProcessGuid'>{5bf681f8-6d8c-67db-f009-000000001400}</Data><Data Name='ProcessId'>6412</Data><Data Name='Image'>C:\Program Files (x86)\Microsoft\Edge\Application\msedge.exe</Data><Data Name='FileVersion'>134.0.3124.72</Data><Data Name='Description'>Microsoft Edge</Data><Data Name='Product'>Microsoft Edge</Data><Data Name='Company'>Microsoft Corporation</Data><Data Name='OriginalFileName'>msedge.exe</Data><Data Name='CommandLine'>"C:\Program Files (x86)\Microsoft\Edge\Application\msedge.exe" --type=utility --utility-sub-type=chrome.mojom.UtilWin --lang=en-US --service-sandbox-type=none --message-loop-type-ui --always-read-main-dll --field-trial-handle=2332,i,18056347106009274956,16308117657988434558,262144 --variations-seed-version --mojo-platform-channel-handle=5888 /prefetch:14</Data><Data Name='CurrentDirectory'>C:\Program Files (x86)\Microsoft\Edge\Application\134.0.3124.72\</Data><Data Name='User'>WINDOWSVMEDU\Admin</Data><Data Name='LogonGuid'>{5bf681f8-9abd-67da-7d48-1d0000000000}</Data><Data Name='LogonId'>0x1d487d</Data><Data Name='TerminalSessionId'>1</Data><Data Name='IntegrityLevel'>Medium</Data><Data Name='Hashes'>MD5=57C9431D31F45C7BAD6D7B24156BE147,SHA256=4EBE7D3DA29564CD88A289893F63C0E156AA54416D5867661CD1071F37939561,IMPHASH=1489800E3D4E83B6EA868388D457DAF9</Data><Data Name='ParentProcessGuid'>{5bf681f8-6d6e-67db-da09-000000001400}</Data><Data Name='ParentProcessId'>5076</Data><Data Name='ParentImage'>C:\Program Files (x86)\Microsoft\Edge\Application\msedge.exe</Data><Data Name='ParentCommandLine'>"C:\Program Files (x86)\Microsoft\Edge\Application\msedge.exe" --no-startup-window</Data><Data Name='ParentUser'>WINDOWSVMEDU\Admin</Data></EventData><RenderingInfo Culture='en-US'><Message>Process Create:&#13;&#10;RuleName: -&#13;&#10;UtcTime: 2025-03-20 01:21:16.323&#13;&#10;ProcessGuid: {5bf681f8-6d8c-67db-f009-000000001400}&#13;&#10;ProcessId: 6412&#13;&#10;Image: C:\Program Files (x86)\Microsoft\Edge\Application\msedge.exe&#13;&#10;FileVersion: 134.0.3124.72&#13;&#10;Description: Microsoft Edge&#13;&#10;Product: Microsoft Edge&#13;&#10;Company: Microsoft Corporation&#13;&#10;OriginalFileName: msedge.exe&#13;&#10;CommandLine: "C:\Program Files (x86)\Microsoft\Edge\Application\msedge.exe" --type=utility --utility-sub-type=chrome.mojom.UtilWin --lang=en-US --service-sandbox-type=none --message-loop-type-ui --always-read-main-dll --field-trial-handle=2332,i,18056347106009274956,16308117657988434558,262144 --variations-seed-version --mojo-platform-channel-handle=5888 /prefetch:14&#13;&#10;CurrentDirectory: C:\Program Files (x86)\Microsoft\Edge\Application\134.0.3124.72\&#13;&#10;User: WINDOWSVMEDU\Admin&#13;&#10;LogonGuid: {5bf681f8-9abd-67da-7d48-1d0000000000}&#13;&#10;LogonId: 0x1D487D&#13;&#10;TerminalSessionId: 1&#13;&#10;IntegrityLevel: Medium&#13;&#10;Hashes: MD5=57C9431D31F45C7BAD6D7B24156BE147,SHA256=4EBE7D3DA29564CD88A289893F63C0E156AA54416D5867661CD1071F37939561,IMPHASH=1489800E3D4E83B6EA868388D457DAF9&#13;&#10;ParentProcessGuid: {5bf681f8-6d6e-67db-da09-000000001400}&#13;&#10;ParentProcessId: 5076&#13;&#10;ParentImage: C:\Program Files (x86)\Microsoft\Edge\Application\msedge.exe&#13;&#10;ParentCommandLine: "C:\Program Files (x86)\Microsoft\Edge\Application\msedge.exe" --no-startup-window&#13;&#10;ParentUser: WINDOWSVMEDU\Admin</Message><Level>Information</Level><Task>Process Create (rule: ProcessCreate)</Task><Opcode>Info</Opcode></RenderingInfo></Event><Event xmlns='http://schemas.microsoft.com/win/2004/08/events/event'><System><Provider Name='Microsoft-Windows-Sysmon' Guid='{5770385f-c22a-43e0-bf4c-06f5698ffbd9}'/><EventID>1</EventID><Version>5</Version><Level>4</Level><Task>1</Task><Opcode>0</Opcode><Keywords>0x8000000000000000</Keywords><TimeCreated SystemTime='2025-03-20T01:21:16.3159360Z'/><EventRecordID>53965</EventRecordID><Correlation/><Execution ProcessID='3120' ThreadID='3992'/><Channel>Microsoft-Windows-Sysmon/Operational</Channel><Computer>WindowsVMEdu</Computer><Security UserID='S-1-5-18'/></System><EventData><Data Name='RuleName'>-</Data><Data Name='UtcTime'>2025-03-20 01:21:16.309</Data><Data Name='ProcessGuid'>{5bf681f8-6d8c-67db-ef09-000000001400}</Data><Data Name='ProcessId'>4188</Data><Data Name='Image'>C:\Program Files (x86)\Microsoft\Edge\Application\msedge.exe</Data><Data Name='FileVersion'>134.0.3124.72</Data><Data Name='Description'>Microsoft Edge</Data><Data Name='Product'>Microsoft Edge</Data><Data Name='Company'>Microsoft Corporation</Data><Data Name='OriginalFileName'>msedge.exe</Data><Data Name='CommandLine'>"C:\Program Files (x86)\Microsoft\Edge\Application\msedge.exe" --type=utility --utility-sub-type=chrome.mojom.UtilWin --lang=en-US --service-sandbox-type=none --message-loop-type-ui --always-read-main-dll --field-trial-handle=2332,i,18056347106009274956,16308117657988434558,262144 --variations-seed-version --mojo-platform-channel-handle=5840 /prefetch:14</Data><Data Name='CurrentDirectory'>C:\Program Files (x86)\Microsoft\Edge\Application\134.0.3124.72\</Data><Data Name='User'>WINDOWSVMEDU\Admin</Data><Data Name='LogonGuid'>{5bf681f8-9abd-67da-7d48-1d0000000000}</Data><Data Name='LogonId'>0x1d487d</Data><Data Name='TerminalSessionId'>1</Data><Data Name='IntegrityLevel'>Medium</Data><Data Name='Hashes'>MD5=57C9431D31F45C7BAD6D7B24156BE147,SHA256=4EBE7D3DA29564CD88A289893F63C0E156AA54416D5867661CD1071F37939561,IMPHASH=1489800E3D4E83B6EA868388D457DAF9</Data><Data Name='ParentProcessGuid'>{5bf681f8-6d6e-67db-da09-000000001400}</Data><Data Name='ParentProcessId'>5076</Data><Data Name='ParentImage'>C:\Program Files (x86)\Microsoft\Edge\Application\msedge.exe</Data><Data Name='ParentCommandLine'>"C:\Program Files (x86)\Microsoft\Edge\Application\msedge.exe" --no-startup-window</Data><Data Name='ParentUser'>WINDOWSVMEDU\Admin</Data></EventData><RenderingInfo Culture='en-US'><Message>Process Create:&#13;&#10;RuleName: -&#13;&#10;UtcTime: 2025-03-20 01:21:16.309&#13;&#10;ProcessGuid: {5bf681f8-6d8c-67db-ef09-000000001400}&#13;&#10;ProcessId: 4188&#13;&#10;Image: C:\Program Files (x86)\Microsoft\Edge\Application\msedge.exe&#13;&#10;FileVersion: 134.0.3124.72&#13;&#10;Description: Microsoft Edge&#13;&#10;Product: Microsoft Edge&#13;&#10;Company: Microsoft Corporation&#13;&#10;OriginalFileName: msedge.exe&#13;&#10;CommandLine: "C:\Program Files (x86)\Microsoft\Edge\Application\msedge.exe" --type=utility --utility-sub-type=chrome.mojom.UtilWin --lang=en-US --service-sandbox-type=none --message-loop-type-ui --always-read-main-dll --field-trial-handle=2332,i,18056347106009274956,16308117657988434558,262144 --variations-seed-version --mojo-platform-channel-handle=5840 /prefetch:14&#13;&#10;CurrentDirectory: C:\Program Files (x86)\Microsoft\Edge\Application\134.0.3124.72\&#13;&#10;User: WINDOWSVMEDU\Admin&#13;&#10;LogonGuid: {5bf681f8-9abd-67da-7d48-1d0000000000}&#13;&#10;LogonId: 0x1D487D&#13;&#10;TerminalSessionId: 1&#13;&#10;IntegrityLevel: Medium&#13;&#10;Hashes: MD5=57C9431D31F45C7BAD6D7B24156BE147,SHA256=4EBE7D3DA29564CD88A289893F63C0E156AA54416D5867661CD1071F37939561,IMPHASH=1489800E3D4E83B6EA868388D457DAF9&#13;&#10;ParentProcessGuid: {5bf681f8-6d6e-67db-da09-000000001400}&#13;&#10;ParentProcessId: 5076&#13;&#10;ParentImage: C:\Program Files (x86)\Microsoft\Edge\Application\msedge.exe&#13;&#10;ParentCommandLine: "C:\Program Files (x86)\Microsoft\Edge\Application\msedge.exe" --no-startup-window&#13;&#10;ParentUser: WINDOWSVMEDU\Admin</Message><Level>Information</Level><Task>Process Create (rule: ProcessCreate)</Task><Opcode>Info</Opcode></RenderingInfo></Event><Event xmlns='http://schemas.microsoft.com/win/2004/08/events/event'><System><Provider Name='Microsoft-Windows-Sysmon' Guid='{5770385f-c22a-43e0-bf4c-06f5698ffbd9}'/><EventID>1</EventID><Version>5</Version><Level>4</Level><Task>1</Task><Opcode>0</Opcode><Keywords>0x8000000000000000</Keywords><TimeCreated SystemTime='2025-03-20T01:21:16.3003354Z'/><EventRecordID>53964</EventRecordID><Correlation/><Execution ProcessID='3120' ThreadID='3992'/><Channel>Microsoft-Windows-Sysmon/Operational</Channel><Computer>WindowsVMEdu</Computer><Security UserID='S-1-5-18'/></System><EventData><Data Name='RuleName'>-</Data><Data Name='UtcTime'>2025-03-20 01:21:16.293</Data><Data Name='ProcessGuid'>{5bf681f8-6d8c-67db-ee09-000000001400}</Data><Data Name='ProcessId'>8260</Data><Data Name='Image'>C:\Program Files (x86)\Microsoft\Edge\Application\msedge.exe</Data><Data Name='FileVersion'>134.0.3124.72</Data><Data Name='Description'>Microsoft Edge</Data><Data Name='Product'>Microsoft Edge</Data><Data Name='Company'>Microsoft Corporation</Data><Data Name='OriginalFileName'>msedge.exe</Data><Data Name='CommandLine'>"C:\Program Files (x86)\Microsoft\Edge\Application\msedge.exe" --type=utility --utility-sub-type=chrome.mojom.UtilWin --lang=en-US --service-sandbox-type=none --message-loop-type-ui --always-read-main-dll --field-trial-handle=2332,i,18056347106009274956,16308117657988434558,262144 --variations-seed-version --mojo-platform-channel-handle=5444 /prefetch:14</Data><Data Name='CurrentDirectory'>C:\Program Files (x86)\Microsoft\Edge\Application\134.0.3124.72\</Data><Data Name='User'>WINDOWSVMEDU\Admin</Data><Data Name='LogonGuid'>{5bf681f8-9abd-67da-7d48-1d0000000000}</Data><Data Name='LogonId'>0x1d487d</Data><Data Name='TerminalSessionId'>1</Data><Data Name='IntegrityLevel'>Medium</Data><Data Name='Hashes'>MD5=57C9431D31F45C7BAD6D7B24156BE147,SHA256=4EBE7D3DA29564CD88A289893F63C0E156AA54416D5867661CD1071F37939561,IMPHASH=1489800E3D4E83B6EA868388D457DAF9</Data><Data Name='ParentProcessGuid'>{5bf681f8-6d6e-67db-da09-000000001400}</Data><Data Name='ParentProcessId'>5076</Data><Data Name='ParentImage'>C:\Program Files (x86)\Microsoft\Edge\Application\msedge.exe</Data><Data Name='ParentCommandLine'>"C:\Program Files (x86)\Microsoft\Edge\Application\msedge.exe" --no-startup-window</Data><Data Name='ParentUser'>WINDOWSVMEDU\Admin</Data></EventData><RenderingInfo Culture='en-US'><Message>Process Create:&#13;&#10;RuleName: -&#13;&#10;UtcTime: 2025-03-20 01:21:16.293&#13;&#10;ProcessGuid: {5bf681f8-6d8c-67db-ee09-000000001400}&#13;&#10;ProcessId: 8260&#13;&#10;Image: C:\Program Files (x86)\Microsoft\Edge\Application\msedge.exe&#13;&#10;FileVersion: 134.0.3124.72&#13;&#10;Description: Microsoft Edge&#13;&#10;Product: Microsoft Edge&#13;&#10;Company: Microsoft Corporation&#13;&#10;OriginalFileName: msedge.exe&#13;&#10;CommandLine: "C:\Program Files (x86)\Microsoft\Edge\Application\msedge.exe" --type=utility --utility-sub-type=chrome.mojom.UtilWin --lang=en-US --service-sandbox-type=none --message-loop-type-ui --always-read-main-dll --field-trial-handle=2332,i,18056347106009274956,16308117657988434558,262144 --variations-seed-version --mojo-platform-channel-handle=5444 /prefetch:14&#13;&#10;CurrentDirectory: C:\Program Files (x86)\Microsoft\Edge\Application\134.0.3124.72\&#13;&#10;User: WINDOWSVMEDU\Admin&#13;&#10;LogonGuid: {5bf681f8-9abd-67da-7d48-1d0000000000}&#13;&#10;LogonId: 0x1D487D&#13;&#10;TerminalSessionId: 1&#13;&#10;IntegrityLevel: Medium&#13;&#10;Hashes: MD5=57C9431D31F45C7BAD6D7B24156BE147,SHA256=4EBE7D3DA29564CD88A289893F63C0E156AA54416D5867661CD1071F37939561,IMPHASH=1489800E3D4E83B6EA868388D457DAF9&#13;&#10;ParentProcessGuid: {5bf681f8-6d6e-67db-da09-000000001400}&#13;&#10;ParentProcessId: 5076&#13;&#10;ParentImage: C:\Program Files (x86)\Microsoft\Edge\Application\msedge.exe&#13;&#10;ParentCommandLine: "C:\Program Files (x86)\Microsoft\Edge\Application\msedge.exe" --no-startup-window&#13;&#10;ParentUser: WINDOWSVMEDU\Admin</Message><Level>Information</Level><Task>Process Create (rule: ProcessCreate)</Task><Opcode>Info</Opcode></RenderingInfo></Event><Event xmlns='http://schemas.microsoft.com/win/2004/08/events/event'><System><Provider Name='Microsoft-Windows-Sysmon' Guid='{5770385f-c22a-43e0-bf4c-06f5698ffbd9}'/><EventID>1</EventID><Version>5</Version><Level>4</Level><Task>1</Task><Opcode>0</Opcode><Keywords>0x8000000000000000</Keywords><TimeCreated SystemTime='2025-03-20T01:21:11.8924386Z'/><EventRecordID>53963</EventRecordID><Correlation/><Execution ProcessID='3120' ThreadID='3992'/><Channel>Microsoft-Windows-Sysmon/Operational</Channel><Computer>WindowsVMEdu</Computer><Security UserID='S-1-5-18'/></System><EventData><Data Name='RuleName'>-</Data><Data Name='UtcTime'>2025-03-20 01:21:11.881</Data><Data Name='ProcessGuid'>{5bf681f8-6d87-67db-ed09-000000001400}</Data><Data Name='ProcessId'>6976</Data><Data Name='Image'>C:\Program Files (x86)\Microsoft\Edge\Application\msedge.exe</Data><Data Name='FileVersion'>134.0.3124.72</Data><Data Name='Description'>Microsoft Edge</Data><Data Name='Product'>Microsoft Edge</Data><Data Name='Company'>Microsoft Corporation</Data><Data Name='OriginalFileName'>msedge.exe</Data><Data Name='CommandLine'>"C:\Program Files (x86)\Microsoft\Edge\Application\msedge.exe" --type=utility --utility-sub-type=asset_store.mojom.AssetStoreService --lang=en-US --service-sandbox-type=asset_store_service --always-read-main-dll --field-trial-handle=2332,i,18056347106009274956,16308117657988434558,262144 --variations-seed-version --mojo-platform-channel-handle=5500 /prefetch:14</Data><Data Name='CurrentDirectory'>C:\Program Files (x86)\Microsoft\Edge\Application\134.0.3124.72\</Data><Data Name='User'>WINDOWSVMEDU\Admin</Data><Data Name='LogonGuid'>{5bf681f8-9abd-67da-7d48-1d0000000000}</Data><Data Name='LogonId'>0x1d487d</Data><Data Name='TerminalSessionId'>1</Data><Data Name='IntegrityLevel'>Low</Data><Data Name='Hashes'>MD5=57C9431D31F45C7BAD6D7B24156BE147,SHA256=4EBE7D3DA29564CD88A289893F63C0E156AA54416D5867661CD1071F37939561,IMPHASH=1489800E3D4E83B6EA868388D457DAF9</Data><Data Name='ParentProcessGuid'>{5bf681f8-6d6e-67db-da09-000000001400}</Data><Data Name='ParentProcessId'>5076</Data><Data Name='ParentImage'>C:\Program Files (x86)\Microsoft\Edge\Application\msedge.exe</Data><Data Name='ParentCommandLine'>"C:\Program Files (x86)\Microsoft\Edge\Application\msedge.exe" --no-startup-window</Data><Data Name='ParentUser'>WINDOWSVMEDU\Admin</Data></EventData><RenderingInfo Culture='en-US'><Message>Process Create:&#13;&#10;RuleName: -&#13;&#10;UtcTime: 2025-03-20 01:21:11.881&#13;&#10;ProcessGuid: {5bf681f8-6d87-67db-ed09-000000001400}&#13;&#10;ProcessId: 6976&#13;&#10;Image: C:\Program Files (x86)\Microsoft\Edge\Application\msedge.exe&#13;&#10;FileVersion: 134.0.3124.72&#13;&#10;Description: Microsoft Edge&#13;&#10;Product: Microsoft Edge&#13;&#10;Company: Microsoft Corporation&#13;&#10;OriginalFileName: msedge.exe&#13;&#10;CommandLine: "C:\Program Files (x86)\Microsoft\Edge\Application\msedge.exe" --type=utility --utility-sub-type=asset_store.mojom.AssetStoreService --lang=en-US --service-sandbox-type=asset_store_service --always-read-main-dll --field-trial-handle=2332,i,18056347106009274956,16308117657988434558,262144 --variations-seed-version --mojo-platform-channel-handle=5500 /prefetch:14&#13;&#10;CurrentDirectory: C:\Program Files (x86)\Microsoft\Edge\Application\134.0.3124.72\&#13;&#10;User: WINDOWSVMEDU\Admin&#13;&#10;LogonGuid: {5bf681f8-9abd-67da-7d48-1d0000000000}&#13;&#10;LogonId: 0x1D487D&#13;&#10;TerminalSessionId: 1&#13;&#10;IntegrityLevel: Low&#13;&#10;Hashes: MD5=57C9431D31F45C7BAD6D7B24156BE147,SHA256=4EBE7D3DA29564CD88A289893F63C0E156AA54416D5867661CD1071F37939561,IMPHASH=1489800E3D4E83B6EA868388D457DAF9&#13;&#10;ParentProcessGuid: {5bf681f8-6d6e-67db-da09-000000001400}&#13;&#10;ParentProcessId: 5076&#13;&#10;ParentImage: C:\Program Files (x86)\Microsoft\Edge\Application\msedge.exe&#13;&#10;ParentCommandLine: "C:\Program Files (x86)\Microsoft\Edge\Application\msedge.exe" --no-startup-window&#13;&#10;ParentUser: WINDOWSVMEDU\Admin</Message><Level>Information</Level><Task>Process Create (rule: ProcessCreate)</Task><Opcode>Info</Opcode></RenderingInfo></Event><Event xmlns='http://schemas.microsoft.com/win/2004/08/events/event'><System><Provider Name='Microsoft-Windows-Sysmon' Guid='{5770385f-c22a-43e0-bf4c-06f5698ffbd9}'/><EventID>1</EventID><Version>5</Version><Level>4</Level><Task>1</Task><Opcode>0</Opcode><Keywords>0x8000000000000000</Keywords><TimeCreated SystemTime='2025-03-20T01:21:11.8907937Z'/><EventRecordID>53962</EventRecordID><Correlation/><Execution ProcessID='3120' ThreadID='3992'/><Channel>Microsoft-Windows-Sysmon/Operational</Channel><Computer>WindowsVMEdu</Computer><Security UserID='S-1-5-18'/></System><EventData><Data Name='RuleName'>-</Data><Data Name='UtcTime'>2025-03-20 01:21:11.875</Data><Data Name='ProcessGuid'>{5bf681f8-6d87-67db-ec09-000000001400}</Data><Data Name='ProcessId'>7384</Data><Data Name='Image'>C:\Program Files (x86)\Microsoft\Edge\Application\msedge.exe</Data><Data Name='FileVersion'>134.0.3124.72</Data><Data Name='Description'>Microsoft Edge</Data><Data Name='Product'>Microsoft Edge</Data><Data Name='Company'>Microsoft Corporation</Data><Data Name='OriginalFileName'>msedge.exe</Data><Data Name='CommandLine'>"C:\Program Files (x86)\Microsoft\Edge\Application\msedge.exe" --type=utility --utility-sub-type=entity_extraction_service.mojom.Extractor --lang=en-US --service-sandbox-type=entity_extraction --onnx-enabled-for-ee --always-read-main-dll --field-trial-handle=2332,i,18056347106009274956,16308117657988434558,262144 --variations-seed-version --mojo-platform-channel-handle=5456 /prefetch:14</Data><Data Name='CurrentDirectory'>C:\Program Files (x86)\Microsoft\Edge\Application\134.0.3124.72\</Data><Data Name='User'>WINDOWSVMEDU\Admin</Data><Data Name='LogonGuid'>{5bf681f8-9abd-67da-7d48-1d0000000000}</Data><Data Name='LogonId'>0x1d487d</Data><Data Name='TerminalSessionId'>1</Data><Data Name='IntegrityLevel'>Low</Data><Data Name='Hashes'>MD5=57C9431D31F45C7BAD6D7B24156BE147,SHA256=4EBE7D3DA29564CD88A289893F63C0E156AA54416D5867661CD1071F37939561,IMPHASH=1489800E3D4E83B6EA868388D457DAF9</Data><Data Name='ParentProcessGuid'>{5bf681f8-6d6e-67db-da09-000000001400}</Data><Data Name='ParentProcessId'>5076</Data><Data Name='ParentImage'>C:\Program Files (x86)\Microsoft\Edge\Application\msedge.exe</Data><Data Name='ParentCommandLine'>"C:\Program Files (x86)\Microsoft\Edge\Application\msedge.exe" --no-startup-window</Data><Data Name='ParentUser'>WINDOWSVMEDU\Admin</Data></EventData><RenderingInfo Culture='en-US'><Message>Process Create:&#13;&#10;RuleName: -&#13;&#10;UtcTime: 2025-03-20 01:21:11.875&#13;&#10;ProcessGuid: {5bf681f8-6d87-67db-ec09-000000001400}&#13;&#10;ProcessId: 7384&#13;&#10;Image: C:\Program Files (x86)\Microsoft\Edge\Application\msedge.exe&#13;&#10;FileVersion: 134.0.3124.72&#13;&#10;Description: Microsoft Edge&#13;&#10;Product: Microsoft Edge&#13;&#10;Company: Microsoft Corporation&#13;&#10;OriginalFileName: msedge.exe&#13;&#10;CommandLine: "C:\Program Files (x86)\Microsoft\Edge\Application\msedge.exe" --type=utility --utility-sub-type=entity_extraction_service.mojom.Extractor --lang=en-US --service-sandbox-type=entity_extraction --onnx-enabled-for-ee --always-read-main-dll --field-trial-handle=2332,i,18056347106009274956,16308117657988434558,262144 --variations-seed-version --mojo-platform-channel-handle=5456 /prefetch:14&#13;&#10;CurrentDirectory: C:\Program Files (x86)\Microsoft\Edge\Application\134.0.3124.72\&#13;&#10;User: WINDOWSVMEDU\Admin&#13;&#10;LogonGuid: {5bf681f8-9abd-67da-7d48-1d0000000000}&#13;&#10;LogonId: 0x1D487D&#13;&#10;TerminalSessionId: 1&#13;&#10;IntegrityLevel: Low&#13;&#10;Hashes: MD5=57C9431D31F45C7BAD6D7B24156BE147,SHA256=4EBE7D3DA29564CD88A289893F63C0E156AA54416D5867661CD1071F37939561,IMPHASH=1489800E3D4E83B6EA868388D457DAF9&#13;&#10;ParentProcessGuid: {5bf681f8-6d6e-67db-da09-000000001400}&#13;&#10;ParentProcessId: 5076&#13;&#10;ParentImage: C:\Program Files (x86)\Microsoft\Edge\Application\msedge.exe&#13;&#10;ParentCommandLine: "C:\Program Files (x86)\Microsoft\Edge\Application\msedge.exe" --no-startup-window&#13;&#10;ParentUser: WINDOWSVMEDU\Admin</Message><Level>Information</Level><Task>Process Create (rule: ProcessCreate)</Task><Opcode>Info</Opcode></RenderingInfo></Event><Event xmlns='http://schemas.microsoft.com/win/2004/08/events/event'><System><Provider Name='Microsoft-Windows-Sysmon' Guid='{5770385f-c22a-43e0-bf4c-06f5698ffbd9}'/><EventID>11</EventID><Version>2</Version><Level>4</Level><Task>11</Task><Opcode>0</Opcode><Keywords>0x8000000000000000</Keywords><TimeCreated SystemTime='2025-03-20T01:20:59.1531653Z'/><EventRecordID>53961</EventRecordID><Correlation/><Execution ProcessID='3120' ThreadID='3992'/><Channel>Microsoft-Windows-Sysmon/Operational</Channel><Computer>WindowsVMEdu</Computer><Security UserID='S-1-5-18'/></System><EventData><Data Name='RuleName'>-</Data><Data Name='UtcTime'>2025-03-20 01:20:59.145</Data><Data Name='ProcessGuid'>{5bf681f8-6d7a-67db-ea09-000000001400}</Data><Data Name='ProcessId'>10216</Data><Data Name='Image'>C:\Windows\System32\WindowsPowerShell\v1.0\powershell.exe</Data><Data Name='TargetFilename'>C:\Users\Admin\AppData\Local\Temp\__PSScriptPolicyTest_xmu4wnat.ejc.ps1</Data><Data Name='CreationUtcTime'>2025-03-20 01:20:59.145</Data><Data Name='User'>WINDOWSVMEDU\Admin</Data></EventData><RenderingInfo Culture='en-US'><Message>File created:&#13;&#10;RuleName: -&#13;&#10;UtcTime: 2025-03-20 01:20:59.145&#13;&#10;ProcessGuid: {5bf681f8-6d7a-67db-ea09-000000001400}&#13;&#10;ProcessId: 10216&#13;&#10;Image: C:\Windows\System32\WindowsPowerShell\v1.0\powershell.exe&#13;&#10;TargetFilename: C:\Users\Admin\AppData\Local\Temp\__PSScriptPolicyTest_xmu4wnat.ejc.ps1&#13;&#10;CreationUtcTime: 2025-03-20 01:20:59.145&#13;&#10;User: WINDOWSVMEDU\Admin</Message><Level>Information</Level><Task>File created (rule: FileCreate)</Task><Opcode>Info</Opcode></RenderingInfo></Event><Event xmlns='http://schemas.microsoft.com/win/2004/08/events/event'><System><Provider Name='Microsoft-Windows-Sysmon' Guid='{5770385f-c22a-43e0-bf4c-06f5698ffbd9}'/><EventID>1</EventID><Version>5</Version><Level>4</Level><Task>1</Task><Opcode>0</Opcode><Keywords>0x8000000000000000</Keywords><TimeCreated SystemTime='2025-03-20T01:20:58.9910812Z'/><EventRecordID>53960</EventRecordID><Correlation/><Execution ProcessID='3120' ThreadID='3992'/><Channel>Microsoft-Windows-Sysmon/Operational</Channel><Computer>WindowsVMEdu</Computer><Security UserID='S-1-5-18'/></System><EventData><Data Name='RuleName'>-</Data><Data Name='UtcTime'>2025-03-20 01:20:58.979</Data><Data Name='ProcessGuid'>{5bf681f8-6d7a-67db-ea09-000000001400}</Data><Data Name='ProcessId'>10216</Data><Data Name='Image'>C:\Windows\System32\WindowsPowerShell\v1.0\powershell.exe</Data><Data Name='FileVersion'>10.0.22621.3085 (WinBuild.160101.0800)</Data><Data Name='Description'>Windows PowerShell</Data><Data Name='Product'>Microsoft® Windows® Operating System</Data><Data Name='Company'>Microsoft Corporation</Data><Data Name='OriginalFileName'>PowerShell.EXE</Data><Data Name='CommandLine'>C:\Windows\System32\WindowsPowerShell\v1.0\powershell.exe</Data><Data Name='CurrentDirectory'>C:\Users\Admin\</Data><Data Name='User'>WINDOWSVMEDU\Admin</Data><Data Name='LogonGuid'>{5bf681f8-9abd-67da-4748-1d0000000000}</Data><Data Name='LogonId'>0x1d4847</Data><Data Name='TerminalSessionId'>1</Data><Data Name='IntegrityLevel'>High</Data><Data Name='Hashes'>MD5=9D8E30DAF21108092D5980C931876B7E,SHA256=3247BCFD60F6DD25F34CB74B5889AB10EF1B3EC72B4D4B3D95B5B25B534560B8,IMPHASH=AFACF6DC9041114B198160AAB4D0AE77</Data><Data Name='ParentProcessGuid'>{5bf681f8-6d79-67db-e809-000000001400}</Data><Data Name='ParentProcessId'>9372</Data><Data Name='ParentImage'>C:\Program Files\WindowsApps\Microsoft.WindowsTerminal_1.21.10351.0_x64__8wekyb3d8bbwe\WindowsTerminal.exe</Data><Data Name='ParentCommandLine'>"C:\Program Files\WindowsApps\Microsoft.WindowsTerminal_1.21.10351.0_x64__8wekyb3d8bbwe\WindowsTerminal.exe" </Data><Data Name='ParentUser'>WINDOWSVMEDU\Admin</Data></EventData><RenderingInfo Culture='en-US'><Message>Process Create:&#13;&#10;RuleName: -&#13;&#10;UtcTime: 2025-03-20 01:20:58.979&#13;&#10;ProcessGuid: {5bf681f8-6d7a-67db-ea09-000000001400}&#13;&#10;ProcessId: 10216&#13;&#10;Image: C:\Windows\System32\WindowsPowerShell\v1.0\powershell.exe&#13;&#10;FileVersion: 10.0.22621.3085 (WinBuild.160101.0800)&#13;&#10;Description: Windows PowerShell&#13;&#10;Product: Microsoft® Windows® Operating System&#13;&#10;Company: Microsoft Corporation&#13;&#10;OriginalFileName: PowerShell.EXE&#13;&#10;CommandLine: C:\Windows\System32\WindowsPowerShell\v1.0\powershell.exe&#13;&#10;CurrentDirectory: C:\Users\Admin\&#13;&#10;User: WINDOWSVMEDU\Admin&#13;&#10;LogonGuid: {5bf681f8-9abd-67da-4748-1d0000000000}&#13;&#10;LogonId: 0x1D4847&#13;&#10;TerminalSessionId: 1&#13;&#10;IntegrityLevel: High&#13;&#10;Hashes: MD5=9D8E30DAF21108092D5980C931876B7E,SHA256=3247BCFD60F6DD25F34CB74B5889AB10EF1B3EC72B4D4B3D95B5B25B534560B8,IMPHASH=AFACF6DC9041114B198160AAB4D0AE77&#13;&#10;ParentProcessGuid: {5bf681f8-6d79-67db-e809-000000001400}&#13;&#10;ParentProcessId: 9372&#13;&#10;ParentImage: C:\Program Files\WindowsApps\Microsoft.WindowsTerminal_1.21.10351.0_x64__8wekyb3d8bbwe\WindowsTerminal.exe&#13;&#10;ParentCommandLine: "C:\Program Files\WindowsApps\Microsoft.WindowsTerminal_1.21.10351.0_x64__8wekyb3d8bbwe\WindowsTerminal.exe" &#13;&#10;ParentUser: WINDOWSVMEDU\Admin</Message><Level>Information</Level><Task>Process Create (rule: ProcessCreate)</Task><Opcode>Info</Opcode></RenderingInfo></Event><Event xmlns='http://schemas.microsoft.com/win/2004/08/events/event'><System><Provider Name='Microsoft-Windows-Sysmon' Guid='{5770385f-c22a-43e0-bf4c-06f5698ffbd9}'/><EventID>1</EventID><Version>5</Version><Level>4</Level><Task>1</Task><Opcode>0</Opcode><Keywords>0x8000000000000000</Keywords><TimeCreated SystemTime='2025-03-20T01:20:58.9771730Z'/><EventRecordID>53959</EventRecordID><Correlation/><Execution ProcessID='3120' ThreadID='3992'/><Channel>Microsoft-Windows-Sysmon/Operational</Channel><Computer>WindowsVMEdu</Computer><Security UserID='S-1-5-18'/></System><EventData><Data Name='RuleName'>-</Data><Data Name='UtcTime'>2025-03-20 01:20:58.973</Data><Data Name='ProcessGuid'>{5bf681f8-6d7a-67db-e909-000000001400}</Data><Data Name='ProcessId'>3656</Data><Data Name='Image'>C:\Program Files\WindowsApps\Microsoft.WindowsTerminal_1.21.10351.0_x64__8wekyb3d8bbwe\OpenConsole.exe</Data><Data Name='FileVersion'>-</Data><Data Name='Description'>-</Data><Data Name='Product'>-</Data><Data Name='Company'>-</Data><Data Name='OriginalFileName'>-</Data><Data Name='CommandLine'>"C:\Program Files\WindowsApps\Microsoft.WindowsTerminal_1.21.10351.0_x64__8wekyb3d8bbwe\OpenConsole.exe" --headless --resizeQuirk --width 120 --height 30 --signal 0x9ac --server 0x9a4</Data><Data Name='CurrentDirectory'>C:\Windows\system32\</Data><Data Name='User'>WINDOWSVMEDU\Admin</Data><Data Name='LogonGuid'>{5bf681f8-9abd-67da-4748-1d0000000000}</Data><Data Name='LogonId'>0x1d4847</Data><Data Name='TerminalSessionId'>1</Data><Data Name='IntegrityLevel'>High</Data><Data Name='Hashes'>MD5=E3EBF0C3E7A97ACC39DCD08E5933A190,SHA256=DBC2FAB346CCAFED2533ED56A9653DE21FF62A6340B79741DC892F74E840A565,IMPHASH=1CF40A577445D84B617831F628AD20D3</Data><Data Name='ParentProcessGuid'>{5bf681f8-6d79-67db-e809-000000001400}</Data><Data Name='ParentProcessId'>9372</Data><Data Name='ParentImage'>C:\Program Files\WindowsApps\Microsoft.WindowsTerminal_1.21.10351.0_x64__8wekyb3d8bbwe\WindowsTerminal.exe</Data><Data Name='ParentCommandLine'>"C:\Program Files\WindowsApps\Microsoft.WindowsTerminal_1.21.10351.0_x64__8wekyb3d8bbwe\WindowsTerminal.exe" </Data><Data Name='ParentUser'>WINDOWSVMEDU\Admin</Data></EventData><RenderingInfo Culture='en-US'><Message>Process Create:&#13;&#10;RuleName: -&#13;&#10;UtcTime: 2025-03-20 01:20:58.973&#13;&#10;ProcessGuid: {5bf681f8-6d7a-67db-e909-000000001400}&#13;&#10;ProcessId: 3656&#13;&#10;Image: C:\Program Files\WindowsApps\Microsoft.WindowsTerminal_1.21.10351.0_x64__8wekyb3d8bbwe\OpenConsole.exe&#13;&#10;FileVersion: -&#13;&#10;Description: -&#13;&#10;Product: -&#13;&#10;Company: -&#13;&#10;OriginalFileName: -&#13;&#10;CommandLine: "C:\Program Files\WindowsApps\Microsoft.WindowsTerminal_1.21.10351.0_x64__8wekyb3d8bbwe\OpenConsole.exe" --headless --resizeQuirk --width 120 --height 30 --signal 0x9ac --server 0x9a4&#13;&#10;CurrentDirectory: C:\Windows\system32\&#13;&#10;User: WINDOWSVMEDU\Admin&#13;&#10;LogonGuid: {5bf681f8-9abd-67da-4748-1d0000000000}&#13;&#10;LogonId: 0x1D4847&#13;&#10;TerminalSessionId: 1&#13;&#10;IntegrityLevel: High&#13;&#10;Hashes: MD5=E3EBF0C3E7A97ACC39DCD08E5933A190,SHA256=DBC2FAB346CCAFED2533ED56A9653DE21FF62A6340B79741DC892F74E840A565,IMPHASH=1CF40A577445D84B617831F628AD20D3&#13;&#10;ParentProcessGuid: {5bf681f8-6d79-67db-e809-000000001400}&#13;&#10;ParentProcessId: 9372&#13;&#10;ParentImage: C:\Program Files\WindowsApps\Microsoft.WindowsTerminal_1.21.10351.0_x64__8wekyb3d8bbwe\WindowsTerminal.exe&#13;&#10;ParentCommandLine: "C:\Program Files\WindowsApps\Microsoft.WindowsTerminal_1.21.10351.0_x64__8wekyb3d8bbwe\WindowsTerminal.exe" &#13;&#10;ParentUser: WINDOWSVMEDU\Admin</Message><Level>Information</Level><Task>Process Create (rule: ProcessCreate)</Task><Opcode>Info</Opcode></RenderingInfo></Event><Event xmlns='http://schemas.microsoft.com/win/2004/08/events/event'><System><Provider Name='Microsoft-Windows-Sysmon' Guid='{5770385f-c22a-43e0-bf4c-06f5698ffbd9}'/><EventID>1</EventID><Version>5</Version><Level>4</Level><Task>1</Task><Opcode>0</Opcode><Keywords>0x8000000000000000</Keywords><TimeCreated SystemTime='2025-03-20T01:20:57.9293696Z'/><EventRecordID>53958</EventRecordID><Correlation/><Execution ProcessID='3120' ThreadID='3992'/><Channel>Microsoft-Windows-Sysmon/Operational</Channel><Computer>WindowsVMEdu</Computer><Security UserID='S-1-5-18'/></System><EventData><Data Name='RuleName'>-</Data><Data Name='UtcTime'>2025-03-20 01:20:57.925</Data><Data Name='ProcessGuid'>{5bf681f8-6d79-67db-e809-000000001400}</Data><Data Name='ProcessId'>9372</Data><Data Name='Image'>C:\Program Files\WindowsApps\Microsoft.WindowsTerminal_1.21.10351.0_x64__8wekyb3d8bbwe\WindowsTerminal.exe</Data><Data Name='FileVersion'>-</Data><Data Name='Description'>-</Data><Data Name='Product'>-</Data><Data Name='Company'>-</Data><Data Name='OriginalFileName'>-</Data><Data Name='CommandLine'>"C:\Program Files\WindowsApps\Microsoft.WindowsTerminal_1.21.10351.0_x64__8wekyb3d8bbwe\WindowsTerminal.exe" </Data><Data Name='CurrentDirectory'>C:\Windows\system32\</Data><Data Name='User'>WINDOWSVMEDU\Admin</Data><Data Name='LogonGuid'>{5bf681f8-9abd-67da-4748-1d0000000000}</Data><Data Name='LogonId'>0x1d4847</Data><Data Name='TerminalSessionId'>1</Data><Data Name='IntegrityLevel'>High</Data><Data Name='Hashes'>MD5=36BDD8B80E4D70D60B0CBCC075773FA5,SHA256=15DEC4C8863A9ABCD42BBEE5C124EE4949ABE4F6D5DBFA30C504C42D031C2482,IMPHASH=34D4547F6B48EF265483AB1EF74E046D</Data><Data Name='ParentProcessGuid'>{5bf681f8-9abf-67da-2c01-000000001400}</Data><Data Name='ParentProcessId'>6076</Data><Data Name='ParentImage'>C:\Windows\explorer.exe</Data><Data Name='ParentCommandLine'>C:\Windows\Explorer.EXE</Data><Data Name='ParentUser'>WINDOWSVMEDU\Admin</Data></EventData><RenderingInfo Culture='en-US'><Message>Process Create:&#13;&#10;RuleName: -&#13;&#10;UtcTime: 2025-03-20 01:20:57.925&#13;&#10;ProcessGuid: {5bf681f8-6d79-67db-e809-000000001400}&#13;&#10;ProcessId: 9372&#13;&#10;Image: C:\Program Files\WindowsApps\Microsoft.WindowsTerminal_1.21.10351.0_x64__8wekyb3d8bbwe\WindowsTerminal.exe&#13;&#10;FileVersion: -&#13;&#10;Description: -&#13;&#10;Product: -&#13;&#10;Company: -&#13;&#10;OriginalFileName: -&#13;&#10;CommandLine: "C:\Program Files\WindowsApps\Microsoft.WindowsTerminal_1.21.10351.0_x64__8wekyb3d8bbwe\WindowsTerminal.exe" &#13;&#10;CurrentDirectory: C:\Windows\system32\&#13;&#10;User: WINDOWSVMEDU\Admin&#13;&#10;LogonGuid: {5bf681f8-9abd-67da-4748-1d0000000000}&#13;&#10;LogonId: 0x1D4847&#13;&#10;TerminalSessionId: 1&#13;&#10;IntegrityLevel: High&#13;&#10;Hashes: MD5=36BDD8B80E4D70D60B0CBCC075773FA5,SHA256=15DEC4C8863A9ABCD42BBEE5C124EE4949ABE4F6D5DBFA30C504C42D031C2482,IMPHASH=34D4547F6B48EF265483AB1EF74E046D&#13;&#10;ParentProcessGuid: {5bf681f8-9abf-67da-2c01-000000001400}&#13;&#10;ParentProcessId: 6076&#13;&#10;ParentImage: C:\Windows\explorer.exe&#13;&#10;ParentCommandLine: C:\Windows\Explorer.EXE&#13;&#10;ParentUser: WINDOWSVMEDU\Admin</Message><Level>Information</Level><Task>Process Create (rule: ProcessCreate)</Task><Opcode>Info</Opcode></RenderingInfo></Event><Event xmlns='http://schemas.microsoft.com/win/2004/08/events/event'><System><Provider Name='Microsoft-Windows-Sysmon' Guid='{5770385f-c22a-43e0-bf4c-06f5698ffbd9}'/><EventID>1</EventID><Version>5</Version><Level>4</Level><Task>1</Task><Opcode>0</Opcode><Keywords>0x8000000000000000</Keywords><TimeCreated SystemTime='2025-03-20T01:20:56.5908748Z'/><EventRecordID>53957</EventRecordID><Correlation/><Execution ProcessID='3120' ThreadID='3992'/><Channel>Microsoft-Windows-Sysmon/Operational</Channel><Computer>WindowsVMEdu</Computer><Security UserID='S-1-5-18'/></System><EventData><Data Name='RuleName'>-</Data><Data Name='UtcTime'>2025-03-20 01:20:56.574</Data><Data Name='ProcessGuid'>{5bf681f8-6d78-67db-e709-000000001400}</Data><Data Name='ProcessId'>2724</Data><Data Name='Image'>C:\Windows\System32\ctfmon.exe</Data><Data Name='FileVersion'>10.0.22621.1 (WinBuild.160101.0800)</Data><Data Name='Description'>CTF Loader</Data><Data Name='Product'>Microsoft® Windows® Operating System</Data><Data Name='Company'>Microsoft Corporation</Data><Data Name='OriginalFileName'>CTFMON.EXE</Data><Data Name='CommandLine'>"ctfmon.exe"</Data><Data Name='CurrentDirectory'>C:\Windows\system32\</Data><Data Name='User'>NT AUTHORITY\SYSTEM</Data><Data Name='LogonGuid'>{5bf681f8-99f2-67da-e703-000000000000}</Data><Data Name='LogonId'>0x3e7</Data><Data Name='TerminalSessionId'>1</Data><Data Name='IntegrityLevel'>System</Data><Data Name='Hashes'>MD5=4D6ADD8B85F8E33937B8483BF5D040C1,SHA256=7E067B7DA5DA60458B5F7D5A99BC7C7C1F41999CD2559985F09267B1EC2E56EC,IMPHASH=6FD43544FB51C12382CAD7C88F550240</Data><Data Name='ParentProcessGuid'>{5bf681f8-99f4-67da-3100-000000001400}</Data><Data Name='ParentProcessId'>2300</Data><Data Name='ParentImage'>C:\Windows\System32\svchost.exe</Data><Data Name='ParentCommandLine'>C:\Windows\System32\svchost.exe -k LocalSystemNetworkRestricted -p -s TextInputManagementService</Data><Data Name='ParentUser'>NT AUTHORITY\SYSTEM</Data></EventData><RenderingInfo Culture='en-US'><Message>Process Create:&#13;&#10;RuleName: -&#13;&#10;UtcTime: 2025-03-20 01:20:56.574&#13;&#10;ProcessGuid: {5bf681f8-6d78-67db-e709-000000001400}&#13;&#10;ProcessId: 2724&#13;&#10;Image: C:\Windows\System32\ctfmon.exe&#13;&#10;FileVersion: 10.0.22621.1 (WinBuild.160101.0800)&#13;&#10;Description: CTF Loader&#13;&#10;Product: Microsoft® Windows® Operating System&#13;&#10;Company: Microsoft Corporation&#13;&#10;OriginalFileName: CTFMON.EXE&#13;&#10;CommandLine: "ctfmon.exe"&#13;&#10;CurrentDirectory: C:\Windows\system32\&#13;&#10;User: NT AUTHORITY\SYSTEM&#13;&#10;LogonGuid: {5bf681f8-99f2-67da-e703-000000000000}&#13;&#10;LogonId: 0x3E7&#13;&#10;TerminalSessionId: 1&#13;&#10;IntegrityLevel: System&#13;&#10;Hashes: MD5=4D6ADD8B85F8E33937B8483BF5D040C1,SHA256=7E067B7DA5DA60458B5F7D5A99BC7C7C1F41999CD2559985F09267B1EC2E56EC,IMPHASH=6FD43544FB51C12382CAD7C88F550240&#13;&#10;ParentProcessGuid: {5bf681f8-99f4-67da-3100-000000001400}&#13;&#10;ParentProcessId: 2300&#13;&#10;ParentImage: C:\Windows\System32\svchost.exe&#13;&#10;ParentCommandLine: C:\Windows\System32\svchost.exe -k LocalSystemNetworkRestricted -p -s TextInputManagementService&#13;&#10;ParentUser: NT AUTHORITY\SYSTEM</Message><Level>Information</Level><Task>Process Create (rule: ProcessCreate)</Task><Opcode>Info</Opcode></RenderingInfo></Event><Event xmlns='http://schemas.microsoft.com/win/2004/08/events/event'><System><Provider Name='Microsoft-Windows-Sysmon' Guid='{5770385f-c22a-43e0-bf4c-06f5698ffbd9}'/><EventID>1</EventID><Version>5</Version><Level>4</Level><Task>1</Task><Opcode>0</Opcode><Keywords>0x8000000000000000</Keywords><TimeCreated SystemTime='2025-03-20T01:20:56.2884327Z'/><EventRecordID>53956</EventRecordID><Correlation/><Execution ProcessID='3120' ThreadID='3992'/><Channel>Microsoft-Windows-Sysmon/Operational</Channel><Computer>WindowsVMEdu</Computer><Security UserID='S-1-5-18'/></System><EventData><Data Name='RuleName'>-</Data><Data Name='UtcTime'>2025-03-20 01:20:56.277</Data><Data Name='ProcessGuid'>{5bf681f8-6d78-67db-e609-000000001400}</Data><Data Name='ProcessId'>7548</Data><Data Name='Image'>C:\Windows\System32\consent.exe</Data><Data Name='FileVersion'>10.0.22621.4830 (WinBuild.160101.0800)</Data><Data Name='Description'>Consent UI for administrative applications</Data><Data Name='Product'>Microsoft® Windows® Operating System</Data><Data Name='Company'>Microsoft Corporation</Data><Data Name='OriginalFileName'>consent.exe</Data><Data Name='CommandLine'>consent.exe 6944 706 000001D20A437F30</Data><Data Name='CurrentDirectory'>C:\Windows\system32\</Data><Data Name='User'>NT AUTHORITY\SYSTEM</Data><Data Name='LogonGuid'>{5bf681f8-99f2-67da-e703-000000000000}</Data><Data Name='LogonId'>0x3e7</Data><Data Name='TerminalSessionId'>1</Data><Data Name='IntegrityLevel'>System</Data><Data Name='Hashes'>MD5=47FEF62D9DCF3C2B848B8DA667823972,SHA256=710FB76C0FFD3AE1BA7DB6C95E9EB3E8DF30E290BBCE637579D1245D256B9722,IMPHASH=5D0C875DBD930A73D5A983016E384930</Data><Data Name='ParentProcessGuid'>{5bf681f8-9adc-67da-3a01-000000001400}</Data><Data Name='ParentProcessId'>6944</Data><Data Name='ParentImage'>C:\Windows\System32\svchost.exe</Data><Data Name='ParentCommandLine'>C:\Windows\system32\svchost.exe -k netsvcs -p -s Appinfo</Data><Data Name='ParentUser'>NT AUTHORITY\SYSTEM</Data></EventData><RenderingInfo Culture='en-US'><Message>Process Create:&#13;&#10;RuleName: -&#13;&#10;UtcTime: 2025-03-20 01:20:56.277&#13;&#10;ProcessGuid: {5bf681f8-6d78-67db-e609-000000001400}&#13;&#10;ProcessId: 7548&#13;&#10;Image: C:\Windows\System32\consent.exe&#13;&#10;FileVersion: 10.0.22621.4830 (WinBuild.160101.0800)&#13;&#10;Description: Consent UI for administrative applications&#13;&#10;Product: Microsoft® Windows® Operating System&#13;&#10;Company: Microsoft Corporation&#13;&#10;OriginalFileName: consent.exe&#13;&#10;CommandLine: consent.exe 6944 706 000001D20A437F30&#13;&#10;CurrentDirectory: C:\Windows\system32\&#13;&#10;User: NT AUTHORITY\SYSTEM&#13;&#10;LogonGuid: {5bf681f8-99f2-67da-e703-000000000000}&#13;&#10;LogonId: 0x3E7&#13;&#10;TerminalSessionId: 1&#13;&#10;IntegrityLevel: System&#13;&#10;Hashes: MD5=47FEF62D9DCF3C2B848B8DA667823972,SHA256=710FB76C0FFD3AE1BA7DB6C95E9EB3E8DF30E290BBCE637579D1245D256B9722,IMPHASH=5D0C875DBD930A73D5A983016E384930&#13;&#10;ParentProcessGuid: {5bf681f8-9adc-67da-3a01-000000001400}&#13;&#10;ParentProcessId: 6944&#13;&#10;ParentImage: C:\Windows\System32\svchost.exe&#13;&#10;ParentCommandLine: C:\Windows\system32\svchost.exe -k netsvcs -p -s Appinfo&#13;&#10;ParentUser: NT AUTHORITY\SYSTEM</Message><Level>Information</Level><Task>Process Create (rule: ProcessCreate)</Task><Opcode>Info</Opcode></RenderingInfo></Event>