<?xml version="1.0" encoding="utf-8" standalone="yes"?>
<Events><Event xmlns='http://schemas.microsoft.com/win/2004/08/events/event'><System><Provider Name='Microsoft-Windows-Sysmon' Guid='{5770385f-c22a-43e0-bf4c-06f5698ffbd9}'/><EventID>11</EventID><Version>2</Version><Level>4</Level><Task>11</Task><Opcode>0</Opcode><Keywords>0x8000000000000000</Keywords><TimeCreated SystemTime='2025-03-20T01:30:57.7180375Z'/><EventRecordID>53986</EventRecordID><Correlation/><Execution ProcessID='3120' ThreadID='3992'/><Channel>Microsoft-Windows-Sysmon/Operational</Channel><Computer>WindowsVMEdu</Computer><Security UserID='S-1-5-18'/></System><EventData><Data Name='RuleName'>Downloads</Data><Data Name='UtcTime'>2025-03-20 01:30:57.707</Data><Data Name='ProcessGuid'>{5bf681f8-462c-67db-f107-000000001400}</Data><Data Name='ProcessId'>8288</Data><Data Name='Image'>C:\Windows\system32\mmc.exe</Data><Data Name='TargetFilename'>C:\Users\Admin\Downloads\windows-sysmon-logs.xml</Data><Data Name='CreationUtcTime'>2025-03-20 01:30:57.707</Data><Data Name='User'>WINDOWSVMEDU\Admin</Data></EventData><RenderingInfo Culture='en-US'><Message>File created:&#13;&#10;RuleName: Downloads&#13;&#10;UtcTime: 2025-03-20 01:30:57.707&#13;&#10;ProcessGuid: {5bf681f8-462c-67db-f107-000000001400}&#13;&#10;ProcessId: 8288&#13;&#10;Image: C:\Windows\system32\mmc.exe&#13;&#10;TargetFilename: C:\Users\Admin\Downloads\windows-sysmon-logs.xml&#13;&#10;CreationUtcTime: 2025-03-20 01:30:57.707&#13;&#10;User: WINDOWSVMEDU\Admin</Message><Level>Information</Level><Task>File created (rule: FileCreate)</Task><Opcode>Info</Opcode></RenderingInfo></Event><Event xmlns='http://schemas.microsoft.com/win/2004/08/events/event'><System><Provider Name='Microsoft-Windows-Sysmon' Guid='{5770385f-c22a-43e0-bf4c-06f5698ffbd9}'/><EventID>1</EventID><Version>5</Version><Level>4</Level><Task>1</Task><Opcode>0</Opcode><Keywords>0x8000000000000000</Keywords><TimeCreated SystemTime='2025-03-20T01:30:47.3271652Z'/><EventRecordID>53985</EventRecordID><Correlation/><Execution ProcessID='3120' ThreadID='3992'/><Channel>Microsoft-Windows-Sysmon/Operational</Channel><Computer>WindowsVMEdu</Computer><Security UserID='S-1-5-18'/></System><EventData><Data Name='RuleName'>-</Data><Data Name='UtcTime'>2025-03-20 01:30:47.284</Data><Data Name='ProcessGuid'>{5bf681f8-6fc7-67db-070a-000000001400}</Data><Data Name='ProcessId'>6676</Data><Data Name='Image'>C:\Program Files (x86)\Microsoft\Edge\Application\msedge.exe</Data><Data Name='FileVersion'>134.0.3124.72</Data><Data Name='Description'>Microsoft Edge</Data><Data Name='Product'>Microsoft Edge</Data><Data Name='Company'>Microsoft Corporation</Data><Data Name='OriginalFileName'>msedge.exe</Data><Data Name='CommandLine'>"C:\Program Files (x86)\Microsoft\Edge\Application\msedge.exe" --type=utility --utility-sub-type=asset_store.mojom.AssetStoreService --lang=en-US --service-sandbox-type=asset_store_service --always-read-main-dll --field-trial-handle=2332,i,18056347106009274956,16308117657988434558,262144 --variations-seed-version --mojo-platform-channel-handle=5984 /prefetch:14</Data><Data Name='CurrentDirectory'>C:\Program Files (x86)\Microsoft\Edge\Application\134.0.3124.72\</Data><Data Name='User'>WINDOWSVMEDU\Admin</Data><Data Name='LogonGuid'>{5bf681f8-9abd-67da-7d48-1d0000000000}</Data><Data Name='LogonId'>0x1d487d</Data><Data Name='TerminalSessionId'>1</Data><Data Name='IntegrityLevel'>Low</Data><Data Name='Hashes'>MD5=57C9431D31F45C7BAD6D7B24156BE147,SHA256=4EBE7D3DA29564CD88A289893F63C0E156AA54416D5867661CD1071F37939561,IMPHASH=1489800E3D4E83B6EA868388D457DAF9</Data><Data Name='ParentProcessGuid'>{5bf681f8-6d6e-67db-da09-000000001400}</Data><Data Name='ParentProcessId'>5076</Data><Data Name='ParentImage'>C:\Program Files (x86)\Microsoft\Edge\Application\msedge.exe</Data><Data Name='ParentCommandLine'>"C:\Program Files (x86)\Microsoft\Edge\Application\msedge.exe" --no-startup-window</Data><Data Name='ParentUser'>WINDOWSVMEDU\Admin</Data></EventData><RenderingInfo Culture='en-US'><Message>Process Create:&#13;&#10;RuleName: -&#13;&#10;UtcTime: 2025-03-20 01:30:47.284&#13;&#10;ProcessGuid: {5bf681f8-6fc7-67db-070a-000000001400}&#13;&#10;ProcessId: 6676&#13;&#10;Image: C:\Program Files (x86)\Microsoft\Edge\Application\msedge.exe&#13;&#10;FileVersion: 134.0.3124.72&#13;&#10;Description: Microsoft Edge&#13;&#10;Product: Microsoft Edge&#13;&#10;Company: Microsoft Corporation&#13;&#10;OriginalFileName: msedge.exe&#13;&#10;CommandLine: "C:\Program Files (x86)\Microsoft\Edge\Application\msedge.exe" --type=utility --utility-sub-type=asset_store.mojom.AssetStoreService --lang=en-US --service-sandbox-type=asset_store_service --always-read-main-dll --field-trial-handle=2332,i,18056347106009274956,16308117657988434558,262144 --variations-seed-version --mojo-platform-channel-handle=5984 /prefetch:14&#13;&#10;CurrentDirectory: C:\Program Files (x86)\Microsoft\Edge\Application\134.0.3124.72\&#13;&#10;User: WINDOWSVMEDU\Admin&#13;&#10;LogonGuid: {5bf681f8-9abd-67da-7d48-1d0000000000}&#13;&#10;LogonId: 0x1D487D&#13;&#10;TerminalSessionId: 1&#13;&#10;IntegrityLevel: Low&#13;&#10;Hashes: MD5=57C9431D31F45C7BAD6D7B24156BE147,SHA256=4EBE7D3DA29564CD88A289893F63C0E156AA54416D5867661CD1071F37939561,IMPHASH=1489800E3D4E83B6EA868388D457DAF9&#13;&#10;ParentProcessGuid: {5bf681f8-6d6e-67db-da09-000000001400}&#13;&#10;ParentProcessId: 5076&#13;&#10;ParentImage: C:\Program Files (x86)\Microsoft\Edge\Application\msedge.exe&#13;&#10;ParentCommandLine: "C:\Program Files (x86)\Microsoft\Edge\Application\msedge.exe" --no-startup-window&#13;&#10;ParentUser: WINDOWSVMEDU\Admin</Message><Level>Information</Level><Task>Process Create (rule: ProcessCreate)</Task><Opcode>Info</Opcode></RenderingInfo></Event><Event xmlns='http://schemas.microsoft.com/win/2004/08/events/event'><System><Provider Name='Microsoft-Windows-Sysmon' Guid='{5770385f-c22a-43e0-bf4c-06f5698ffbd9}'/><EventID>22</EventID><Version>5</Version><Level>4</Level><Task>22</Task><Opcode>0</Opcode><Keywords>0x8000000000000000</Keywords><TimeCreated SystemTime='2025-03-20T01:29:44.7979902Z'/><EventRecordID>53984</EventRecordID><Correlation/><Execution ProcessID='3120' ThreadID='5308'/><Channel>Microsoft-Windows-Sysmon/Operational</Channel><Computer>WindowsVMEdu</Computer><Security UserID='S-1-5-18'/></System><EventData><Data Name='RuleName'>-</Data><Data Name='UtcTime'>2025-03-20 01:29:43.292</Data><Data Name='ProcessGuid'>{5bf681f8-9c0b-67da-5202-000000001400}</Data><Data Name='ProcessId'>6436</Data><Data Name='QueryName'>wpad</Data><Data Name='QueryStatus'>123</Data><Data Name='QueryResults'>-</Data><Data Name='Image'>C:\Program Files (x86)\Microsoft\EdgeWebView\Application\134.0.3124.72\msedgewebview2.exe</Data><Data Name='User'>WINDOWSVMEDU\Admin</Data></EventData><RenderingInfo Culture='en-US'><Message>Dns query:&#13;&#10;RuleName: -&#13;&#10;UtcTime: 2025-03-20 01:29:43.292&#13;&#10;ProcessGuid: {5bf681f8-9c0b-67da-5202-000000001400}&#13;&#10;ProcessId: 6436&#13;&#10;QueryName: wpad&#13;&#10;QueryStatus: 123&#13;&#10;QueryResults: -&#13;&#10;Image: C:\Program Files (x86)\Microsoft\EdgeWebView\Application\134.0.3124.72\msedgewebview2.exe&#13;&#10;User: WINDOWSVMEDU\Admin</Message><Level>Information</Level><Task>Dns query (rule: DnsQuery)</Task><Opcode>Info</Opcode></RenderingInfo></Event><Event xmlns='http://schemas.microsoft.com/win/2004/08/events/event'><System><Provider Name='Microsoft-Windows-Sysmon' Guid='{5770385f-c22a-43e0-bf4c-06f5698ffbd9}'/><EventID>1</EventID><Version>5</Version><Level>4</Level><Task>1</Task><Opcode>0</Opcode><Keywords>0x8000000000000000</Keywords><TimeCreated SystemTime='2025-03-20T01:28:51.3618033Z'/><EventRecordID>53983</EventRecordID><Correlation/><Execution ProcessID='3120' ThreadID='3992'/><Channel>Microsoft-Windows-Sysmon/Operational</Channel><Computer>WindowsVMEdu</Computer><Security UserID='S-1-5-18'/></System><EventData><Data Name='RuleName'>-</Data><Data Name='UtcTime'>2025-03-20 01:28:51.351</Data><Data Name='ProcessGuid'>{5bf681f8-6f53-67db-010a-000000001400}</Data><Data Name='ProcessId'>8652</Data><Data Name='Image'>C:\Program Files (x86)\Microsoft\Edge\Application\msedge.exe</Data><Data Name='FileVersion'>134.0.3124.72</Data><Data Name='Description'>Microsoft Edge</Data><Data Name='Product'>Microsoft Edge</Data><Data Name='Company'>Microsoft Corporation</Data><Data Name='OriginalFileName'>msedge.exe</Data><Data Name='CommandLine'>"C:\Program Files (x86)\Microsoft\Edge\Application\msedge.exe" --type=utility --utility-sub-type=edge_search_indexer.mojom.SearchIndexerInterfaceBroker --lang=en-US --service-sandbox-type=search_indexer --message-loop-type-ui --always-read-main-dll --field-trial-handle=2332,i,18056347106009274956,16308117657988434558,262144 --variations-seed-version --mojo-platform-channel-handle=6300 /prefetch:14</Data><Data Name='CurrentDirectory'>C:\Program Files (x86)\Microsoft\Edge\Application\134.0.3124.72\</Data><Data Name='User'>WINDOWSVMEDU\Admin</Data><Data Name='LogonGuid'>{5bf681f8-9abd-67da-7d48-1d0000000000}</Data><Data Name='LogonId'>0x1d487d</Data><Data Name='TerminalSessionId'>1</Data><Data Name='IntegrityLevel'>Low</Data><Data Name='Hashes'>MD5=57C9431D31F45C7BAD6D7B24156BE147,SHA256=4EBE7D3DA29564CD88A289893F63C0E156AA54416D5867661CD1071F37939561,IMPHASH=1489800E3D4E83B6EA868388D457DAF9</Data><Data Name='ParentProcessGuid'>{5bf681f8-6d6e-67db-da09-000000001400}</Data><Data Name='ParentProcessId'>5076</Data><Data Name='ParentImage'>C:\Program Files (x86)\Microsoft\Edge\Application\msedge.exe</Data><Data Name='ParentCommandLine'>"C:\Program Files (x86)\Microsoft\Edge\Application\msedge.exe" --no-startup-window</Data><Data Name='ParentUser'>WINDOWSVMEDU\Admin</Data></EventData><RenderingInfo Culture='en-US'><Message>Process Create:&#13;&#10;RuleName: -&#13;&#10;UtcTime: 2025-03-20 01:28:51.351&#13;&#10;ProcessGuid: {5bf681f8-6f53-67db-010a-000000001400}&#13;&#10;ProcessId: 8652&#13;&#10;Image: C:\Program Files (x86)\Microsoft\Edge\Application\msedge.exe&#13;&#10;FileVersion: 134.0.3124.72&#13;&#10;Description: Microsoft Edge&#13;&#10;Product: Microsoft Edge&#13;&#10;Company: Microsoft Corporation&#13;&#10;OriginalFileName: msedge.exe&#13;&#10;CommandLine: "C:\Program Files (x86)\Microsoft\Edge\Application\msedge.exe" --type=utility --utility-sub-type=edge_search_indexer.mojom.SearchIndexerInterfaceBroker --lang=en-US --service-sandbox-type=search_indexer --message-loop-type-ui --always-read-main-dll --field-trial-handle=2332,i,18056347106009274956,16308117657988434558,262144 --variations-seed-version --mojo-platform-channel-handle=6300 /prefetch:14&#13;&#10;CurrentDirectory: C:\Program Files (x86)\Microsoft\Edge\Application\134.0.3124.72\&#13;&#10;User: WINDOWSVMEDU\Admin&#13;&#10;LogonGuid: {5bf681f8-9abd-67da-7d48-1d0000000000}&#13;&#10;LogonId: 0x1D487D&#13;&#10;TerminalSessionId: 1&#13;&#10;IntegrityLevel: Low&#13;&#10;Hashes: MD5=57C9431D31F45C7BAD6D7B24156BE147,SHA256=4EBE7D3DA29564CD88A289893F63C0E156AA54416D5867661CD1071F37939561,IMPHASH=1489800E3D4E83B6EA868388D457DAF9&#13;&#10;ParentProcessGuid: {5bf681f8-6d6e-67db-da09-000000001400}&#13;&#10;ParentProcessId: 5076&#13;&#10;ParentImage: C:\Program Files (x86)\Microsoft\Edge\Application\msedge.exe&#13;&#10;ParentCommandLine: "C:\Program Files (x86)\Microsoft\Edge\Application\msedge.exe" --no-startup-window&#13;&#10;ParentUser: WINDOWSVMEDU\Admin</Message><Level>Information</Level><Task>Process Create (rule: ProcessCreate)</Task><Opcode>Info</Opcode></RenderingInfo></Event><Event xmlns='http://schemas.microsoft.com/win/2004/08/events/event'><System><Provider Name='Microsoft-Windows-Sysmon' Guid='{5770385f-c22a-43e0-bf4c-06f5698ffbd9}'/><EventID>22</EventID><Version>5</Version><Level>4</Level><Task>22</Task><Opcode>0</Opcode><Keywords>0x8000000000000000</Keywords><TimeCreated SystemTime='2025-03-20T01:28:23.7529728Z'/><EventRecordID>53982</EventRecordID><Correlation/><Execution ProcessID='3120' ThreadID='5308'/><Channel>Microsoft-Windows-Sysmon/Operational</Channel><Computer>WindowsVMEdu</Computer><Security UserID='S-1-5-18'/></System><EventData><Data Name='RuleName'>-</Data><Data Name='UtcTime'>2025-03-20 01:28:22.425</Data><Data Name='ProcessGuid'>{5bf681f8-6d6e-67db-dd09-000000001400}</Data><Data Name='ProcessId'>4780</Data><Data Name='QueryName'>deff.nelreports.net</Data><Data Name='QueryStatus'>1460</Data><Data Name='QueryResults'>-</Data><Data Name='Image'>C:\Program Files (x86)\Microsoft\Edge\Application\msedge.exe</Data><Data Name='User'>WINDOWSVMEDU\Admin</Data></EventData><RenderingInfo Culture='en-US'><Message>Dns query:&#13;&#10;RuleName: -&#13;&#10;UtcTime: 2025-03-20 01:28:22.425&#13;&#10;ProcessGuid: {5bf681f8-6d6e-67db-dd09-000000001400}&#13;&#10;ProcessId: 4780&#13;&#10;QueryName: deff.nelreports.net&#13;&#10;QueryStatus: 1460&#13;&#10;QueryResults: -&#13;&#10;Image: C:\Program Files (x86)\Microsoft\Edge\Application\msedge.exe&#13;&#10;User: WINDOWSVMEDU\Admin</Message><Level>Information</Level><Task>Dns query (rule: DnsQuery)</Task><Opcode>Info</Opcode></RenderingInfo></Event><Event xmlns='http://schemas.microsoft.com/win/2004/08/events/event'><System><Provider Name='Microsoft-Windows-Sysmon' Guid='{5770385f-c22a-43e0-bf4c-06f5698ffbd9}'/><EventID>13</EventID><Version>2</Version><Level>4</Level><Task>13</Task><Opcode>0</Opcode><Keywords>0x8000000000000000</Keywords><TimeCreated SystemTime='2025-03-20T01:28:11.4812554Z'/><EventRecordID>53981</EventRecordID><Correlation/><Execution ProcessID='3120' ThreadID='3992'/><Channel>Microsoft-Windows-Sysmon/Operational</Channel><Computer>WindowsVMEdu</Computer><Security UserID='S-1-5-18'/></System><EventData><Data Name='RuleName'>T1060,RunKey</Data><Data Name='EventType'>SetValue</Data><Data Name='UtcTime'>2025-03-20 01:28:11.469</Data><Data Name='ProcessGuid'>{5bf681f8-6d6e-67db-da09-000000001400}</Data><Data Name='ProcessId'>5076</Data><Data Name='Image'>C:\Program Files (x86)\Microsoft\Edge\Application\msedge.exe</Data><Data Name='TargetObject'>HKU\S-1-5-21-4199084950-446910595-3072948411-1001\Software\Microsoft\Windows\CurrentVersion\Run\MicrosoftEdgeAutoLaunch_5EFC0ECB77A7585FE9DCDD0B2E946A2B</Data><Data Name='Details'>"C:\Program Files (x86)\Microsoft\Edge\Application\msedge.exe" --no-startup-window --win-session-start</Data><Data Name='User'>WINDOWSVMEDU\Admin</Data></EventData><RenderingInfo Culture='en-US'><Message>Registry value set:&#13;&#10;RuleName: T1060,RunKey&#13;&#10;EventType: SetValue&#13;&#10;UtcTime: 2025-03-20 01:28:11.469&#13;&#10;ProcessGuid: {5bf681f8-6d6e-67db-da09-000000001400}&#13;&#10;ProcessId: 5076&#13;&#10;Image: C:\Program Files (x86)\Microsoft\Edge\Application\msedge.exe&#13;&#10;TargetObject: HKU\S-1-5-21-4199084950-446910595-3072948411-1001\Software\Microsoft\Windows\CurrentVersion\Run\MicrosoftEdgeAutoLaunch_5EFC0ECB77A7585FE9DCDD0B2E946A2B&#13;&#10;Details: "C:\Program Files (x86)\Microsoft\Edge\Application\msedge.exe" --no-startup-window --win-session-start&#13;&#10;User: WINDOWSVMEDU\Admin</Message><Level>Information</Level><Task>Registry value set (rule: RegistryEvent)</Task><Opcode>Info</Opcode></RenderingInfo></Event><Event xmlns='http://schemas.microsoft.com/win/2004/08/events/event'><System><Provider Name='Microsoft-Windows-Sysmon' Guid='{5770385f-c22a-43e0-bf4c-06f5698ffbd9}'/><EventID>1</EventID><Version>5</Version><Level>4</Level><Task>1</Task><Opcode>0</Opcode><Keywords>0x8000000000000000</Keywords><TimeCreated SystemTime='2025-03-20T01:28:06.4909870Z'/><EventRecordID>53980</EventRecordID><Correlation/><Execution ProcessID='3120' ThreadID='3992'/><Channel>Microsoft-Windows-Sysmon/Operational</Channel><Computer>WindowsVMEdu</Computer><Security UserID='S-1-5-18'/></System><EventData><Data Name='RuleName'>-</Data><Data Name='UtcTime'>2025-03-20 01:28:06.456</Data><Data Name='ProcessGuid'>{5bf681f8-6f26-67db-fd09-000000001400}</Data><Data Name='ProcessId'>9876</Data><Data Name='Image'>C:\Program Files (x86)\Microsoft\Edge\Application\msedge.exe</Data><Data Name='FileVersion'>134.0.3124.72</Data><Data Name='Description'>Microsoft Edge</Data><Data Name='Product'>Microsoft Edge</Data><Data Name='Company'>Microsoft Corporation</Data><Data Name='OriginalFileName'>msedge.exe</Data><Data Name='CommandLine'>"C:\Program Files (x86)\Microsoft\Edge\Application\msedge.exe" --type=utility --utility-sub-type=asset_store.mojom.AssetStoreService --lang=en-US --service-sandbox-type=asset_store_service --always-read-main-dll --field-trial-handle=2332,i,18056347106009274956,16308117657988434558,262144 --variations-seed-version --mojo-platform-channel-handle=5440 /prefetch:14</Data><Data Name='CurrentDirectory'>C:\Program Files (x86)\Microsoft\Edge\Application\134.0.3124.72\</Data><Data Name='User'>WINDOWSVMEDU\Admin</Data><Data Name='LogonGuid'>{5bf681f8-9abd-67da-7d48-1d0000000000}</Data><Data Name='LogonId'>0x1d487d</Data><Data Name='TerminalSessionId'>1</Data><Data Name='IntegrityLevel'>Low</Data><Data Name='Hashes'>MD5=57C9431D31F45C7BAD6D7B24156BE147,SHA256=4EBE7D3DA29564CD88A289893F63C0E156AA54416D5867661CD1071F37939561,IMPHASH=1489800E3D4E83B6EA868388D457DAF9</Data><Data Name='ParentProcessGuid'>{5bf681f8-6d6e-67db-da09-000000001400}</Data><Data Name='ParentProcessId'>5076</Data><Data Name='ParentImage'>C:\Program Files (x86)\Microsoft\Edge\Application\msedge.exe</Data><Data Name='ParentCommandLine'>"C:\Program Files (x86)\Microsoft\Edge\Application\msedge.exe" --no-startup-window</Data><Data Name='ParentUser'>WINDOWSVMEDU\Admin</Data></EventData><RenderingInfo Culture='en-US'><Message>Process Create:&#13;&#10;RuleName: -&#13;&#10;UtcTime: 2025-03-20 01:28:06.456&#13;&#10;ProcessGuid: {5bf681f8-6f26-67db-fd09-000000001400}&#13;&#10;ProcessId: 9876&#13;&#10;Image: C:\Program Files (x86)\Microsoft\Edge\Application\msedge.exe&#13;&#10;FileVersion: 134.0.3124.72&#13;&#10;Description: Microsoft Edge&#13;&#10;Product: Microsoft Edge&#13;&#10;Company: Microsoft Corporation&#13;&#10;OriginalFileName: msedge.exe&#13;&#10;CommandLine: "C:\Program Files (x86)\Microsoft\Edge\Application\msedge.exe" --type=utility --utility-sub-type=asset_store.mojom.AssetStoreService --lang=en-US --service-sandbox-type=asset_store_service --always-read-main-dll --field-trial-handle=2332,i,18056347106009274956,16308117657988434558,262144 --variations-seed-version --mojo-platform-channel-handle=5440 /prefetch:14&#13;&#10;CurrentDirectory: C:\Program Files (x86)\Microsoft\Edge\Application\134.0.3124.72\&#13;&#10;User: WINDOWSVMEDU\Admin&#13;&#10;LogonGuid: {5bf681f8-9abd-67da-7d48-1d0000000000}&#13;&#10;LogonId: 0x1D487D&#13;&#10;TerminalSessionId: 1&#13;&#10;IntegrityLevel: Low&#13;&#10;Hashes: MD5=57C9431D31F45C7BAD6D7B24156BE147,SHA256=4EBE7D3DA29564CD88A289893F63C0E156AA54416D5867661CD1071F37939561,IMPHASH=1489800E3D4E83B6EA868388D457DAF9&#13;&#10;ParentProcessGuid: {5bf681f8-6d6e-67db-da09-000000001400}&#13;&#10;ParentProcessId: 5076&#13;&#10;ParentImage: C:\Program Files (x86)\Microsoft\Edge\Application\msedge.exe&#13;&#10;ParentCommandLine: "C:\Program Files (x86)\Microsoft\Edge\Application\msedge.exe" --no-startup-window&#13;&#10;ParentUser: WINDOWSVMEDU\Admin</Message><Level>Information</Level><Task>Process Create (rule: ProcessCreate)</Task><Opcode>Info</Opcode></RenderingInfo></Event><Event xmlns='http://schemas.microsoft.com/win/2004/08/events/event'><System><Provider Name='Microsoft-Windows-Sysmon' Guid='{5770385f-c22a-43e0-bf4c-06f5698ffbd9}'/><EventID>1</EventID><Version>5</Version><Level>4</Level><Task>1</Task><Opcode>0</Opcode><Keywords>0x8000000000000000</Keywords><TimeCreated SystemTime='2025-03-20T01:28:06.0333125Z'/><EventRecordID>53979</EventRecordID><Correlation/><Execution ProcessID='3120' ThreadID='3992'/><Channel>Microsoft-Windows-Sysmon/Operational</Channel><Computer>WindowsVMEdu</Computer><Security UserID='S-1-5-18'/></System><EventData><Data Name='RuleName'>-</Data><Data Name='UtcTime'>2025-03-20 01:28:06.021</Data><Data Name='ProcessGuid'>{5bf681f8-6f26-67db-fb09-000000001400}</Data><Data Name='ProcessId'>4656</Data><Data Name='Image'>C:\Program Files (x86)\Microsoft\Edge\Application\msedge.exe</Data><Data Name='FileVersion'>134.0.3124.72</Data><Data Name='Description'>Microsoft Edge</Data><Data Name='Product'>Microsoft Edge</Data><Data Name='Company'>Microsoft Corporation</Data><Data Name='OriginalFileName'>msedge.exe</Data><Data Name='CommandLine'>"C:\Program Files (x86)\Microsoft\Edge\Application\msedge.exe" --profile-directory=Default</Data><Data Name='CurrentDirectory'>C:\Program Files (x86)\Microsoft\Edge\Application\</Data><Data Name='User'>WINDOWSVMEDU\Admin</Data><Data Name='LogonGuid'>{5bf681f8-9abd-67da-7d48-1d0000000000}</Data><Data Name='LogonId'>0x1d487d</Data><Data Name='TerminalSessionId'>1</Data><Data Name='IntegrityLevel'>Medium</Data><Data Name='Hashes'>MD5=57C9431D31F45C7BAD6D7B24156BE147,SHA256=4EBE7D3DA29564CD88A289893F63C0E156AA54416D5867661CD1071F37939561,IMPHASH=1489800E3D4E83B6EA868388D457DAF9</Data><Data Name='ParentProcessGuid'>{5bf681f8-9abf-67da-2c01-000000001400}</Data><Data Name='ParentProcessId'>6076</Data><Data Name='ParentImage'>C:\Windows\explorer.exe</Data><Data Name='ParentCommandLine'>C:\Windows\Explorer.EXE</Data><Data Name='ParentUser'>WINDOWSVMEDU\Admin</Data></EventData><RenderingInfo Culture='en-US'><Message>Process Create:&#13;&#10;RuleName: -&#13;&#10;UtcTime: 2025-03-20 01:28:06.021&#13;&#10;ProcessGuid: {5bf681f8-6f26-67db-fb09-000000001400}&#13;&#10;ProcessId: 4656&#13;&#10;Image: C:\Program Files (x86)\Microsoft\Edge\Application\msedge.exe&#13;&#10;FileVersion: 134.0.3124.72&#13;&#10;Description: Microsoft Edge&#13;&#10;Product: Microsoft Edge&#13;&#10;Company: Microsoft Corporation&#13;&#10;OriginalFileName: msedge.exe&#13;&#10;CommandLine: "C:\Program Files (x86)\Microsoft\Edge\Application\msedge.exe" --profile-directory=Default&#13;&#10;CurrentDirectory: C:\Program Files (x86)\Microsoft\Edge\Application\&#13;&#10;User: WINDOWSVMEDU\Admin&#13;&#10;LogonGuid: {5bf681f8-9abd-67da-7d48-1d0000000000}&#13;&#10;LogonId: 0x1D487D&#13;&#10;TerminalSessionId: 1&#13;&#10;IntegrityLevel: Medium&#13;&#10;Hashes: MD5=57C9431D31F45C7BAD6D7B24156BE147,SHA256=4EBE7D3DA29564CD88A289893F63C0E156AA54416D5867661CD1071F37939561,IMPHASH=1489800E3D4E83B6EA868388D457DAF9&#13;&#10;ParentProcessGuid: {5bf681f8-9abf-67da-2c01-000000001400}&#13;&#10;ParentProcessId: 6076&#13;&#10;ParentImage: C:\Windows\explorer.exe&#13;&#10;ParentCommandLine: C:\Windows\Explorer.EXE&#13;&#10;ParentUser: WINDOWSVMEDU\Admin</Message><Level>Information</Level><Task>Process Create (rule: ProcessCreate)</Task><Opcode>Info</Opcode></RenderingInfo></Event><Event xmlns='http://schemas.microsoft.com/win/2004/08/events/event'><System><Provider Name='Microsoft-Windows-Sysmon' Guid='{5770385f-c22a-43e0-bf4c-06f5698ffbd9}'/><EventID>1</EventID><Version>5</Version><Level>4</Level><Task>1</Task><Opcode>0</Opcode><Keywords>0x8000000000000000</Keywords><TimeCreated SystemTime='2025-03-20T01:28:05.8968181Z'/><EventRecordID>53978</EventRecordID><Correlation/><Execution ProcessID='3120' ThreadID='3992'/><Channel>Microsoft-Windows-Sysmon/Operational</Channel><Computer>WindowsVMEdu</Computer><Security UserID='S-1-5-18'/></System><EventData><Data Name='RuleName'>-</Data><Data Name='UtcTime'>2025-03-20 01:28:05.891</Data><Data Name='ProcessGuid'>{5bf681f8-6f25-67db-fa09-000000001400}</Data><Data Name='ProcessId'>5372</Data><Data Name='Image'>C:\Windows\System32\smartscreen.exe</Data><Data Name='FileVersion'>10.0.22621.4830 (WinBuild.160101.0800)</Data><Data Name='Description'>Windows Defender SmartScreen</Data><Data Name='Product'>Microsoft® Windows® Operating System</Data><Data Name='Company'>Microsoft Corporation</Data><Data Name='OriginalFileName'>smartscreen.exe</Data><Data Name='CommandLine'>C:\Windows\System32\smartscreen.exe -Embedding</Data><Data Name='CurrentDirectory'>C:\Windows\system32\</Data><Data Name='User'>WINDOWSVMEDU\Admin</Data><Data Name='LogonGuid'>{5bf681f8-9abd-67da-7d48-1d0000000000}</Data><Data Name='LogonId'>0x1d487d</Data><Data Name='TerminalSessionId'>1</Data><Data Name='IntegrityLevel'>Medium</Data><Data Name='Hashes'>MD5=BEB94EB25E34A10BBCF19C4BD1504EE5,SHA256=B77D2117399E074E287A5FD2B57DEDEBF329B534B25E9FC6842229F7946257B5,IMPHASH=2CD979428F6A7D556A8BFFD60C64AD9B</Data><Data Name='ParentProcessGuid'>{5bf681f8-99f2-67da-0d00-000000001400}</Data><Data Name='ParentProcessId'>944</Data><Data Name='ParentImage'>C:\Windows\System32\svchost.exe</Data><Data Name='ParentCommandLine'>C:\Windows\system32\svchost.exe -k DcomLaunch -p</Data><Data Name='ParentUser'>NT AUTHORITY\SYSTEM</Data></EventData><RenderingInfo Culture='en-US'><Message>Process Create:&#13;&#10;RuleName: -&#13;&#10;UtcTime: 2025-03-20 01:28:05.891&#13;&#10;ProcessGuid: {5bf681f8-6f25-67db-fa09-000000001400}&#13;&#10;ProcessId: 5372&#13;&#10;Image: C:\Windows\System32\smartscreen.exe&#13;&#10;FileVersion: 10.0.22621.4830 (WinBuild.160101.0800)&#13;&#10;Description: Windows Defender SmartScreen&#13;&#10;Product: Microsoft® Windows® Operating System&#13;&#10;Company: Microsoft Corporation&#13;&#10;OriginalFileName: smartscreen.exe&#13;&#10;CommandLine: C:\Windows\System32\smartscreen.exe -Embedding&#13;&#10;CurrentDirectory: C:\Windows\system32\&#13;&#10;User: WINDOWSVMEDU\Admin&#13;&#10;LogonGuid: {5bf681f8-9abd-67da-7d48-1d0000000000}&#13;&#10;LogonId: 0x1D487D&#13;&#10;TerminalSessionId: 1&#13;&#10;IntegrityLevel: Medium&#13;&#10;Hashes: MD5=BEB94EB25E34A10BBCF19C4BD1504EE5,SHA256=B77D2117399E074E287A5FD2B57DEDEBF329B534B25E9FC6842229F7946257B5,IMPHASH=2CD979428F6A7D556A8BFFD60C64AD9B&#13;&#10;ParentProcessGuid: {5bf681f8-99f2-67da-0d00-000000001400}&#13;&#10;ParentProcessId: 944&#13;&#10;ParentImage: C:\Windows\System32\svchost.exe&#13;&#10;ParentCommandLine: C:\Windows\system32\svchost.exe -k DcomLaunch -p&#13;&#10;ParentUser: NT AUTHORITY\SYSTEM</Message><Level>Information</Level><Task>Process Create (rule: ProcessCreate)</Task><Opcode>Info</Opcode></RenderingInfo></Event><Event xmlns='http://schemas.microsoft.com/win/2004/08/events/event'><System><Provider Name='Microsoft-Windows-Sysmon' Guid='{5770385f-c22a-43e0-bf4c-06f5698ffbd9}'/><EventID>3</EventID><Version>5</Version><Level>4</Level><Task>3</Task><Opcode>0</Opcode><Keywords>0x8000000000000000</Keywords><TimeCreated SystemTime='2025-03-20T01:27:55.5608437Z'/><EventRecordID>53977</EventRecordID><Correlation/><Execution ProcessID='3120' ThreadID='8784'/><Channel>Microsoft-Windows-Sysmon/Operational</Channel><Computer>WindowsVMEdu</Computer><Security UserID='S-1-5-18'/></System><EventData><Data Name='RuleName'>-</Data><Data Name='UtcTime'>2025-03-20 01:27:54.363</Data><Data Name='ProcessGuid'>{5bf681f8-6d7a-67db-ea09-000000001400}</Data><Data Name='ProcessId'>10216</Data><Data Name='Image'>C:\Windows\System32\WindowsPowerShell\v1.0\powershell.exe</Data><Data Name='User'>WINDOWSVMEDU\Admin</Data><Data Name='Protocol'>tcp</Data><Data Name='Initiated'>true</Data><Data Name='SourceIsIpv6'>false</Data><Data Name='SourceIp'>172.16.0.60</Data><Data Name='SourceHostname'>WindowsVMEdu</Data><Data Name='SourcePort'>58004</Data><Data Name='SourcePortName'>-</Data><Data Name='DestinationIsIpv6'>false</Data><Data Name='DestinationIp'>172.16.0.50</Data><Data Name='DestinationHostname'>-</Data><Data Name='DestinationPort'>8000</Data><Data Name='DestinationPortName'>-</Data></EventData><RenderingInfo Culture='en-US'><Message>Network connection detected:&#13;&#10;RuleName: -&#13;&#10;UtcTime: 2025-03-20 01:27:54.363&#13;&#10;ProcessGuid: {5bf681f8-6d7a-67db-ea09-000000001400}&#13;&#10;ProcessId: 10216&#13;&#10;Image: C:\Windows\System32\WindowsPowerShell\v1.0\powershell.exe&#13;&#10;User: WINDOWSVMEDU\Admin&#13;&#10;Protocol: tcp&#13;&#10;Initiated: true&#13;&#10;SourceIsIpv6: false&#13;&#10;SourceIp: 172.16.0.60&#13;&#10;SourceHostname: WindowsVMEdu&#13;&#10;SourcePort: 58004&#13;&#10;SourcePortName: -&#13;&#10;DestinationIsIpv6: false&#13;&#10;DestinationIp: 172.16.0.50&#13;&#10;DestinationHostname: -&#13;&#10;DestinationPort: 8000&#13;&#10;DestinationPortName: -</Message><Level>Information</Level><Task>Network connection detected (rule: NetworkConnect)</Task><Opcode>Info</Opcode></RenderingInfo></Event><Event xmlns='http://schemas.microsoft.com/win/2004/08/events/event'><System><Provider Name='Microsoft-Windows-Sysmon' Guid='{5770385f-c22a-43e0-bf4c-06f5698ffbd9}'/><EventID>1</EventID><Version>5</Version><Level>4</Level><Task>1</Task><Opcode>0</Opcode><Keywords>0x8000000000000000</Keywords><TimeCreated SystemTime='2025-03-20T01:25:46.4440494Z'/><EventRecordID>53976</EventRecordID><Correlation/><Execution ProcessID='3120' ThreadID='3992'/><Channel>Microsoft-Windows-Sysmon/Operational</Channel><Computer>WindowsVMEdu</Computer><Security UserID='S-1-5-18'/></System><EventData><Data Name='RuleName'>-</Data><Data Name='UtcTime'>2025-03-20 01:25:46.435</Data><Data Name='ProcessGuid'>{5bf681f8-6e9a-67db-f709-000000001400}</Data><Data Name='ProcessId'>4700</Data><Data Name='Image'>C:\Program Files (x86)\Microsoft\Edge\Application\msedge.exe</Data><Data Name='FileVersion'>134.0.3124.72</Data><Data Name='Description'>Microsoft Edge</Data><Data Name='Product'>Microsoft Edge</Data><Data Name='Company'>Microsoft Corporation</Data><Data Name='OriginalFileName'>msedge.exe</Data><Data Name='CommandLine'>"C:\Program Files (x86)\Microsoft\Edge\Application\msedge.exe" --type=utility --utility-sub-type=asset_store.mojom.AssetStoreService --lang=en-US --service-sandbox-type=asset_store_service --always-read-main-dll --field-trial-handle=2332,i,18056347106009274956,16308117657988434558,262144 --variations-seed-version --mojo-platform-channel-handle=2924 /prefetch:14</Data><Data Name='CurrentDirectory'>C:\Program Files (x86)\Microsoft\Edge\Application\134.0.3124.72\</Data><Data Name='User'>WINDOWSVMEDU\Admin</Data><Data Name='LogonGuid'>{5bf681f8-9abd-67da-7d48-1d0000000000}</Data><Data Name='LogonId'>0x1d487d</Data><Data Name='TerminalSessionId'>1</Data><Data Name='IntegrityLevel'>Low</Data><Data Name='Hashes'>MD5=57C9431D31F45C7BAD6D7B24156BE147,SHA256=4EBE7D3DA29564CD88A289893F63C0E156AA54416D5867661CD1071F37939561,IMPHASH=1489800E3D4E83B6EA868388D457DAF9</Data><Data Name='ParentProcessGuid'>{5bf681f8-6d6e-67db-da09-000000001400}</Data><Data Name='ParentProcessId'>5076</Data><Data Name='ParentImage'>C:\Program Files (x86)\Microsoft\Edge\Application\msedge.exe</Data><Data Name='ParentCommandLine'>"C:\Program Files (x86)\Microsoft\Edge\Application\msedge.exe" --no-startup-window</Data><Data Name='ParentUser'>WINDOWSVMEDU\Admin</Data></EventData><RenderingInfo Culture='en-US'><Message>Process Create:&#13;&#10;RuleName: -&#13;&#10;UtcTime: 2025-03-20 01:25:46.435&#13;&#10;ProcessGuid: {5bf681f8-6e9a-67db-f709-000000001400}&#13;&#10;ProcessId: 4700&#13;&#10;Image: C:\Program Files (x86)\Microsoft\Edge\Application\msedge.exe&#13;&#10;FileVersion: 134.0.3124.72&#13;&#10;Description: Microsoft Edge&#13;&#10;Product: Microsoft Edge&#13;&#10;Company: Microsoft Corporation&#13;&#10;OriginalFileName: msedge.exe&#13;&#10;CommandLine: "C:\Program Files (x86)\Microsoft\Edge\Application\msedge.exe" --type=utility --utility-sub-type=asset_store.mojom.AssetStoreService --lang=en-US --service-sandbox-type=asset_store_service --always-read-main-dll --field-trial-handle=2332,i,18056347106009274956,16308117657988434558,262144 --variations-seed-version --mojo-platform-channel-handle=2924 /prefetch:14&#13;&#10;CurrentDirectory: C:\Program Files (x86)\Microsoft\Edge\Application\134.0.3124.72\&#13;&#10;User: WINDOWSVMEDU\Admin&#13;&#10;LogonGuid: {5bf681f8-9abd-67da-7d48-1d0000000000}&#13;&#10;LogonId: 0x1D487D&#13;&#10;TerminalSessionId: 1&#13;&#10;IntegrityLevel: Low&#13;&#10;Hashes: MD5=57C9431D31F45C7BAD6D7B24156BE147,SHA256=4EBE7D3DA29564CD88A289893F63C0E156AA54416D5867661CD1071F37939561,IMPHASH=1489800E3D4E83B6EA868388D457DAF9&#13;&#10;ParentProcessGuid: {5bf681f8-6d6e-67db-da09-000000001400}&#13;&#10;ParentProcessId: 5076&#13;&#10;ParentImage: C:\Program Files (x86)\Microsoft\Edge\Application\msedge.exe&#13;&#10;ParentCommandLine: "C:\Program Files (x86)\Microsoft\Edge\Application\msedge.exe" --no-startup-window&#13;&#10;ParentUser: WINDOWSVMEDU\Admin</Message><Level>Information</Level><Task>Process Create (rule: ProcessCreate)</Task><Opcode>Info</Opcode></RenderingInfo></Event><Event xmlns='http://schemas.microsoft.com/win/2004/08/events/event'><System><Provider Name='Microsoft-Windows-Sysmon' Guid='{5770385f-c22a-43e0-bf4c-06f5698ffbd9}'/><EventID>1</EventID><Version>5</Version><Level>4</Level><Task>1</Task><Opcode>0</Opcode><Keywords>0x8000000000000000</Keywords><TimeCreated SystemTime='2025-03-20T01:23:46.4435399Z'/><EventRecordID>53975</EventRecordID><Correlation/><Execution ProcessID='3120' ThreadID='3992'/><Channel>Microsoft-Windows-Sysmon/Operational</Channel><Computer>WindowsVMEdu</Computer><Security UserID='S-1-5-18'/></System><EventData><Data Name='RuleName'>-</Data><Data Name='UtcTime'>2025-03-20 01:23:46.434</Data><Data Name='ProcessGuid'>{5bf681f8-6e22-67db-f609-000000001400}</Data><Data Name='ProcessId'>8296</Data><Data Name='Image'>C:\Program Files (x86)\Microsoft\Edge\Application\msedge.exe</Data><Data Name='FileVersion'>134.0.3124.72</Data><Data Name='Description'>Microsoft Edge</Data><Data Name='Product'>Microsoft Edge</Data><Data Name='Company'>Microsoft Corporation</Data><Data Name='OriginalFileName'>msedge.exe</Data><Data Name='CommandLine'>"C:\Program Files (x86)\Microsoft\Edge\Application\msedge.exe" --type=utility --utility-sub-type=asset_store.mojom.AssetStoreService --lang=en-US --service-sandbox-type=asset_store_service --always-read-main-dll --field-trial-handle=2332,i,18056347106009274956,16308117657988434558,262144 --variations-seed-version --mojo-platform-channel-handle=4760 /prefetch:14</Data><Data Name='CurrentDirectory'>C:\Program Files (x86)\Microsoft\Edge\Application\134.0.3124.72\</Data><Data Name='User'>WINDOWSVMEDU\Admin</Data><Data Name='LogonGuid'>{5bf681f8-9abd-67da-7d48-1d0000000000}</Data><Data Name='LogonId'>0x1d487d</Data><Data Name='TerminalSessionId'>1</Data><Data Name='IntegrityLevel'>Low</Data><Data Name='Hashes'>MD5=57C9431D31F45C7BAD6D7B24156BE147,SHA256=4EBE7D3DA29564CD88A289893F63C0E156AA54416D5867661CD1071F37939561,IMPHASH=1489800E3D4E83B6EA868388D457DAF9</Data><Data Name='ParentProcessGuid'>{5bf681f8-6d6e-67db-da09-000000001400}</Data><Data Name='ParentProcessId'>5076</Data><Data Name='ParentImage'>C:\Program Files (x86)\Microsoft\Edge\Application\msedge.exe</Data><Data Name='ParentCommandLine'>"C:\Program Files (x86)\Microsoft\Edge\Application\msedge.exe" --no-startup-window</Data><Data Name='ParentUser'>WINDOWSVMEDU\Admin</Data></EventData><RenderingInfo Culture='en-US'><Message>Process Create:&#13;&#10;RuleName: -&#13;&#10;UtcTime: 2025-03-20 01:23:46.434&#13;&#10;ProcessGuid: {5bf681f8-6e22-67db-f609-000000001400}&#13;&#10;ProcessId: 8296&#13;&#10;Image: C:\Program Files (x86)\Microsoft\Edge\Application\msedge.exe&#13;&#10;FileVersion: 134.0.3124.72&#13;&#10;Description: Microsoft Edge&#13;&#10;Product: Microsoft Edge&#13;&#10;Company: Microsoft Corporation&#13;&#10;OriginalFileName: msedge.exe&#13;&#10;CommandLine: "C:\Program Files (x86)\Microsoft\Edge\Application\msedge.exe" --type=utility --utility-sub-type=asset_store.mojom.AssetStoreService --lang=en-US --service-sandbox-type=asset_store_service --always-read-main-dll --field-trial-handle=2332,i,18056347106009274956,16308117657988434558,262144 --variations-seed-version --mojo-platform-channel-handle=4760 /prefetch:14&#13;&#10;CurrentDirectory: C:\Program Files (x86)\Microsoft\Edge\Application\134.0.3124.72\&#13;&#10;User: WINDOWSVMEDU\Admin&#13;&#10;LogonGuid: {5bf681f8-9abd-67da-7d48-1d0000000000}&#13;&#10;LogonId: 0x1D487D&#13;&#10;TerminalSessionId: 1&#13;&#10;IntegrityLevel: Low&#13;&#10;Hashes: MD5=57C9431D31F45C7BAD6D7B24156BE147,SHA256=4EBE7D3DA29564CD88A289893F63C0E156AA54416D5867661CD1071F37939561,IMPHASH=1489800E3D4E83B6EA868388D457DAF9&#13;&#10;ParentProcessGuid: {5bf681f8-6d6e-67db-da09-000000001400}&#13;&#10;ParentProcessId: 5076&#13;&#10;ParentImage: C:\Program Files (x86)\Microsoft\Edge\Application\msedge.exe&#13;&#10;ParentCommandLine: "C:\Program Files (x86)\Microsoft\Edge\Application\msedge.exe" --no-startup-window&#13;&#10;ParentUser: WINDOWSVMEDU\Admin</Message><Level>Information</Level><Task>Process Create (rule: ProcessCreate)</Task><Opcode>Info</Opcode></RenderingInfo></Event><Event xmlns='http://schemas.microsoft.com/win/2004/08/events/event'><System><Provider Name='Microsoft-Windows-Sysmon' Guid='{5770385f-c22a-43e0-bf4c-06f5698ffbd9}'/><EventID>1</EventID><Version>5</Version><Level>4</Level><Task>1</Task><Opcode>0</Opcode><Keywords>0x8000000000000000</Keywords><TimeCreated SystemTime='2025-03-20T01:22:46.2977887Z'/><EventRecordID>53974</EventRecordID><Correlation/><Execution ProcessID='3120' ThreadID='3992'/><Channel>Microsoft-Windows-Sysmon/Operational</Channel><Computer>WindowsVMEdu</Computer><Security UserID='S-1-5-18'/></System><EventData><Data Name='RuleName'>-</Data><Data Name='UtcTime'>2025-03-20 01:22:46.287</Data><Data Name='ProcessGuid'>{5bf681f8-6de6-67db-f509-000000001400}</Data><Data Name='ProcessId'>264</Data><Data Name='Image'>C:\Program Files (x86)\Microsoft\Edge\Application\msedge.exe</Data><Data Name='FileVersion'>134.0.3124.72</Data><Data Name='Description'>Microsoft Edge</Data><Data Name='Product'>Microsoft Edge</Data><Data Name='Company'>Microsoft Corporation</Data><Data Name='OriginalFileName'>msedge.exe</Data><Data Name='CommandLine'>"C:\Program Files (x86)\Microsoft\Edge\Application\msedge.exe" --type=gpu-process --disable-gpu-sandbox --use-gl=disabled --gpu-vendor-id=5140 --gpu-device-id=140 --gpu-sub-system-id=0 --gpu-revision=0 --gpu-driver-version=10.0.22621.4974 --gpu-preferences=UAAAAAAAAADoAAAEAAAAAAAAAAAAAAAAAABgAAEAAAAAAAAAAAAAAAAAAABCAAAAAAAAAAAAAAAAAAAAAAAAABAAAAAAAAAAEAAAAAAAAAAIAAAAAAAAAAgAAAAAAAAA --always-read-main-dll --field-trial-handle=2332,i,18056347106009274956,16308117657988434558,262144 --variations-seed-version --mojo-platform-channel-handle=4840 /prefetch:10</Data><Data Name='CurrentDirectory'>C:\Program Files (x86)\Microsoft\Edge\Application\134.0.3124.72\</Data><Data Name='User'>WINDOWSVMEDU\Admin</Data><Data Name='LogonGuid'>{5bf681f8-9abd-67da-7d48-1d0000000000}</Data><Data Name='LogonId'>0x1d487d</Data><Data Name='TerminalSessionId'>1</Data><Data Name='IntegrityLevel'>Medium</Data><Data Name='Hashes'>MD5=57C9431D31F45C7BAD6D7B24156BE147,SHA256=4EBE7D3DA29564CD88A289893F63C0E156AA54416D5867661CD1071F37939561,IMPHASH=1489800E3D4E83B6EA868388D457DAF9</Data><Data Name='ParentProcessGuid'>{5bf681f8-6d6e-67db-da09-000000001400}</Data><Data Name='ParentProcessId'>5076</Data><Data Name='ParentImage'>C:\Program Files (x86)\Microsoft\Edge\Application\msedge.exe</Data><Data Name='ParentCommandLine'>"C:\Program Files (x86)\Microsoft\Edge\Application\msedge.exe" --no-startup-window</Data><Data Name='ParentUser'>WINDOWSVMEDU\Admin</Data></EventData><RenderingInfo Culture='en-US'><Message>Process Create:&#13;&#10;RuleName: -&#13;&#10;UtcTime: 2025-03-20 01:22:46.287&#13;&#10;ProcessGuid: {5bf681f8-6de6-67db-f509-000000001400}&#13;&#10;ProcessId: 264&#13;&#10;Image: C:\Program Files (x86)\Microsoft\Edge\Application\msedge.exe&#13;&#10;FileVersion: 134.0.3124.72&#13;&#10;Description: Microsoft Edge&#13;&#10;Product: Microsoft Edge&#13;&#10;Company: Microsoft Corporation&#13;&#10;OriginalFileName: msedge.exe&#13;&#10;CommandLine: "C:\Program Files (x86)\Microsoft\Edge\Application\msedge.exe" --type=gpu-process --disable-gpu-sandbox --use-gl=disabled --gpu-vendor-id=5140 --gpu-device-id=140 --gpu-sub-system-id=0 --gpu-revision=0 --gpu-driver-version=10.0.22621.4974 --gpu-preferences=UAAAAAAAAADoAAAEAAAAAAAAAAAAAAAAAABgAAEAAAAAAAAAAAAAAAAAAABCAAAAAAAAAAAAAAAAAAAAAAAAABAAAAAAAAAAEAAAAAAAAAAIAAAAAAAAAAgAAAAAAAAA --always-read-main-dll --field-trial-handle=2332,i,18056347106009274956,16308117657988434558,262144 --variations-seed-version --mojo-platform-channel-handle=4840 /prefetch:10&#13;&#10;CurrentDirectory: C:\Program Files (x86)\Microsoft\Edge\Application\134.0.3124.72\&#13;&#10;User: WINDOWSVMEDU\Admin&#13;&#10;LogonGuid: {5bf681f8-9abd-67da-7d48-1d0000000000}&#13;&#10;LogonId: 0x1D487D&#13;&#10;TerminalSessionId: 1&#13;&#10;IntegrityLevel: Medium&#13;&#10;Hashes: MD5=57C9431D31F45C7BAD6D7B24156BE147,SHA256=4EBE7D3DA29564CD88A289893F63C0E156AA54416D5867661CD1071F37939561,IMPHASH=1489800E3D4E83B6EA868388D457DAF9&#13;&#10;ParentProcessGuid: {5bf681f8-6d6e-67db-da09-000000001400}&#13;&#10;ParentProcessId: 5076&#13;&#10;ParentImage: C:\Program Files (x86)\Microsoft\Edge\Application\msedge.exe&#13;&#10;ParentCommandLine: "C:\Program Files (x86)\Microsoft\Edge\Application\msedge.exe" --no-startup-window&#13;&#10;ParentUser: WINDOWSVMEDU\Admin</Message><Level>Information</Level><Task>Process Create (rule: ProcessCreate)</Task><Opcode>Info</Opcode></RenderingInfo></Event><Event xmlns='http://schemas.microsoft.com/win/2004/08/events/event'><System><Provider Name='Microsoft-Windows-Sysmon' Guid='{5770385f-c22a-43e0-bf4c-06f5698ffbd9}'/><EventID>22</EventID><Version>5</Version><Level>4</Level><Task>22</Task><Opcode>0</Opcode><Keywords>0x8000000000000000</Keywords><TimeCreated SystemTime='2025-03-20T01:21:50.3325362Z'/><EventRecordID>53973</EventRecordID><Correlation/><Execution ProcessID='3120' ThreadID='5308'/><Channel>Microsoft-Windows-Sysmon/Operational</Channel><Computer>WindowsVMEdu</Computer><Security UserID='S-1-5-18'/></System><EventData><Data Name='RuleName'>-</Data><Data Name='UtcTime'>2025-03-20 01:21:49.349</Data><Data Name='ProcessGuid'>{5bf681f8-6d6e-67db-dd09-000000001400}</Data><Data Name='ProcessId'>4780</Data><Data Name='QueryName'>static.edge.microsoftapp.net</Data><Data Name='QueryStatus'>1460</Data><Data Name='QueryResults'>-</Data><Data Name='Image'>C:\Program Files (x86)\Microsoft\Edge\Application\msedge.exe</Data><Data Name='User'>WINDOWSVMEDU\Admin</Data></EventData><RenderingInfo Culture='en-US'><Message>Dns query:&#13;&#10;RuleName: -&#13;&#10;UtcTime: 2025-03-20 01:21:49.349&#13;&#10;ProcessGuid: {5bf681f8-6d6e-67db-dd09-000000001400}&#13;&#10;ProcessId: 4780&#13;&#10;QueryName: static.edge.microsoftapp.net&#13;&#10;QueryStatus: 1460&#13;&#10;QueryResults: -&#13;&#10;Image: C:\Program Files (x86)\Microsoft\Edge\Application\msedge.exe&#13;&#10;User: WINDOWSVMEDU\Admin</Message><Level>Information</Level><Task>Dns query (rule: DnsQuery)</Task><Opcode>Info</Opcode></RenderingInfo></Event><Event xmlns='http://schemas.microsoft.com/win/2004/08/events/event'><System><Provider Name='Microsoft-Windows-Sysmon' Guid='{5770385f-c22a-43e0-bf4c-06f5698ffbd9}'/><EventID>3</EventID><Version>5</Version><Level>4</Level><Task>3</Task><Opcode>0</Opcode><Keywords>0x8000000000000000</Keywords><TimeCreated SystemTime='2025-03-20T01:21:37.1575465Z'/><EventRecordID>53972</EventRecordID><Correlation/><Execution ProcessID='3120' ThreadID='8784'/><Channel>Microsoft-Windows-Sysmon/Operational</Channel><Computer>WindowsVMEdu</Computer><Security UserID='S-1-5-18'/></System><EventData><Data Name='RuleName'>SSH</Data><Data Name='UtcTime'>2025-03-20 01:21:35.419</Data><Data Name='ProcessGuid'>{5bf681f8-6d9f-67db-f409-000000001400}</Data><Data Name='ProcessId'>9676</Data><Data Name='Image'>C:\Windows\System32\OpenSSH\ssh.exe</Data><Data Name='User'>WINDOWSVMEDU\Admin</Data><Data Name='Protocol'>tcp</Data><Data Name='Initiated'>true</Data><Data Name='SourceIsIpv6'>false</Data><Data Name='SourceIp'>172.16.0.60</Data><Data Name='SourceHostname'>WindowsVMEdu</Data><Data Name='SourcePort'>58003</Data><Data Name='SourcePortName'>-</Data><Data Name='DestinationIsIpv6'>false</Data><Data Name='DestinationIp'>172.16.0.50</Data><Data Name='DestinationHostname'>-</Data><Data Name='DestinationPort'>22</Data><Data Name='DestinationPortName'>ssh</Data></EventData><RenderingInfo Culture='en-US'><Message>Network connection detected:&#13;&#10;RuleName: SSH&#13;&#10;UtcTime: 2025-03-20 01:21:35.419&#13;&#10;ProcessGuid: {5bf681f8-6d9f-67db-f409-000000001400}&#13;&#10;ProcessId: 9676&#13;&#10;Image: C:\Windows\System32\OpenSSH\ssh.exe&#13;&#10;User: WINDOWSVMEDU\Admin&#13;&#10;Protocol: tcp&#13;&#10;Initiated: true&#13;&#10;SourceIsIpv6: false&#13;&#10;SourceIp: 172.16.0.60&#13;&#10;SourceHostname: WindowsVMEdu&#13;&#10;SourcePort: 58003&#13;&#10;SourcePortName: -&#13;&#10;DestinationIsIpv6: false&#13;&#10;DestinationIp: 172.16.0.50&#13;&#10;DestinationHostname: -&#13;&#10;DestinationPort: 22&#13;&#10;DestinationPortName: ssh</Message><Level>Information</Level><Task>Network connection detected (rule: NetworkConnect)</Task><Opcode>Info</Opcode></RenderingInfo></Event><Event xmlns='http://schemas.microsoft.com/win/2004/08/events/event'><System><Provider Name='Microsoft-Windows-Sysmon' Guid='{5770385f-c22a-43e0-bf4c-06f5698ffbd9}'/><EventID>1</EventID><Version>5</Version><Level>4</Level><Task>1</Task><Opcode>0</Opcode><Keywords>0x8000000000000000</Keywords><TimeCreated SystemTime='2025-03-20T01:21:35.3556604Z'/><EventRecordID>53971</EventRecordID><Correlation/><Execution ProcessID='3120' ThreadID='3992'/><Channel>Microsoft-Windows-Sysmon/Operational</Channel><Computer>WindowsVMEdu</Computer><Security UserID='S-1-5-18'/></System><EventData><Data Name='RuleName'>-</Data><Data Name='UtcTime'>2025-03-20 01:21:35.346</Data><Data Name='ProcessGuid'>{5bf681f8-6d9f-67db-f409-000000001400}</Data><Data Name='ProcessId'>9676</Data><Data Name='Image'>C:\Windows\System32\OpenSSH\ssh.exe</Data><Data Name='FileVersion'>9.5.3.1</Data><Data Name='Description'>-</Data><Data Name='Product'>OpenSSH for Windows</Data><Data Name='Company'>-</Data><Data Name='OriginalFileName'>-</Data><Data Name='CommandLine'>"C:\Windows\System32\OpenSSH\ssh.exe" "-oForwardX11 no" "-oPermitLocalCommand no" "-oClearAllForwardings yes" "-oForwardAgent no" -l vm113 -s -- 172.16.0.50 sftp</Data><Data Name='CurrentDirectory'>C:\Users\Admin\Desktop\</Data><Data Name='User'>WINDOWSVMEDU\Admin</Data><Data Name='LogonGuid'>{5bf681f8-9abd-67da-4748-1d0000000000}</Data><Data Name='LogonId'>0x1d4847</Data><Data Name='TerminalSessionId'>1</Data><Data Name='IntegrityLevel'>High</Data><Data Name='Hashes'>MD5=DE52A4037ADF3622CC358DD2200745C2,SHA256=3A1DC12F5561DE1D7091A132B7AD4337EE065DA497F4B54BF9838C9038686FB9,IMPHASH=977EB4C263D384E47DAA0712D34713AB</Data><Data Name='ParentProcessGuid'>{5bf681f8-6d9f-67db-f309-000000001400}</Data><Data Name='ParentProcessId'>10128</Data><Data Name='ParentImage'>C:\Windows\System32\OpenSSH\sftp.exe</Data><Data Name='ParentCommandLine'>"C:\Windows\System32\OpenSSH\sftp.exe" vm113@172.16.0.50</Data><Data Name='ParentUser'>WINDOWSVMEDU\Admin</Data></EventData><RenderingInfo Culture='en-US'><Message>Process Create:&#13;&#10;RuleName: -&#13;&#10;UtcTime: 2025-03-20 01:21:35.346&#13;&#10;ProcessGuid: {5bf681f8-6d9f-67db-f409-000000001400}&#13;&#10;ProcessId: 9676&#13;&#10;Image: C:\Windows\System32\OpenSSH\ssh.exe&#13;&#10;FileVersion: 9.5.3.1&#13;&#10;Description: -&#13;&#10;Product: OpenSSH for Windows&#13;&#10;Company: -&#13;&#10;OriginalFileName: -&#13;&#10;CommandLine: "C:\Windows\System32\OpenSSH\ssh.exe" "-oForwardX11 no" "-oPermitLocalCommand no" "-oClearAllForwardings yes" "-oForwardAgent no" -l vm113 -s -- 172.16.0.50 sftp&#13;&#10;CurrentDirectory: C:\Users\Admin\Desktop\&#13;&#10;User: WINDOWSVMEDU\Admin&#13;&#10;LogonGuid: {5bf681f8-9abd-67da-4748-1d0000000000}&#13;&#10;LogonId: 0x1D4847&#13;&#10;TerminalSessionId: 1&#13;&#10;IntegrityLevel: High&#13;&#10;Hashes: MD5=DE52A4037ADF3622CC358DD2200745C2,SHA256=3A1DC12F5561DE1D7091A132B7AD4337EE065DA497F4B54BF9838C9038686FB9,IMPHASH=977EB4C263D384E47DAA0712D34713AB&#13;&#10;ParentProcessGuid: {5bf681f8-6d9f-67db-f309-000000001400}&#13;&#10;ParentProcessId: 10128&#13;&#10;ParentImage: C:\Windows\System32\OpenSSH\sftp.exe&#13;&#10;ParentCommandLine: "C:\Windows\System32\OpenSSH\sftp.exe" vm113@172.16.0.50&#13;&#10;ParentUser: WINDOWSVMEDU\Admin</Message><Level>Information</Level><Task>Process Create (rule: ProcessCreate)</Task><Opcode>Info</Opcode></RenderingInfo></Event>